ARM GAS  /tmp/ccqaXObY.s 			page 1


   1              		.cpu cortex-m3
   2              		.eabi_attribute 20, 1
   3              		.eabi_attribute 21, 1
   4              		.eabi_attribute 23, 3
   5              		.eabi_attribute 24, 1
   6              		.eabi_attribute 25, 1
   7              		.eabi_attribute 26, 1
   8              		.eabi_attribute 30, 1
   9              		.eabi_attribute 34, 1
  10              		.eabi_attribute 18, 4
  11              		.file	"stm32f1xx_hal_exti.c"
  12              		.text
  13              	.Ltext0:
  14              		.cfi_sections	.debug_frame
  15              		.section	.text.HAL_EXTI_SetConfigLine,"ax",%progbits
  16              		.align	1
  17              		.global	HAL_EXTI_SetConfigLine
  18              		.arch armv7-m
  19              		.syntax unified
  20              		.thumb
  21              		.thumb_func
  22              		.fpu softvfp
  24              	HAL_EXTI_SetConfigLine:
  25              	.LVL0:
  26              	.LFB65:
  27              		.file 1 "Drivers/STM32F1xx_HAL_Driver/Src/stm32f1xx_hal_exti.c"
   1:Drivers/STM32F1xx_HAL_Driver/Src/stm32f1xx_hal_exti.c **** /**
   2:Drivers/STM32F1xx_HAL_Driver/Src/stm32f1xx_hal_exti.c ****   ******************************************************************************
   3:Drivers/STM32F1xx_HAL_Driver/Src/stm32f1xx_hal_exti.c ****   * @file    stm32f1xx_hal_exti.c
   4:Drivers/STM32F1xx_HAL_Driver/Src/stm32f1xx_hal_exti.c ****   * @author  MCD Application Team
   5:Drivers/STM32F1xx_HAL_Driver/Src/stm32f1xx_hal_exti.c ****   * @brief   EXTI HAL module driver.
   6:Drivers/STM32F1xx_HAL_Driver/Src/stm32f1xx_hal_exti.c ****   *          This file provides firmware functions to manage the following
   7:Drivers/STM32F1xx_HAL_Driver/Src/stm32f1xx_hal_exti.c ****   *          functionalities of the Extended Interrupts and events controller (EXTI) peripheral:
   8:Drivers/STM32F1xx_HAL_Driver/Src/stm32f1xx_hal_exti.c ****   *           + Initialization and de-initialization functions
   9:Drivers/STM32F1xx_HAL_Driver/Src/stm32f1xx_hal_exti.c ****   *           + IO operation functions
  10:Drivers/STM32F1xx_HAL_Driver/Src/stm32f1xx_hal_exti.c ****   *
  11:Drivers/STM32F1xx_HAL_Driver/Src/stm32f1xx_hal_exti.c ****   @verbatim
  12:Drivers/STM32F1xx_HAL_Driver/Src/stm32f1xx_hal_exti.c ****   ==============================================================================
  13:Drivers/STM32F1xx_HAL_Driver/Src/stm32f1xx_hal_exti.c ****                     ##### EXTI Peripheral features #####
  14:Drivers/STM32F1xx_HAL_Driver/Src/stm32f1xx_hal_exti.c ****   ==============================================================================
  15:Drivers/STM32F1xx_HAL_Driver/Src/stm32f1xx_hal_exti.c ****   [..]
  16:Drivers/STM32F1xx_HAL_Driver/Src/stm32f1xx_hal_exti.c ****     (+) Each Exti line can be configured within this driver.
  17:Drivers/STM32F1xx_HAL_Driver/Src/stm32f1xx_hal_exti.c **** 
  18:Drivers/STM32F1xx_HAL_Driver/Src/stm32f1xx_hal_exti.c ****     (+) Exti line can be configured in 3 different modes
  19:Drivers/STM32F1xx_HAL_Driver/Src/stm32f1xx_hal_exti.c ****         (++) Interrupt
  20:Drivers/STM32F1xx_HAL_Driver/Src/stm32f1xx_hal_exti.c ****         (++) Event
  21:Drivers/STM32F1xx_HAL_Driver/Src/stm32f1xx_hal_exti.c ****         (++) Both of them
  22:Drivers/STM32F1xx_HAL_Driver/Src/stm32f1xx_hal_exti.c **** 
  23:Drivers/STM32F1xx_HAL_Driver/Src/stm32f1xx_hal_exti.c ****     (+) Configurable Exti lines can be configured with 3 different triggers
  24:Drivers/STM32F1xx_HAL_Driver/Src/stm32f1xx_hal_exti.c ****         (++) Rising
  25:Drivers/STM32F1xx_HAL_Driver/Src/stm32f1xx_hal_exti.c ****         (++) Falling
  26:Drivers/STM32F1xx_HAL_Driver/Src/stm32f1xx_hal_exti.c ****         (++) Both of them
  27:Drivers/STM32F1xx_HAL_Driver/Src/stm32f1xx_hal_exti.c **** 
  28:Drivers/STM32F1xx_HAL_Driver/Src/stm32f1xx_hal_exti.c ****     (+) When set in interrupt mode, configurable Exti lines have two different
  29:Drivers/STM32F1xx_HAL_Driver/Src/stm32f1xx_hal_exti.c ****         interrupts pending registers which allow to distinguish which transition
  30:Drivers/STM32F1xx_HAL_Driver/Src/stm32f1xx_hal_exti.c ****         occurs:
  31:Drivers/STM32F1xx_HAL_Driver/Src/stm32f1xx_hal_exti.c ****         (++) Rising edge pending interrupt
ARM GAS  /tmp/ccqaXObY.s 			page 2


  32:Drivers/STM32F1xx_HAL_Driver/Src/stm32f1xx_hal_exti.c ****         (++) Falling
  33:Drivers/STM32F1xx_HAL_Driver/Src/stm32f1xx_hal_exti.c **** 
  34:Drivers/STM32F1xx_HAL_Driver/Src/stm32f1xx_hal_exti.c ****     (+) Exti lines 0 to 15 are linked to gpio pin number 0 to 15. Gpio port can
  35:Drivers/STM32F1xx_HAL_Driver/Src/stm32f1xx_hal_exti.c ****         be selected through multiplexer.
  36:Drivers/STM32F1xx_HAL_Driver/Src/stm32f1xx_hal_exti.c **** 
  37:Drivers/STM32F1xx_HAL_Driver/Src/stm32f1xx_hal_exti.c ****                      ##### How to use this driver #####
  38:Drivers/STM32F1xx_HAL_Driver/Src/stm32f1xx_hal_exti.c ****   ==============================================================================
  39:Drivers/STM32F1xx_HAL_Driver/Src/stm32f1xx_hal_exti.c ****   [..]
  40:Drivers/STM32F1xx_HAL_Driver/Src/stm32f1xx_hal_exti.c **** 
  41:Drivers/STM32F1xx_HAL_Driver/Src/stm32f1xx_hal_exti.c ****     (#) Configure the EXTI line using HAL_EXTI_SetConfigLine().
  42:Drivers/STM32F1xx_HAL_Driver/Src/stm32f1xx_hal_exti.c ****         (++) Choose the interrupt line number by setting "Line" member from
  43:Drivers/STM32F1xx_HAL_Driver/Src/stm32f1xx_hal_exti.c ****              EXTI_ConfigTypeDef structure.
  44:Drivers/STM32F1xx_HAL_Driver/Src/stm32f1xx_hal_exti.c ****         (++) Configure the interrupt and/or event mode using "Mode" member from
  45:Drivers/STM32F1xx_HAL_Driver/Src/stm32f1xx_hal_exti.c ****              EXTI_ConfigTypeDef structure.
  46:Drivers/STM32F1xx_HAL_Driver/Src/stm32f1xx_hal_exti.c ****         (++) For configurable lines, configure rising and/or falling trigger
  47:Drivers/STM32F1xx_HAL_Driver/Src/stm32f1xx_hal_exti.c ****              "Trigger" member from EXTI_ConfigTypeDef structure.
  48:Drivers/STM32F1xx_HAL_Driver/Src/stm32f1xx_hal_exti.c ****         (++) For Exti lines linked to gpio, choose gpio port using "GPIOSel"
  49:Drivers/STM32F1xx_HAL_Driver/Src/stm32f1xx_hal_exti.c ****              member from GPIO_InitTypeDef structure.
  50:Drivers/STM32F1xx_HAL_Driver/Src/stm32f1xx_hal_exti.c **** 
  51:Drivers/STM32F1xx_HAL_Driver/Src/stm32f1xx_hal_exti.c ****     (#) Get current Exti configuration of a dedicated line using
  52:Drivers/STM32F1xx_HAL_Driver/Src/stm32f1xx_hal_exti.c ****         HAL_EXTI_GetConfigLine().
  53:Drivers/STM32F1xx_HAL_Driver/Src/stm32f1xx_hal_exti.c ****         (++) Provide exiting handle as parameter.
  54:Drivers/STM32F1xx_HAL_Driver/Src/stm32f1xx_hal_exti.c ****         (++) Provide pointer on EXTI_ConfigTypeDef structure as second parameter.
  55:Drivers/STM32F1xx_HAL_Driver/Src/stm32f1xx_hal_exti.c **** 
  56:Drivers/STM32F1xx_HAL_Driver/Src/stm32f1xx_hal_exti.c ****     (#) Clear Exti configuration of a dedicated line using HAL_EXTI_GetConfigLine().
  57:Drivers/STM32F1xx_HAL_Driver/Src/stm32f1xx_hal_exti.c ****         (++) Provide exiting handle as parameter.
  58:Drivers/STM32F1xx_HAL_Driver/Src/stm32f1xx_hal_exti.c **** 
  59:Drivers/STM32F1xx_HAL_Driver/Src/stm32f1xx_hal_exti.c ****     (#) Register callback to treat Exti interrupts using HAL_EXTI_RegisterCallback().
  60:Drivers/STM32F1xx_HAL_Driver/Src/stm32f1xx_hal_exti.c ****         (++) Provide exiting handle as first parameter.
  61:Drivers/STM32F1xx_HAL_Driver/Src/stm32f1xx_hal_exti.c ****         (++) Provide which callback will be registered using one value from
  62:Drivers/STM32F1xx_HAL_Driver/Src/stm32f1xx_hal_exti.c ****              EXTI_CallbackIDTypeDef.
  63:Drivers/STM32F1xx_HAL_Driver/Src/stm32f1xx_hal_exti.c ****         (++) Provide callback function pointer.
  64:Drivers/STM32F1xx_HAL_Driver/Src/stm32f1xx_hal_exti.c **** 
  65:Drivers/STM32F1xx_HAL_Driver/Src/stm32f1xx_hal_exti.c ****     (#) Get interrupt pending bit using HAL_EXTI_GetPending().
  66:Drivers/STM32F1xx_HAL_Driver/Src/stm32f1xx_hal_exti.c **** 
  67:Drivers/STM32F1xx_HAL_Driver/Src/stm32f1xx_hal_exti.c ****     (#) Clear interrupt pending bit using HAL_EXTI_GetPending().
  68:Drivers/STM32F1xx_HAL_Driver/Src/stm32f1xx_hal_exti.c **** 
  69:Drivers/STM32F1xx_HAL_Driver/Src/stm32f1xx_hal_exti.c ****     (#) Generate software interrupt using HAL_EXTI_GenerateSWI().
  70:Drivers/STM32F1xx_HAL_Driver/Src/stm32f1xx_hal_exti.c **** 
  71:Drivers/STM32F1xx_HAL_Driver/Src/stm32f1xx_hal_exti.c ****   @endverbatim
  72:Drivers/STM32F1xx_HAL_Driver/Src/stm32f1xx_hal_exti.c ****   ******************************************************************************
  73:Drivers/STM32F1xx_HAL_Driver/Src/stm32f1xx_hal_exti.c ****   * @attention
  74:Drivers/STM32F1xx_HAL_Driver/Src/stm32f1xx_hal_exti.c ****   *
  75:Drivers/STM32F1xx_HAL_Driver/Src/stm32f1xx_hal_exti.c ****   * <h2><center>&copy; Copyright (c) 2019 STMicroelectronics.
  76:Drivers/STM32F1xx_HAL_Driver/Src/stm32f1xx_hal_exti.c ****   * All rights reserved.</center></h2>
  77:Drivers/STM32F1xx_HAL_Driver/Src/stm32f1xx_hal_exti.c ****   *
  78:Drivers/STM32F1xx_HAL_Driver/Src/stm32f1xx_hal_exti.c ****   * This software component is licensed by ST under BSD 3-Clause license,
  79:Drivers/STM32F1xx_HAL_Driver/Src/stm32f1xx_hal_exti.c ****   * the "License"; You may not use this file except in compliance with the
  80:Drivers/STM32F1xx_HAL_Driver/Src/stm32f1xx_hal_exti.c ****   * License. You may obtain a copy of the License at:
  81:Drivers/STM32F1xx_HAL_Driver/Src/stm32f1xx_hal_exti.c ****   *                        opensource.org/licenses/BSD-3-Clause
  82:Drivers/STM32F1xx_HAL_Driver/Src/stm32f1xx_hal_exti.c ****   *
  83:Drivers/STM32F1xx_HAL_Driver/Src/stm32f1xx_hal_exti.c ****   ******************************************************************************
  84:Drivers/STM32F1xx_HAL_Driver/Src/stm32f1xx_hal_exti.c ****   */
  85:Drivers/STM32F1xx_HAL_Driver/Src/stm32f1xx_hal_exti.c **** 
  86:Drivers/STM32F1xx_HAL_Driver/Src/stm32f1xx_hal_exti.c **** /* Includes ------------------------------------------------------------------*/
  87:Drivers/STM32F1xx_HAL_Driver/Src/stm32f1xx_hal_exti.c **** #include "stm32f1xx_hal.h"
  88:Drivers/STM32F1xx_HAL_Driver/Src/stm32f1xx_hal_exti.c **** 
ARM GAS  /tmp/ccqaXObY.s 			page 3


  89:Drivers/STM32F1xx_HAL_Driver/Src/stm32f1xx_hal_exti.c **** /** @addtogroup STM32F1xx_HAL_Driver
  90:Drivers/STM32F1xx_HAL_Driver/Src/stm32f1xx_hal_exti.c ****   * @{
  91:Drivers/STM32F1xx_HAL_Driver/Src/stm32f1xx_hal_exti.c ****   */
  92:Drivers/STM32F1xx_HAL_Driver/Src/stm32f1xx_hal_exti.c **** 
  93:Drivers/STM32F1xx_HAL_Driver/Src/stm32f1xx_hal_exti.c **** /** @addtogroup EXTI
  94:Drivers/STM32F1xx_HAL_Driver/Src/stm32f1xx_hal_exti.c ****   * @{
  95:Drivers/STM32F1xx_HAL_Driver/Src/stm32f1xx_hal_exti.c ****   */
  96:Drivers/STM32F1xx_HAL_Driver/Src/stm32f1xx_hal_exti.c **** /** MISRA C:2012 deviation rule has been granted for following rule:
  97:Drivers/STM32F1xx_HAL_Driver/Src/stm32f1xx_hal_exti.c ****   * Rule-18.1_b - Medium: Array `EXTICR' 1st subscript interval [0,7] may be out
  98:Drivers/STM32F1xx_HAL_Driver/Src/stm32f1xx_hal_exti.c ****   * of bounds [0,3] in following API :
  99:Drivers/STM32F1xx_HAL_Driver/Src/stm32f1xx_hal_exti.c ****   * HAL_EXTI_SetConfigLine
 100:Drivers/STM32F1xx_HAL_Driver/Src/stm32f1xx_hal_exti.c ****   * HAL_EXTI_GetConfigLine
 101:Drivers/STM32F1xx_HAL_Driver/Src/stm32f1xx_hal_exti.c ****   * HAL_EXTI_ClearConfigLine
 102:Drivers/STM32F1xx_HAL_Driver/Src/stm32f1xx_hal_exti.c ****   */
 103:Drivers/STM32F1xx_HAL_Driver/Src/stm32f1xx_hal_exti.c **** 
 104:Drivers/STM32F1xx_HAL_Driver/Src/stm32f1xx_hal_exti.c **** #ifdef HAL_EXTI_MODULE_ENABLED
 105:Drivers/STM32F1xx_HAL_Driver/Src/stm32f1xx_hal_exti.c **** 
 106:Drivers/STM32F1xx_HAL_Driver/Src/stm32f1xx_hal_exti.c **** /* Private typedef -----------------------------------------------------------*/
 107:Drivers/STM32F1xx_HAL_Driver/Src/stm32f1xx_hal_exti.c **** /* Private defines -----------------------------------------------------------*/
 108:Drivers/STM32F1xx_HAL_Driver/Src/stm32f1xx_hal_exti.c **** /** @defgroup EXTI_Private_Constants EXTI Private Constants
 109:Drivers/STM32F1xx_HAL_Driver/Src/stm32f1xx_hal_exti.c ****   * @{
 110:Drivers/STM32F1xx_HAL_Driver/Src/stm32f1xx_hal_exti.c ****   */
 111:Drivers/STM32F1xx_HAL_Driver/Src/stm32f1xx_hal_exti.c **** 
 112:Drivers/STM32F1xx_HAL_Driver/Src/stm32f1xx_hal_exti.c **** /**
 113:Drivers/STM32F1xx_HAL_Driver/Src/stm32f1xx_hal_exti.c ****   * @}
 114:Drivers/STM32F1xx_HAL_Driver/Src/stm32f1xx_hal_exti.c ****   */
 115:Drivers/STM32F1xx_HAL_Driver/Src/stm32f1xx_hal_exti.c **** 
 116:Drivers/STM32F1xx_HAL_Driver/Src/stm32f1xx_hal_exti.c **** /* Private macros ------------------------------------------------------------*/
 117:Drivers/STM32F1xx_HAL_Driver/Src/stm32f1xx_hal_exti.c **** /* Private variables ---------------------------------------------------------*/
 118:Drivers/STM32F1xx_HAL_Driver/Src/stm32f1xx_hal_exti.c **** /* Private function prototypes -----------------------------------------------*/
 119:Drivers/STM32F1xx_HAL_Driver/Src/stm32f1xx_hal_exti.c **** /* Exported functions --------------------------------------------------------*/
 120:Drivers/STM32F1xx_HAL_Driver/Src/stm32f1xx_hal_exti.c **** 
 121:Drivers/STM32F1xx_HAL_Driver/Src/stm32f1xx_hal_exti.c **** /** @addtogroup EXTI_Exported_Functions
 122:Drivers/STM32F1xx_HAL_Driver/Src/stm32f1xx_hal_exti.c ****   * @{
 123:Drivers/STM32F1xx_HAL_Driver/Src/stm32f1xx_hal_exti.c ****   */
 124:Drivers/STM32F1xx_HAL_Driver/Src/stm32f1xx_hal_exti.c **** 
 125:Drivers/STM32F1xx_HAL_Driver/Src/stm32f1xx_hal_exti.c **** /** @addtogroup EXTI_Exported_Functions_Group1
 126:Drivers/STM32F1xx_HAL_Driver/Src/stm32f1xx_hal_exti.c ****   *  @brief    Configuration functions
 127:Drivers/STM32F1xx_HAL_Driver/Src/stm32f1xx_hal_exti.c ****   *
 128:Drivers/STM32F1xx_HAL_Driver/Src/stm32f1xx_hal_exti.c **** @verbatim
 129:Drivers/STM32F1xx_HAL_Driver/Src/stm32f1xx_hal_exti.c ****  ===============================================================================
 130:Drivers/STM32F1xx_HAL_Driver/Src/stm32f1xx_hal_exti.c ****               ##### Configuration functions #####
 131:Drivers/STM32F1xx_HAL_Driver/Src/stm32f1xx_hal_exti.c ****  ===============================================================================
 132:Drivers/STM32F1xx_HAL_Driver/Src/stm32f1xx_hal_exti.c **** 
 133:Drivers/STM32F1xx_HAL_Driver/Src/stm32f1xx_hal_exti.c **** @endverbatim
 134:Drivers/STM32F1xx_HAL_Driver/Src/stm32f1xx_hal_exti.c ****   * @{
 135:Drivers/STM32F1xx_HAL_Driver/Src/stm32f1xx_hal_exti.c ****   */
 136:Drivers/STM32F1xx_HAL_Driver/Src/stm32f1xx_hal_exti.c **** 
 137:Drivers/STM32F1xx_HAL_Driver/Src/stm32f1xx_hal_exti.c **** /**
 138:Drivers/STM32F1xx_HAL_Driver/Src/stm32f1xx_hal_exti.c ****   * @brief  Set configuration of a dedicated Exti line.
 139:Drivers/STM32F1xx_HAL_Driver/Src/stm32f1xx_hal_exti.c ****   * @param  hexti Exti handle.
 140:Drivers/STM32F1xx_HAL_Driver/Src/stm32f1xx_hal_exti.c ****   * @param  pExtiConfig Pointer on EXTI configuration to be set.
 141:Drivers/STM32F1xx_HAL_Driver/Src/stm32f1xx_hal_exti.c ****   * @retval HAL Status.
 142:Drivers/STM32F1xx_HAL_Driver/Src/stm32f1xx_hal_exti.c ****   */
 143:Drivers/STM32F1xx_HAL_Driver/Src/stm32f1xx_hal_exti.c **** HAL_StatusTypeDef HAL_EXTI_SetConfigLine(EXTI_HandleTypeDef *hexti, EXTI_ConfigTypeDef *pExtiConfig
 144:Drivers/STM32F1xx_HAL_Driver/Src/stm32f1xx_hal_exti.c **** {
  28              		.loc 1 144 1 view -0
ARM GAS  /tmp/ccqaXObY.s 			page 4


  29              		.cfi_startproc
  30              		@ args = 0, pretend = 0, frame = 0
  31              		@ frame_needed = 0, uses_anonymous_args = 0
  32              		@ link register save eliminated.
 145:Drivers/STM32F1xx_HAL_Driver/Src/stm32f1xx_hal_exti.c ****   uint32_t regval;
  33              		.loc 1 145 3 view .LVU1
 146:Drivers/STM32F1xx_HAL_Driver/Src/stm32f1xx_hal_exti.c ****   uint32_t linepos;
  34              		.loc 1 146 3 view .LVU2
 147:Drivers/STM32F1xx_HAL_Driver/Src/stm32f1xx_hal_exti.c ****   uint32_t maskline;
  35              		.loc 1 147 3 view .LVU3
 148:Drivers/STM32F1xx_HAL_Driver/Src/stm32f1xx_hal_exti.c **** 
 149:Drivers/STM32F1xx_HAL_Driver/Src/stm32f1xx_hal_exti.c ****   /* Check null pointer */
 150:Drivers/STM32F1xx_HAL_Driver/Src/stm32f1xx_hal_exti.c ****   if ((hexti == NULL) || (pExtiConfig == NULL))
  36              		.loc 1 150 3 view .LVU4
  37              		.loc 1 150 6 is_stmt 0 view .LVU5
  38 0000 0028     		cmp	r0, #0
  39 0002 60D0     		beq	.L11
  40              		.loc 1 150 23 discriminator 1 view .LVU6
  41 0004 0029     		cmp	r1, #0
  42 0006 60D0     		beq	.L12
 144:Drivers/STM32F1xx_HAL_Driver/Src/stm32f1xx_hal_exti.c ****   uint32_t regval;
  43              		.loc 1 144 1 view .LVU7
  44 0008 70B4     		push	{r4, r5, r6}
  45              		.cfi_def_cfa_offset 12
  46              		.cfi_offset 4, -12
  47              		.cfi_offset 5, -8
  48              		.cfi_offset 6, -4
 151:Drivers/STM32F1xx_HAL_Driver/Src/stm32f1xx_hal_exti.c ****   {
 152:Drivers/STM32F1xx_HAL_Driver/Src/stm32f1xx_hal_exti.c ****     return HAL_ERROR;
 153:Drivers/STM32F1xx_HAL_Driver/Src/stm32f1xx_hal_exti.c ****   }
 154:Drivers/STM32F1xx_HAL_Driver/Src/stm32f1xx_hal_exti.c **** 
 155:Drivers/STM32F1xx_HAL_Driver/Src/stm32f1xx_hal_exti.c ****   /* Check parameters */
 156:Drivers/STM32F1xx_HAL_Driver/Src/stm32f1xx_hal_exti.c ****   assert_param(IS_EXTI_LINE(pExtiConfig->Line));
  49              		.loc 1 156 3 is_stmt 1 view .LVU8
 157:Drivers/STM32F1xx_HAL_Driver/Src/stm32f1xx_hal_exti.c ****   assert_param(IS_EXTI_MODE(pExtiConfig->Mode));
  50              		.loc 1 157 3 view .LVU9
 158:Drivers/STM32F1xx_HAL_Driver/Src/stm32f1xx_hal_exti.c **** 
 159:Drivers/STM32F1xx_HAL_Driver/Src/stm32f1xx_hal_exti.c ****   /* Assign line number to handle */
 160:Drivers/STM32F1xx_HAL_Driver/Src/stm32f1xx_hal_exti.c ****   hexti->Line = pExtiConfig->Line;
  51              		.loc 1 160 3 view .LVU10
  52              		.loc 1 160 28 is_stmt 0 view .LVU11
  53 000a 0B68     		ldr	r3, [r1]
  54              		.loc 1 160 15 view .LVU12
  55 000c 0360     		str	r3, [r0]
 161:Drivers/STM32F1xx_HAL_Driver/Src/stm32f1xx_hal_exti.c **** 
 162:Drivers/STM32F1xx_HAL_Driver/Src/stm32f1xx_hal_exti.c ****   /* Compute line mask */
 163:Drivers/STM32F1xx_HAL_Driver/Src/stm32f1xx_hal_exti.c ****   linepos = (pExtiConfig->Line & EXTI_PIN_MASK);
  56              		.loc 1 163 3 is_stmt 1 view .LVU13
  57              		.loc 1 163 11 is_stmt 0 view .LVU14
  58 000e 03F01F02 		and	r2, r3, #31
  59              	.LVL1:
 164:Drivers/STM32F1xx_HAL_Driver/Src/stm32f1xx_hal_exti.c ****   maskline = (1uL << linepos);
  60              		.loc 1 164 3 is_stmt 1 view .LVU15
  61              		.loc 1 164 12 is_stmt 0 view .LVU16
  62 0012 0120     		movs	r0, #1
  63              	.LVL2:
  64              		.loc 1 164 12 view .LVU17
ARM GAS  /tmp/ccqaXObY.s 			page 5


  65 0014 9040     		lsls	r0, r0, r2
  66              	.LVL3:
 165:Drivers/STM32F1xx_HAL_Driver/Src/stm32f1xx_hal_exti.c **** 
 166:Drivers/STM32F1xx_HAL_Driver/Src/stm32f1xx_hal_exti.c ****   /* Configure triggers for configurable lines */
 167:Drivers/STM32F1xx_HAL_Driver/Src/stm32f1xx_hal_exti.c ****   if ((pExtiConfig->Line & EXTI_CONFIG) != 0x00u)
  67              		.loc 1 167 3 is_stmt 1 view .LVU18
  68              		.loc 1 167 6 is_stmt 0 view .LVU19
  69 0016 13F0007F 		tst	r3, #33554432
  70 001a 15D0     		beq	.L3
 168:Drivers/STM32F1xx_HAL_Driver/Src/stm32f1xx_hal_exti.c ****   {
 169:Drivers/STM32F1xx_HAL_Driver/Src/stm32f1xx_hal_exti.c ****     assert_param(IS_EXTI_TRIGGER(pExtiConfig->Trigger));
  71              		.loc 1 169 5 is_stmt 1 view .LVU20
 170:Drivers/STM32F1xx_HAL_Driver/Src/stm32f1xx_hal_exti.c **** 
 171:Drivers/STM32F1xx_HAL_Driver/Src/stm32f1xx_hal_exti.c ****     /* Configure rising trigger */
 172:Drivers/STM32F1xx_HAL_Driver/Src/stm32f1xx_hal_exti.c ****     /* Mask or set line */
 173:Drivers/STM32F1xx_HAL_Driver/Src/stm32f1xx_hal_exti.c ****     if ((pExtiConfig->Trigger & EXTI_TRIGGER_RISING) != 0x00u)
  72              		.loc 1 173 5 view .LVU21
  73              		.loc 1 173 8 is_stmt 0 view .LVU22
  74 001c 8C68     		ldr	r4, [r1, #8]
  75 001e 14F0010F 		tst	r4, #1
  76 0022 24D0     		beq	.L4
 174:Drivers/STM32F1xx_HAL_Driver/Src/stm32f1xx_hal_exti.c ****     {
 175:Drivers/STM32F1xx_HAL_Driver/Src/stm32f1xx_hal_exti.c ****       EXTI->RTSR |= maskline;
  77              		.loc 1 175 7 is_stmt 1 view .LVU23
  78              		.loc 1 175 18 is_stmt 0 view .LVU24
  79 0024 2A4D     		ldr	r5, .L18
  80 0026 AC68     		ldr	r4, [r5, #8]
  81 0028 0443     		orrs	r4, r4, r0
  82 002a AC60     		str	r4, [r5, #8]
  83              	.L5:
 176:Drivers/STM32F1xx_HAL_Driver/Src/stm32f1xx_hal_exti.c ****     }
 177:Drivers/STM32F1xx_HAL_Driver/Src/stm32f1xx_hal_exti.c ****     else
 178:Drivers/STM32F1xx_HAL_Driver/Src/stm32f1xx_hal_exti.c ****     {
 179:Drivers/STM32F1xx_HAL_Driver/Src/stm32f1xx_hal_exti.c ****       EXTI->RTSR &= ~maskline;
 180:Drivers/STM32F1xx_HAL_Driver/Src/stm32f1xx_hal_exti.c ****     }
 181:Drivers/STM32F1xx_HAL_Driver/Src/stm32f1xx_hal_exti.c **** 
 182:Drivers/STM32F1xx_HAL_Driver/Src/stm32f1xx_hal_exti.c ****     /* Configure falling trigger */
 183:Drivers/STM32F1xx_HAL_Driver/Src/stm32f1xx_hal_exti.c ****     /* Mask or set line */
 184:Drivers/STM32F1xx_HAL_Driver/Src/stm32f1xx_hal_exti.c ****     if ((pExtiConfig->Trigger & EXTI_TRIGGER_FALLING) != 0x00u)
  84              		.loc 1 184 5 is_stmt 1 view .LVU25
  85              		.loc 1 184 8 is_stmt 0 view .LVU26
  86 002c 8C68     		ldr	r4, [r1, #8]
  87 002e 14F0020F 		tst	r4, #2
  88 0032 22D0     		beq	.L6
 185:Drivers/STM32F1xx_HAL_Driver/Src/stm32f1xx_hal_exti.c ****     {
 186:Drivers/STM32F1xx_HAL_Driver/Src/stm32f1xx_hal_exti.c ****       EXTI->FTSR |= maskline;
  89              		.loc 1 186 7 is_stmt 1 view .LVU27
  90              		.loc 1 186 18 is_stmt 0 view .LVU28
  91 0034 264D     		ldr	r5, .L18
  92 0036 EC68     		ldr	r4, [r5, #12]
  93 0038 0443     		orrs	r4, r4, r0
  94 003a EC60     		str	r4, [r5, #12]
  95              	.L7:
 187:Drivers/STM32F1xx_HAL_Driver/Src/stm32f1xx_hal_exti.c ****     }
 188:Drivers/STM32F1xx_HAL_Driver/Src/stm32f1xx_hal_exti.c ****     else
 189:Drivers/STM32F1xx_HAL_Driver/Src/stm32f1xx_hal_exti.c ****     {
 190:Drivers/STM32F1xx_HAL_Driver/Src/stm32f1xx_hal_exti.c ****       EXTI->FTSR &= ~maskline;
ARM GAS  /tmp/ccqaXObY.s 			page 6


 191:Drivers/STM32F1xx_HAL_Driver/Src/stm32f1xx_hal_exti.c ****     }
 192:Drivers/STM32F1xx_HAL_Driver/Src/stm32f1xx_hal_exti.c **** 
 193:Drivers/STM32F1xx_HAL_Driver/Src/stm32f1xx_hal_exti.c **** 
 194:Drivers/STM32F1xx_HAL_Driver/Src/stm32f1xx_hal_exti.c ****     /* Configure gpio port selection in case of gpio exti line */
 195:Drivers/STM32F1xx_HAL_Driver/Src/stm32f1xx_hal_exti.c ****     if ((pExtiConfig->Line & EXTI_GPIO) == EXTI_GPIO)
  96              		.loc 1 195 5 is_stmt 1 view .LVU29
  97              		.loc 1 195 28 is_stmt 0 view .LVU30
  98 003c 0C68     		ldr	r4, [r1]
  99 003e 04F0C06C 		and	ip, r4, #100663296
 100              		.loc 1 195 8 view .LVU31
 101 0042 BCF1C06F 		cmp	ip, #100663296
 102 0046 1ED0     		beq	.L17
 103              	.LVL4:
 104              	.L3:
 196:Drivers/STM32F1xx_HAL_Driver/Src/stm32f1xx_hal_exti.c ****     {
 197:Drivers/STM32F1xx_HAL_Driver/Src/stm32f1xx_hal_exti.c ****       assert_param(IS_EXTI_GPIO_PORT(pExtiConfig->GPIOSel));
 198:Drivers/STM32F1xx_HAL_Driver/Src/stm32f1xx_hal_exti.c ****       assert_param(IS_EXTI_GPIO_PIN(linepos));
 199:Drivers/STM32F1xx_HAL_Driver/Src/stm32f1xx_hal_exti.c ****       
 200:Drivers/STM32F1xx_HAL_Driver/Src/stm32f1xx_hal_exti.c ****       regval = AFIO->EXTICR[linepos >> 2u];
 201:Drivers/STM32F1xx_HAL_Driver/Src/stm32f1xx_hal_exti.c ****       regval &= ~(AFIO_EXTICR1_EXTI0 << (AFIO_EXTICR1_EXTI1_Pos * (linepos & 0x03u)));
 202:Drivers/STM32F1xx_HAL_Driver/Src/stm32f1xx_hal_exti.c ****       regval |= (pExtiConfig->GPIOSel << (AFIO_EXTICR1_EXTI1_Pos * (linepos & 0x03u)));
 203:Drivers/STM32F1xx_HAL_Driver/Src/stm32f1xx_hal_exti.c ****       AFIO->EXTICR[linepos >> 2u] = regval;
 204:Drivers/STM32F1xx_HAL_Driver/Src/stm32f1xx_hal_exti.c ****     }
 205:Drivers/STM32F1xx_HAL_Driver/Src/stm32f1xx_hal_exti.c ****   }
 206:Drivers/STM32F1xx_HAL_Driver/Src/stm32f1xx_hal_exti.c **** 
 207:Drivers/STM32F1xx_HAL_Driver/Src/stm32f1xx_hal_exti.c ****   /* Configure interrupt mode : read current mode */
 208:Drivers/STM32F1xx_HAL_Driver/Src/stm32f1xx_hal_exti.c ****   /* Mask or set line */
 209:Drivers/STM32F1xx_HAL_Driver/Src/stm32f1xx_hal_exti.c ****   if ((pExtiConfig->Mode & EXTI_MODE_INTERRUPT) != 0x00u)
 105              		.loc 1 209 3 is_stmt 1 view .LVU32
 106              		.loc 1 209 19 is_stmt 0 view .LVU33
 107 0048 4B68     		ldr	r3, [r1, #4]
 108              		.loc 1 209 6 view .LVU34
 109 004a 13F0010F 		tst	r3, #1
 110 004e 2DD0     		beq	.L8
 210:Drivers/STM32F1xx_HAL_Driver/Src/stm32f1xx_hal_exti.c ****   {
 211:Drivers/STM32F1xx_HAL_Driver/Src/stm32f1xx_hal_exti.c ****     EXTI->IMR |= maskline;
 111              		.loc 1 211 5 is_stmt 1 view .LVU35
 112              		.loc 1 211 15 is_stmt 0 view .LVU36
 113 0050 1F4A     		ldr	r2, .L18
 114 0052 1368     		ldr	r3, [r2]
 115 0054 0343     		orrs	r3, r3, r0
 116 0056 1360     		str	r3, [r2]
 117              	.L9:
 212:Drivers/STM32F1xx_HAL_Driver/Src/stm32f1xx_hal_exti.c ****   }
 213:Drivers/STM32F1xx_HAL_Driver/Src/stm32f1xx_hal_exti.c ****   else
 214:Drivers/STM32F1xx_HAL_Driver/Src/stm32f1xx_hal_exti.c ****   {
 215:Drivers/STM32F1xx_HAL_Driver/Src/stm32f1xx_hal_exti.c ****     EXTI->IMR &= ~maskline;
 216:Drivers/STM32F1xx_HAL_Driver/Src/stm32f1xx_hal_exti.c ****   }
 217:Drivers/STM32F1xx_HAL_Driver/Src/stm32f1xx_hal_exti.c **** 
 218:Drivers/STM32F1xx_HAL_Driver/Src/stm32f1xx_hal_exti.c ****   /* Configure event mode : read current mode */
 219:Drivers/STM32F1xx_HAL_Driver/Src/stm32f1xx_hal_exti.c ****   /* Mask or set line */
 220:Drivers/STM32F1xx_HAL_Driver/Src/stm32f1xx_hal_exti.c ****   if ((pExtiConfig->Mode & EXTI_MODE_EVENT) != 0x00u)
 118              		.loc 1 220 3 is_stmt 1 view .LVU37
 119              		.loc 1 220 19 is_stmt 0 view .LVU38
 120 0058 4B68     		ldr	r3, [r1, #4]
 121              		.loc 1 220 6 view .LVU39
 122 005a 13F0020F 		tst	r3, #2
ARM GAS  /tmp/ccqaXObY.s 			page 7


 123 005e 2BD0     		beq	.L10
 221:Drivers/STM32F1xx_HAL_Driver/Src/stm32f1xx_hal_exti.c ****   {
 222:Drivers/STM32F1xx_HAL_Driver/Src/stm32f1xx_hal_exti.c ****     EXTI->EMR |= maskline;
 124              		.loc 1 222 5 is_stmt 1 view .LVU40
 125              		.loc 1 222 15 is_stmt 0 view .LVU41
 126 0060 1B4A     		ldr	r2, .L18
 127 0062 5368     		ldr	r3, [r2, #4]
 128 0064 1843     		orrs	r0, r0, r3
 129              	.LVL5:
 130              		.loc 1 222 15 view .LVU42
 131 0066 5060     		str	r0, [r2, #4]
 223:Drivers/STM32F1xx_HAL_Driver/Src/stm32f1xx_hal_exti.c ****   }
 224:Drivers/STM32F1xx_HAL_Driver/Src/stm32f1xx_hal_exti.c ****   else
 225:Drivers/STM32F1xx_HAL_Driver/Src/stm32f1xx_hal_exti.c ****   {
 226:Drivers/STM32F1xx_HAL_Driver/Src/stm32f1xx_hal_exti.c ****     EXTI->EMR &= ~maskline;
 227:Drivers/STM32F1xx_HAL_Driver/Src/stm32f1xx_hal_exti.c ****   }
 228:Drivers/STM32F1xx_HAL_Driver/Src/stm32f1xx_hal_exti.c **** 
 229:Drivers/STM32F1xx_HAL_Driver/Src/stm32f1xx_hal_exti.c ****   return HAL_OK;
 132              		.loc 1 229 10 view .LVU43
 133 0068 0020     		movs	r0, #0
 134              	.L2:
 230:Drivers/STM32F1xx_HAL_Driver/Src/stm32f1xx_hal_exti.c **** }
 135              		.loc 1 230 1 view .LVU44
 136 006a 70BC     		pop	{r4, r5, r6}
 137              		.cfi_remember_state
 138              		.cfi_restore 6
 139              		.cfi_restore 5
 140              		.cfi_restore 4
 141              		.cfi_def_cfa_offset 0
 142 006c 7047     		bx	lr
 143              	.LVL6:
 144              	.L4:
 145              		.cfi_restore_state
 179:Drivers/STM32F1xx_HAL_Driver/Src/stm32f1xx_hal_exti.c ****     }
 146              		.loc 1 179 7 is_stmt 1 view .LVU45
 179:Drivers/STM32F1xx_HAL_Driver/Src/stm32f1xx_hal_exti.c ****     }
 147              		.loc 1 179 18 is_stmt 0 view .LVU46
 148 006e 184D     		ldr	r5, .L18
 149 0070 AC68     		ldr	r4, [r5, #8]
 150 0072 24EA0004 		bic	r4, r4, r0
 151 0076 AC60     		str	r4, [r5, #8]
 152 0078 D8E7     		b	.L5
 153              	.L6:
 190:Drivers/STM32F1xx_HAL_Driver/Src/stm32f1xx_hal_exti.c ****     }
 154              		.loc 1 190 7 is_stmt 1 view .LVU47
 190:Drivers/STM32F1xx_HAL_Driver/Src/stm32f1xx_hal_exti.c ****     }
 155              		.loc 1 190 18 is_stmt 0 view .LVU48
 156 007a 154D     		ldr	r5, .L18
 157 007c EC68     		ldr	r4, [r5, #12]
 158 007e 24EA0004 		bic	r4, r4, r0
 159 0082 EC60     		str	r4, [r5, #12]
 160 0084 DAE7     		b	.L7
 161              	.L17:
 197:Drivers/STM32F1xx_HAL_Driver/Src/stm32f1xx_hal_exti.c ****       assert_param(IS_EXTI_GPIO_PIN(linepos));
 162              		.loc 1 197 7 is_stmt 1 view .LVU49
 198:Drivers/STM32F1xx_HAL_Driver/Src/stm32f1xx_hal_exti.c ****       
 163              		.loc 1 198 7 view .LVU50
ARM GAS  /tmp/ccqaXObY.s 			page 8


 200:Drivers/STM32F1xx_HAL_Driver/Src/stm32f1xx_hal_exti.c ****       regval &= ~(AFIO_EXTICR1_EXTI0 << (AFIO_EXTICR1_EXTI1_Pos * (linepos & 0x03u)));
 164              		.loc 1 200 7 view .LVU51
 200:Drivers/STM32F1xx_HAL_Driver/Src/stm32f1xx_hal_exti.c ****       regval &= ~(AFIO_EXTICR1_EXTI0 << (AFIO_EXTICR1_EXTI1_Pos * (linepos & 0x03u)));
 165              		.loc 1 200 37 is_stmt 0 view .LVU52
 166 0086 9208     		lsrs	r2, r2, #2
 167              	.LVL7:
 200:Drivers/STM32F1xx_HAL_Driver/Src/stm32f1xx_hal_exti.c ****       regval &= ~(AFIO_EXTICR1_EXTI0 << (AFIO_EXTICR1_EXTI1_Pos * (linepos & 0x03u)));
 168              		.loc 1 200 14 view .LVU53
 169 0088 124E     		ldr	r6, .L18+4
 170 008a 0232     		adds	r2, r2, #2
 171 008c 56F82240 		ldr	r4, [r6, r2, lsl #2]
 172              	.LVL8:
 201:Drivers/STM32F1xx_HAL_Driver/Src/stm32f1xx_hal_exti.c ****       regval |= (pExtiConfig->GPIOSel << (AFIO_EXTICR1_EXTI1_Pos * (linepos & 0x03u)));
 173              		.loc 1 201 7 is_stmt 1 view .LVU54
 201:Drivers/STM32F1xx_HAL_Driver/Src/stm32f1xx_hal_exti.c ****       regval |= (pExtiConfig->GPIOSel << (AFIO_EXTICR1_EXTI1_Pos * (linepos & 0x03u)));
 174              		.loc 1 201 76 is_stmt 0 view .LVU55
 175 0090 03F00303 		and	r3, r3, #3
 176              	.LVL9:
 201:Drivers/STM32F1xx_HAL_Driver/Src/stm32f1xx_hal_exti.c ****       regval |= (pExtiConfig->GPIOSel << (AFIO_EXTICR1_EXTI1_Pos * (linepos & 0x03u)));
 177              		.loc 1 201 65 view .LVU56
 178 0094 9B00     		lsls	r3, r3, #2
 201:Drivers/STM32F1xx_HAL_Driver/Src/stm32f1xx_hal_exti.c ****       regval |= (pExtiConfig->GPIOSel << (AFIO_EXTICR1_EXTI1_Pos * (linepos & 0x03u)));
 179              		.loc 1 201 38 view .LVU57
 180 0096 0F25     		movs	r5, #15
 181 0098 9D40     		lsls	r5, r5, r3
 201:Drivers/STM32F1xx_HAL_Driver/Src/stm32f1xx_hal_exti.c ****       regval |= (pExtiConfig->GPIOSel << (AFIO_EXTICR1_EXTI1_Pos * (linepos & 0x03u)));
 182              		.loc 1 201 14 view .LVU58
 183 009a 24EA0504 		bic	r4, r4, r5
 184              	.LVL10:
 202:Drivers/STM32F1xx_HAL_Driver/Src/stm32f1xx_hal_exti.c ****       AFIO->EXTICR[linepos >> 2u] = regval;
 185              		.loc 1 202 7 is_stmt 1 view .LVU59
 202:Drivers/STM32F1xx_HAL_Driver/Src/stm32f1xx_hal_exti.c ****       AFIO->EXTICR[linepos >> 2u] = regval;
 186              		.loc 1 202 39 is_stmt 0 view .LVU60
 187 009e CD68     		ldr	r5, [r1, #12]
 188 00a0 05FA03F3 		lsl	r3, r5, r3
 202:Drivers/STM32F1xx_HAL_Driver/Src/stm32f1xx_hal_exti.c ****       AFIO->EXTICR[linepos >> 2u] = regval;
 189              		.loc 1 202 14 view .LVU61
 190 00a4 2343     		orrs	r3, r3, r4
 191              	.LVL11:
 203:Drivers/STM32F1xx_HAL_Driver/Src/stm32f1xx_hal_exti.c ****     }
 192              		.loc 1 203 7 is_stmt 1 view .LVU62
 203:Drivers/STM32F1xx_HAL_Driver/Src/stm32f1xx_hal_exti.c ****     }
 193              		.loc 1 203 35 is_stmt 0 view .LVU63
 194 00a6 46F82230 		str	r3, [r6, r2, lsl #2]
 195 00aa CDE7     		b	.L3
 196              	.LVL12:
 197              	.L8:
 215:Drivers/STM32F1xx_HAL_Driver/Src/stm32f1xx_hal_exti.c ****   }
 198              		.loc 1 215 5 is_stmt 1 view .LVU64
 215:Drivers/STM32F1xx_HAL_Driver/Src/stm32f1xx_hal_exti.c ****   }
 199              		.loc 1 215 15 is_stmt 0 view .LVU65
 200 00ac 084A     		ldr	r2, .L18
 201 00ae 1368     		ldr	r3, [r2]
 202 00b0 23EA0003 		bic	r3, r3, r0
 203 00b4 1360     		str	r3, [r2]
 204 00b6 CFE7     		b	.L9
 205              	.L10:
ARM GAS  /tmp/ccqaXObY.s 			page 9


 226:Drivers/STM32F1xx_HAL_Driver/Src/stm32f1xx_hal_exti.c ****   }
 206              		.loc 1 226 5 is_stmt 1 view .LVU66
 226:Drivers/STM32F1xx_HAL_Driver/Src/stm32f1xx_hal_exti.c ****   }
 207              		.loc 1 226 15 is_stmt 0 view .LVU67
 208 00b8 054A     		ldr	r2, .L18
 209 00ba 5368     		ldr	r3, [r2, #4]
 210 00bc 23EA0000 		bic	r0, r3, r0
 211              	.LVL13:
 226:Drivers/STM32F1xx_HAL_Driver/Src/stm32f1xx_hal_exti.c ****   }
 212              		.loc 1 226 15 view .LVU68
 213 00c0 5060     		str	r0, [r2, #4]
 229:Drivers/STM32F1xx_HAL_Driver/Src/stm32f1xx_hal_exti.c **** }
 214              		.loc 1 229 10 view .LVU69
 215 00c2 0020     		movs	r0, #0
 216 00c4 D1E7     		b	.L2
 217              	.LVL14:
 218              	.L11:
 219              		.cfi_def_cfa_offset 0
 220              		.cfi_restore 4
 221              		.cfi_restore 5
 222              		.cfi_restore 6
 152:Drivers/STM32F1xx_HAL_Driver/Src/stm32f1xx_hal_exti.c ****   }
 223              		.loc 1 152 12 view .LVU70
 224 00c6 0120     		movs	r0, #1
 225              	.LVL15:
 152:Drivers/STM32F1xx_HAL_Driver/Src/stm32f1xx_hal_exti.c ****   }
 226              		.loc 1 152 12 view .LVU71
 227 00c8 7047     		bx	lr
 228              	.LVL16:
 229              	.L12:
 152:Drivers/STM32F1xx_HAL_Driver/Src/stm32f1xx_hal_exti.c ****   }
 230              		.loc 1 152 12 view .LVU72
 231 00ca 0120     		movs	r0, #1
 232              	.LVL17:
 233              		.loc 1 230 1 view .LVU73
 234 00cc 7047     		bx	lr
 235              	.L19:
 236 00ce 00BF     		.align	2
 237              	.L18:
 238 00d0 00040140 		.word	1073808384
 239 00d4 00000140 		.word	1073807360
 240              		.cfi_endproc
 241              	.LFE65:
 243              		.section	.text.HAL_EXTI_GetConfigLine,"ax",%progbits
 244              		.align	1
 245              		.global	HAL_EXTI_GetConfigLine
 246              		.syntax unified
 247              		.thumb
 248              		.thumb_func
 249              		.fpu softvfp
 251              	HAL_EXTI_GetConfigLine:
 252              	.LVL18:
 253              	.LFB66:
 231:Drivers/STM32F1xx_HAL_Driver/Src/stm32f1xx_hal_exti.c **** 
 232:Drivers/STM32F1xx_HAL_Driver/Src/stm32f1xx_hal_exti.c **** /**
 233:Drivers/STM32F1xx_HAL_Driver/Src/stm32f1xx_hal_exti.c ****   * @brief  Get configuration of a dedicated Exti line.
 234:Drivers/STM32F1xx_HAL_Driver/Src/stm32f1xx_hal_exti.c ****   * @param  hexti Exti handle.
ARM GAS  /tmp/ccqaXObY.s 			page 10


 235:Drivers/STM32F1xx_HAL_Driver/Src/stm32f1xx_hal_exti.c ****   * @param  pExtiConfig Pointer on structure to store Exti configuration.
 236:Drivers/STM32F1xx_HAL_Driver/Src/stm32f1xx_hal_exti.c ****   * @retval HAL Status.
 237:Drivers/STM32F1xx_HAL_Driver/Src/stm32f1xx_hal_exti.c ****   */
 238:Drivers/STM32F1xx_HAL_Driver/Src/stm32f1xx_hal_exti.c **** HAL_StatusTypeDef HAL_EXTI_GetConfigLine(EXTI_HandleTypeDef *hexti, EXTI_ConfigTypeDef *pExtiConfig
 239:Drivers/STM32F1xx_HAL_Driver/Src/stm32f1xx_hal_exti.c **** {
 254              		.loc 1 239 1 is_stmt 1 view -0
 255              		.cfi_startproc
 256              		@ args = 0, pretend = 0, frame = 0
 257              		@ frame_needed = 0, uses_anonymous_args = 0
 258              		@ link register save eliminated.
 240:Drivers/STM32F1xx_HAL_Driver/Src/stm32f1xx_hal_exti.c ****   uint32_t regval;
 259              		.loc 1 240 3 view .LVU75
 241:Drivers/STM32F1xx_HAL_Driver/Src/stm32f1xx_hal_exti.c ****   uint32_t linepos;
 260              		.loc 1 241 3 view .LVU76
 242:Drivers/STM32F1xx_HAL_Driver/Src/stm32f1xx_hal_exti.c ****   uint32_t maskline;
 261              		.loc 1 242 3 view .LVU77
 243:Drivers/STM32F1xx_HAL_Driver/Src/stm32f1xx_hal_exti.c **** 
 244:Drivers/STM32F1xx_HAL_Driver/Src/stm32f1xx_hal_exti.c ****   /* Check null pointer */
 245:Drivers/STM32F1xx_HAL_Driver/Src/stm32f1xx_hal_exti.c ****   if ((hexti == NULL) || (pExtiConfig == NULL))
 262              		.loc 1 245 3 view .LVU78
 263              		.loc 1 245 6 is_stmt 0 view .LVU79
 264 0000 0028     		cmp	r0, #0
 265 0002 48D0     		beq	.L27
 266              		.loc 1 245 23 discriminator 1 view .LVU80
 267 0004 0029     		cmp	r1, #0
 268 0006 48D0     		beq	.L28
 246:Drivers/STM32F1xx_HAL_Driver/Src/stm32f1xx_hal_exti.c ****   {
 247:Drivers/STM32F1xx_HAL_Driver/Src/stm32f1xx_hal_exti.c ****     return HAL_ERROR;
 248:Drivers/STM32F1xx_HAL_Driver/Src/stm32f1xx_hal_exti.c ****   }
 249:Drivers/STM32F1xx_HAL_Driver/Src/stm32f1xx_hal_exti.c **** 
 250:Drivers/STM32F1xx_HAL_Driver/Src/stm32f1xx_hal_exti.c ****   /* Check the parameter */
 251:Drivers/STM32F1xx_HAL_Driver/Src/stm32f1xx_hal_exti.c ****   assert_param(IS_EXTI_LINE(hexti->Line));
 269              		.loc 1 251 3 is_stmt 1 view .LVU81
 252:Drivers/STM32F1xx_HAL_Driver/Src/stm32f1xx_hal_exti.c **** 
 253:Drivers/STM32F1xx_HAL_Driver/Src/stm32f1xx_hal_exti.c ****   /* Store handle line number to configuration structure */
 254:Drivers/STM32F1xx_HAL_Driver/Src/stm32f1xx_hal_exti.c ****   pExtiConfig->Line = hexti->Line;
 270              		.loc 1 254 3 view .LVU82
 271              		.loc 1 254 28 is_stmt 0 view .LVU83
 272 0008 0068     		ldr	r0, [r0]
 273              	.LVL19:
 274              		.loc 1 254 21 view .LVU84
 275 000a 0860     		str	r0, [r1]
 255:Drivers/STM32F1xx_HAL_Driver/Src/stm32f1xx_hal_exti.c **** 
 256:Drivers/STM32F1xx_HAL_Driver/Src/stm32f1xx_hal_exti.c ****   /* Compute line mask */
 257:Drivers/STM32F1xx_HAL_Driver/Src/stm32f1xx_hal_exti.c ****   linepos = (pExtiConfig->Line & EXTI_PIN_MASK);
 276              		.loc 1 257 3 is_stmt 1 view .LVU85
 277              		.loc 1 257 11 is_stmt 0 view .LVU86
 278 000c 00F01F0C 		and	ip, r0, #31
 279              	.LVL20:
 258:Drivers/STM32F1xx_HAL_Driver/Src/stm32f1xx_hal_exti.c ****   maskline = (1uL << linepos);
 280              		.loc 1 258 3 is_stmt 1 view .LVU87
 281              		.loc 1 258 12 is_stmt 0 view .LVU88
 282 0010 0123     		movs	r3, #1
 283 0012 03FA0CF3 		lsl	r3, r3, ip
 284              	.LVL21:
 259:Drivers/STM32F1xx_HAL_Driver/Src/stm32f1xx_hal_exti.c **** 
 260:Drivers/STM32F1xx_HAL_Driver/Src/stm32f1xx_hal_exti.c ****   /* 1] Get core mode : interrupt */
ARM GAS  /tmp/ccqaXObY.s 			page 11


 261:Drivers/STM32F1xx_HAL_Driver/Src/stm32f1xx_hal_exti.c **** 
 262:Drivers/STM32F1xx_HAL_Driver/Src/stm32f1xx_hal_exti.c ****   /* Check if selected line is enable */
 263:Drivers/STM32F1xx_HAL_Driver/Src/stm32f1xx_hal_exti.c ****   if ((EXTI->IMR & maskline) != 0x00u)
 285              		.loc 1 263 3 is_stmt 1 view .LVU89
 286              		.loc 1 263 12 is_stmt 0 view .LVU90
 287 0016 234A     		ldr	r2, .L32
 288 0018 1268     		ldr	r2, [r2]
 289              		.loc 1 263 6 view .LVU91
 290 001a 1A42     		tst	r2, r3
 291 001c 27D0     		beq	.L22
 264:Drivers/STM32F1xx_HAL_Driver/Src/stm32f1xx_hal_exti.c ****   {
 265:Drivers/STM32F1xx_HAL_Driver/Src/stm32f1xx_hal_exti.c ****     pExtiConfig->Mode = EXTI_MODE_INTERRUPT;
 292              		.loc 1 265 5 is_stmt 1 view .LVU92
 293              		.loc 1 265 23 is_stmt 0 view .LVU93
 294 001e 0122     		movs	r2, #1
 295 0020 4A60     		str	r2, [r1, #4]
 296              	.L23:
 266:Drivers/STM32F1xx_HAL_Driver/Src/stm32f1xx_hal_exti.c ****   }
 267:Drivers/STM32F1xx_HAL_Driver/Src/stm32f1xx_hal_exti.c ****   else
 268:Drivers/STM32F1xx_HAL_Driver/Src/stm32f1xx_hal_exti.c ****   {
 269:Drivers/STM32F1xx_HAL_Driver/Src/stm32f1xx_hal_exti.c ****     pExtiConfig->Mode = EXTI_MODE_NONE;
 270:Drivers/STM32F1xx_HAL_Driver/Src/stm32f1xx_hal_exti.c ****   }
 271:Drivers/STM32F1xx_HAL_Driver/Src/stm32f1xx_hal_exti.c **** 
 272:Drivers/STM32F1xx_HAL_Driver/Src/stm32f1xx_hal_exti.c ****   /* Get event mode */
 273:Drivers/STM32F1xx_HAL_Driver/Src/stm32f1xx_hal_exti.c ****   /* Check if selected line is enable */
 274:Drivers/STM32F1xx_HAL_Driver/Src/stm32f1xx_hal_exti.c ****   if ((EXTI->EMR & maskline) != 0x00u)
 297              		.loc 1 274 3 is_stmt 1 view .LVU94
 298              		.loc 1 274 12 is_stmt 0 view .LVU95
 299 0022 204A     		ldr	r2, .L32
 300 0024 5268     		ldr	r2, [r2, #4]
 301              		.loc 1 274 6 view .LVU96
 302 0026 1A42     		tst	r2, r3
 303 0028 03D0     		beq	.L24
 275:Drivers/STM32F1xx_HAL_Driver/Src/stm32f1xx_hal_exti.c ****   {
 276:Drivers/STM32F1xx_HAL_Driver/Src/stm32f1xx_hal_exti.c ****     pExtiConfig->Mode |= EXTI_MODE_EVENT;
 304              		.loc 1 276 5 is_stmt 1 view .LVU97
 305              		.loc 1 276 23 is_stmt 0 view .LVU98
 306 002a 4A68     		ldr	r2, [r1, #4]
 307 002c 42F00202 		orr	r2, r2, #2
 308 0030 4A60     		str	r2, [r1, #4]
 309              	.L24:
 277:Drivers/STM32F1xx_HAL_Driver/Src/stm32f1xx_hal_exti.c ****   }
 278:Drivers/STM32F1xx_HAL_Driver/Src/stm32f1xx_hal_exti.c **** 
 279:Drivers/STM32F1xx_HAL_Driver/Src/stm32f1xx_hal_exti.c ****   /* Get default Trigger and GPIOSel configuration */
 280:Drivers/STM32F1xx_HAL_Driver/Src/stm32f1xx_hal_exti.c ****   pExtiConfig->Trigger = EXTI_TRIGGER_NONE;
 310              		.loc 1 280 3 is_stmt 1 view .LVU99
 311              		.loc 1 280 24 is_stmt 0 view .LVU100
 312 0032 0022     		movs	r2, #0
 313 0034 8A60     		str	r2, [r1, #8]
 281:Drivers/STM32F1xx_HAL_Driver/Src/stm32f1xx_hal_exti.c ****   pExtiConfig->GPIOSel = 0x00u;
 314              		.loc 1 281 3 is_stmt 1 view .LVU101
 315              		.loc 1 281 24 is_stmt 0 view .LVU102
 316 0036 CA60     		str	r2, [r1, #12]
 282:Drivers/STM32F1xx_HAL_Driver/Src/stm32f1xx_hal_exti.c **** 
 283:Drivers/STM32F1xx_HAL_Driver/Src/stm32f1xx_hal_exti.c ****   /* 2] Get trigger for configurable lines : rising */
 284:Drivers/STM32F1xx_HAL_Driver/Src/stm32f1xx_hal_exti.c ****   if ((pExtiConfig->Line & EXTI_CONFIG) != 0x00u)
 317              		.loc 1 284 3 is_stmt 1 view .LVU103
ARM GAS  /tmp/ccqaXObY.s 			page 12


 318              		.loc 1 284 6 is_stmt 0 view .LVU104
 319 0038 10F0007F 		tst	r0, #33554432
 320 003c 2FD0     		beq	.L29
 285:Drivers/STM32F1xx_HAL_Driver/Src/stm32f1xx_hal_exti.c ****   {
 286:Drivers/STM32F1xx_HAL_Driver/Src/stm32f1xx_hal_exti.c ****     /* Check if configuration of selected line is enable */
 287:Drivers/STM32F1xx_HAL_Driver/Src/stm32f1xx_hal_exti.c ****     if ((EXTI->RTSR & maskline) != 0x00u)
 321              		.loc 1 287 5 is_stmt 1 view .LVU105
 322              		.loc 1 287 14 is_stmt 0 view .LVU106
 323 003e 02F18042 		add	r2, r2, #1073741824
 324 0042 02F58232 		add	r2, r2, #66560
 325 0046 9268     		ldr	r2, [r2, #8]
 326              		.loc 1 287 8 view .LVU107
 327 0048 1A42     		tst	r2, r3
 328 004a 01D0     		beq	.L25
 288:Drivers/STM32F1xx_HAL_Driver/Src/stm32f1xx_hal_exti.c ****     {
 289:Drivers/STM32F1xx_HAL_Driver/Src/stm32f1xx_hal_exti.c ****       pExtiConfig->Trigger = EXTI_TRIGGER_RISING;
 329              		.loc 1 289 7 is_stmt 1 view .LVU108
 330              		.loc 1 289 28 is_stmt 0 view .LVU109
 331 004c 0122     		movs	r2, #1
 332 004e 8A60     		str	r2, [r1, #8]
 333              	.L25:
 290:Drivers/STM32F1xx_HAL_Driver/Src/stm32f1xx_hal_exti.c ****     }
 291:Drivers/STM32F1xx_HAL_Driver/Src/stm32f1xx_hal_exti.c **** 
 292:Drivers/STM32F1xx_HAL_Driver/Src/stm32f1xx_hal_exti.c ****     /* Get falling configuration */
 293:Drivers/STM32F1xx_HAL_Driver/Src/stm32f1xx_hal_exti.c ****     /* Check if configuration of selected line is enable */
 294:Drivers/STM32F1xx_HAL_Driver/Src/stm32f1xx_hal_exti.c ****     if ((EXTI->FTSR & maskline) != 0x00u)
 334              		.loc 1 294 5 is_stmt 1 view .LVU110
 335              		.loc 1 294 14 is_stmt 0 view .LVU111
 336 0050 144A     		ldr	r2, .L32
 337 0052 D268     		ldr	r2, [r2, #12]
 338              		.loc 1 294 8 view .LVU112
 339 0054 1A42     		tst	r2, r3
 340 0056 03D0     		beq	.L26
 295:Drivers/STM32F1xx_HAL_Driver/Src/stm32f1xx_hal_exti.c ****     {
 296:Drivers/STM32F1xx_HAL_Driver/Src/stm32f1xx_hal_exti.c ****       pExtiConfig->Trigger |= EXTI_TRIGGER_FALLING;
 341              		.loc 1 296 7 is_stmt 1 view .LVU113
 342              		.loc 1 296 28 is_stmt 0 view .LVU114
 343 0058 8B68     		ldr	r3, [r1, #8]
 344              	.LVL22:
 345              		.loc 1 296 28 view .LVU115
 346 005a 43F00203 		orr	r3, r3, #2
 347 005e 8B60     		str	r3, [r1, #8]
 348              	.L26:
 297:Drivers/STM32F1xx_HAL_Driver/Src/stm32f1xx_hal_exti.c ****     }
 298:Drivers/STM32F1xx_HAL_Driver/Src/stm32f1xx_hal_exti.c **** 
 299:Drivers/STM32F1xx_HAL_Driver/Src/stm32f1xx_hal_exti.c ****     /* Get Gpio port selection for gpio lines */
 300:Drivers/STM32F1xx_HAL_Driver/Src/stm32f1xx_hal_exti.c ****     if ((pExtiConfig->Line & EXTI_GPIO) == EXTI_GPIO)
 349              		.loc 1 300 5 is_stmt 1 view .LVU116
 350              		.loc 1 300 28 is_stmt 0 view .LVU117
 351 0060 00F0C063 		and	r3, r0, #100663296
 352              		.loc 1 300 8 view .LVU118
 353 0064 B3F1C06F 		cmp	r3, #100663296
 354 0068 04D0     		beq	.L31
 301:Drivers/STM32F1xx_HAL_Driver/Src/stm32f1xx_hal_exti.c ****     {
 302:Drivers/STM32F1xx_HAL_Driver/Src/stm32f1xx_hal_exti.c ****       assert_param(IS_EXTI_GPIO_PIN(linepos));
 303:Drivers/STM32F1xx_HAL_Driver/Src/stm32f1xx_hal_exti.c **** 
 304:Drivers/STM32F1xx_HAL_Driver/Src/stm32f1xx_hal_exti.c ****       regval = AFIO->EXTICR[linepos >> 2u];
ARM GAS  /tmp/ccqaXObY.s 			page 13


 305:Drivers/STM32F1xx_HAL_Driver/Src/stm32f1xx_hal_exti.c ****       pExtiConfig->GPIOSel = ((regval << (AFIO_EXTICR1_EXTI1_Pos * (3uL - (linepos & 0x03u)))) >> 2
 306:Drivers/STM32F1xx_HAL_Driver/Src/stm32f1xx_hal_exti.c ****     }
 307:Drivers/STM32F1xx_HAL_Driver/Src/stm32f1xx_hal_exti.c ****   }
 308:Drivers/STM32F1xx_HAL_Driver/Src/stm32f1xx_hal_exti.c **** 
 309:Drivers/STM32F1xx_HAL_Driver/Src/stm32f1xx_hal_exti.c ****   return HAL_OK;
 355              		.loc 1 309 10 view .LVU119
 356 006a 0020     		movs	r0, #0
 310:Drivers/STM32F1xx_HAL_Driver/Src/stm32f1xx_hal_exti.c **** }
 357              		.loc 1 310 1 view .LVU120
 358 006c 7047     		bx	lr
 359              	.LVL23:
 360              	.L22:
 269:Drivers/STM32F1xx_HAL_Driver/Src/stm32f1xx_hal_exti.c ****   }
 361              		.loc 1 269 5 is_stmt 1 view .LVU121
 269:Drivers/STM32F1xx_HAL_Driver/Src/stm32f1xx_hal_exti.c ****   }
 362              		.loc 1 269 23 is_stmt 0 view .LVU122
 363 006e 0022     		movs	r2, #0
 364 0070 4A60     		str	r2, [r1, #4]
 365 0072 D6E7     		b	.L23
 366              	.LVL24:
 367              	.L31:
 302:Drivers/STM32F1xx_HAL_Driver/Src/stm32f1xx_hal_exti.c **** 
 368              		.loc 1 302 7 is_stmt 1 view .LVU123
 304:Drivers/STM32F1xx_HAL_Driver/Src/stm32f1xx_hal_exti.c ****       pExtiConfig->GPIOSel = ((regval << (AFIO_EXTICR1_EXTI1_Pos * (3uL - (linepos & 0x03u)))) >> 2
 369              		.loc 1 304 7 view .LVU124
 304:Drivers/STM32F1xx_HAL_Driver/Src/stm32f1xx_hal_exti.c ****       pExtiConfig->GPIOSel = ((regval << (AFIO_EXTICR1_EXTI1_Pos * (3uL - (linepos & 0x03u)))) >> 2
 370              		.loc 1 304 37 is_stmt 0 view .LVU125
 371 0074 4FEA9C03 		lsr	r3, ip, #2
 304:Drivers/STM32F1xx_HAL_Driver/Src/stm32f1xx_hal_exti.c ****       pExtiConfig->GPIOSel = ((regval << (AFIO_EXTICR1_EXTI1_Pos * (3uL - (linepos & 0x03u)))) >> 2
 372              		.loc 1 304 14 view .LVU126
 373 0078 0233     		adds	r3, r3, #2
 374 007a 0B4A     		ldr	r2, .L32+4
 375 007c 52F82320 		ldr	r2, [r2, r3, lsl #2]
 376              	.LVL25:
 305:Drivers/STM32F1xx_HAL_Driver/Src/stm32f1xx_hal_exti.c ****     }
 377              		.loc 1 305 7 is_stmt 1 view .LVU127
 305:Drivers/STM32F1xx_HAL_Driver/Src/stm32f1xx_hal_exti.c ****     }
 378              		.loc 1 305 73 is_stmt 0 view .LVU128
 379 0080 6FEA0C03 		mvn	r3, ip
 380 0084 03F00303 		and	r3, r3, #3
 305:Drivers/STM32F1xx_HAL_Driver/Src/stm32f1xx_hal_exti.c ****     }
 381              		.loc 1 305 66 view .LVU129
 382 0088 9B00     		lsls	r3, r3, #2
 305:Drivers/STM32F1xx_HAL_Driver/Src/stm32f1xx_hal_exti.c ****     }
 383              		.loc 1 305 39 view .LVU130
 384 008a 02FA03F3 		lsl	r3, r2, r3
 305:Drivers/STM32F1xx_HAL_Driver/Src/stm32f1xx_hal_exti.c ****     }
 385              		.loc 1 305 96 view .LVU131
 386 008e 1B0E     		lsrs	r3, r3, #24
 305:Drivers/STM32F1xx_HAL_Driver/Src/stm32f1xx_hal_exti.c ****     }
 387              		.loc 1 305 28 view .LVU132
 388 0090 CB60     		str	r3, [r1, #12]
 309:Drivers/STM32F1xx_HAL_Driver/Src/stm32f1xx_hal_exti.c **** }
 389              		.loc 1 309 10 view .LVU133
 390 0092 0020     		movs	r0, #0
 391 0094 7047     		bx	lr
 392              	.LVL26:
ARM GAS  /tmp/ccqaXObY.s 			page 14


 393              	.L27:
 247:Drivers/STM32F1xx_HAL_Driver/Src/stm32f1xx_hal_exti.c ****   }
 394              		.loc 1 247 12 view .LVU134
 395 0096 0120     		movs	r0, #1
 396              	.LVL27:
 247:Drivers/STM32F1xx_HAL_Driver/Src/stm32f1xx_hal_exti.c ****   }
 397              		.loc 1 247 12 view .LVU135
 398 0098 7047     		bx	lr
 399              	.LVL28:
 400              	.L28:
 247:Drivers/STM32F1xx_HAL_Driver/Src/stm32f1xx_hal_exti.c ****   }
 401              		.loc 1 247 12 view .LVU136
 402 009a 0120     		movs	r0, #1
 403              	.LVL29:
 247:Drivers/STM32F1xx_HAL_Driver/Src/stm32f1xx_hal_exti.c ****   }
 404              		.loc 1 247 12 view .LVU137
 405 009c 7047     		bx	lr
 406              	.LVL30:
 407              	.L29:
 309:Drivers/STM32F1xx_HAL_Driver/Src/stm32f1xx_hal_exti.c **** }
 408              		.loc 1 309 10 view .LVU138
 409 009e 0020     		movs	r0, #0
 410 00a0 7047     		bx	lr
 411              	.L33:
 412 00a2 00BF     		.align	2
 413              	.L32:
 414 00a4 00040140 		.word	1073808384
 415 00a8 00000140 		.word	1073807360
 416              		.cfi_endproc
 417              	.LFE66:
 419              		.section	.text.HAL_EXTI_ClearConfigLine,"ax",%progbits
 420              		.align	1
 421              		.global	HAL_EXTI_ClearConfigLine
 422              		.syntax unified
 423              		.thumb
 424              		.thumb_func
 425              		.fpu softvfp
 427              	HAL_EXTI_ClearConfigLine:
 428              	.LVL31:
 429              	.LFB67:
 311:Drivers/STM32F1xx_HAL_Driver/Src/stm32f1xx_hal_exti.c **** 
 312:Drivers/STM32F1xx_HAL_Driver/Src/stm32f1xx_hal_exti.c **** /**
 313:Drivers/STM32F1xx_HAL_Driver/Src/stm32f1xx_hal_exti.c ****   * @brief  Clear whole configuration of a dedicated Exti line.
 314:Drivers/STM32F1xx_HAL_Driver/Src/stm32f1xx_hal_exti.c ****   * @param  hexti Exti handle.
 315:Drivers/STM32F1xx_HAL_Driver/Src/stm32f1xx_hal_exti.c ****   * @retval HAL Status.
 316:Drivers/STM32F1xx_HAL_Driver/Src/stm32f1xx_hal_exti.c ****   */
 317:Drivers/STM32F1xx_HAL_Driver/Src/stm32f1xx_hal_exti.c **** HAL_StatusTypeDef HAL_EXTI_ClearConfigLine(EXTI_HandleTypeDef *hexti)
 318:Drivers/STM32F1xx_HAL_Driver/Src/stm32f1xx_hal_exti.c **** {
 430              		.loc 1 318 1 is_stmt 1 view -0
 431              		.cfi_startproc
 432              		@ args = 0, pretend = 0, frame = 0
 433              		@ frame_needed = 0, uses_anonymous_args = 0
 319:Drivers/STM32F1xx_HAL_Driver/Src/stm32f1xx_hal_exti.c ****   uint32_t regval;
 434              		.loc 1 319 3 view .LVU140
 320:Drivers/STM32F1xx_HAL_Driver/Src/stm32f1xx_hal_exti.c ****   uint32_t linepos;
 435              		.loc 1 320 3 view .LVU141
 321:Drivers/STM32F1xx_HAL_Driver/Src/stm32f1xx_hal_exti.c ****   uint32_t maskline;
ARM GAS  /tmp/ccqaXObY.s 			page 15


 436              		.loc 1 321 3 view .LVU142
 322:Drivers/STM32F1xx_HAL_Driver/Src/stm32f1xx_hal_exti.c **** 
 323:Drivers/STM32F1xx_HAL_Driver/Src/stm32f1xx_hal_exti.c ****   /* Check null pointer */
 324:Drivers/STM32F1xx_HAL_Driver/Src/stm32f1xx_hal_exti.c ****   if (hexti == NULL)
 437              		.loc 1 324 3 view .LVU143
 438              		.loc 1 324 6 is_stmt 0 view .LVU144
 439 0000 0028     		cmp	r0, #0
 440 0002 38D0     		beq	.L36
 318:Drivers/STM32F1xx_HAL_Driver/Src/stm32f1xx_hal_exti.c ****   uint32_t regval;
 441              		.loc 1 318 1 view .LVU145
 442 0004 10B5     		push	{r4, lr}
 443              		.cfi_def_cfa_offset 8
 444              		.cfi_offset 4, -8
 445              		.cfi_offset 14, -4
 446 0006 8446     		mov	ip, r0
 325:Drivers/STM32F1xx_HAL_Driver/Src/stm32f1xx_hal_exti.c ****   {
 326:Drivers/STM32F1xx_HAL_Driver/Src/stm32f1xx_hal_exti.c ****     return HAL_ERROR;
 327:Drivers/STM32F1xx_HAL_Driver/Src/stm32f1xx_hal_exti.c ****   }
 328:Drivers/STM32F1xx_HAL_Driver/Src/stm32f1xx_hal_exti.c **** 
 329:Drivers/STM32F1xx_HAL_Driver/Src/stm32f1xx_hal_exti.c ****   /* Check the parameter */
 330:Drivers/STM32F1xx_HAL_Driver/Src/stm32f1xx_hal_exti.c ****   assert_param(IS_EXTI_LINE(hexti->Line));
 447              		.loc 1 330 3 is_stmt 1 view .LVU146
 331:Drivers/STM32F1xx_HAL_Driver/Src/stm32f1xx_hal_exti.c **** 
 332:Drivers/STM32F1xx_HAL_Driver/Src/stm32f1xx_hal_exti.c ****   /* compute line mask */
 333:Drivers/STM32F1xx_HAL_Driver/Src/stm32f1xx_hal_exti.c ****   linepos = (hexti->Line & EXTI_PIN_MASK);
 448              		.loc 1 333 3 view .LVU147
 449              		.loc 1 333 19 is_stmt 0 view .LVU148
 450 0008 0468     		ldr	r4, [r0]
 451              		.loc 1 333 11 view .LVU149
 452 000a 04F01F00 		and	r0, r4, #31
 453              	.LVL32:
 334:Drivers/STM32F1xx_HAL_Driver/Src/stm32f1xx_hal_exti.c ****   maskline = (1uL << linepos);
 454              		.loc 1 334 3 is_stmt 1 view .LVU150
 455              		.loc 1 334 12 is_stmt 0 view .LVU151
 456 000e 0123     		movs	r3, #1
 457 0010 8340     		lsls	r3, r3, r0
 458              	.LVL33:
 335:Drivers/STM32F1xx_HAL_Driver/Src/stm32f1xx_hal_exti.c **** 
 336:Drivers/STM32F1xx_HAL_Driver/Src/stm32f1xx_hal_exti.c ****   /* 1] Clear interrupt mode */
 337:Drivers/STM32F1xx_HAL_Driver/Src/stm32f1xx_hal_exti.c ****   EXTI->IMR = (EXTI->IMR & ~maskline);
 459              		.loc 1 337 3 is_stmt 1 view .LVU152
 460              		.loc 1 337 20 is_stmt 0 view .LVU153
 461 0012 1B4A     		ldr	r2, .L44
 462 0014 1168     		ldr	r1, [r2]
 463              		.loc 1 337 28 view .LVU154
 464 0016 6FEA030E 		mvn	lr, r3
 465              		.loc 1 337 26 view .LVU155
 466 001a 21EA0301 		bic	r1, r1, r3
 467              		.loc 1 337 13 view .LVU156
 468 001e 1160     		str	r1, [r2]
 338:Drivers/STM32F1xx_HAL_Driver/Src/stm32f1xx_hal_exti.c **** 
 339:Drivers/STM32F1xx_HAL_Driver/Src/stm32f1xx_hal_exti.c ****   /* 2] Clear event mode */
 340:Drivers/STM32F1xx_HAL_Driver/Src/stm32f1xx_hal_exti.c ****   EXTI->EMR = (EXTI->EMR & ~maskline);
 469              		.loc 1 340 3 is_stmt 1 view .LVU157
 470              		.loc 1 340 20 is_stmt 0 view .LVU158
 471 0020 5168     		ldr	r1, [r2, #4]
 472              		.loc 1 340 26 view .LVU159
ARM GAS  /tmp/ccqaXObY.s 			page 16


 473 0022 21EA0303 		bic	r3, r1, r3
 474              	.LVL34:
 475              		.loc 1 340 13 view .LVU160
 476 0026 5360     		str	r3, [r2, #4]
 341:Drivers/STM32F1xx_HAL_Driver/Src/stm32f1xx_hal_exti.c **** 
 342:Drivers/STM32F1xx_HAL_Driver/Src/stm32f1xx_hal_exti.c ****   /* 3] Clear triggers in case of configurable lines */
 343:Drivers/STM32F1xx_HAL_Driver/Src/stm32f1xx_hal_exti.c ****   if ((hexti->Line & EXTI_CONFIG) != 0x00u)
 477              		.loc 1 343 3 is_stmt 1 view .LVU161
 478              		.loc 1 343 13 is_stmt 0 view .LVU162
 479 0028 DCF80030 		ldr	r3, [ip]
 480              		.loc 1 343 6 view .LVU163
 481 002c 13F0007F 		tst	r3, #33554432
 482 0030 23D0     		beq	.L37
 344:Drivers/STM32F1xx_HAL_Driver/Src/stm32f1xx_hal_exti.c ****   {
 345:Drivers/STM32F1xx_HAL_Driver/Src/stm32f1xx_hal_exti.c ****     EXTI->RTSR = (EXTI->RTSR & ~maskline);
 483              		.loc 1 345 5 is_stmt 1 view .LVU164
 484              		.loc 1 345 23 is_stmt 0 view .LVU165
 485 0032 9368     		ldr	r3, [r2, #8]
 486              		.loc 1 345 30 view .LVU166
 487 0034 0EEA0303 		and	r3, lr, r3
 488              		.loc 1 345 16 view .LVU167
 489 0038 9360     		str	r3, [r2, #8]
 346:Drivers/STM32F1xx_HAL_Driver/Src/stm32f1xx_hal_exti.c ****     EXTI->FTSR = (EXTI->FTSR & ~maskline);
 490              		.loc 1 346 5 is_stmt 1 view .LVU168
 491              		.loc 1 346 23 is_stmt 0 view .LVU169
 492 003a D368     		ldr	r3, [r2, #12]
 493              		.loc 1 346 30 view .LVU170
 494 003c 0EEA0303 		and	r3, lr, r3
 495              		.loc 1 346 16 view .LVU171
 496 0040 D360     		str	r3, [r2, #12]
 347:Drivers/STM32F1xx_HAL_Driver/Src/stm32f1xx_hal_exti.c **** 
 348:Drivers/STM32F1xx_HAL_Driver/Src/stm32f1xx_hal_exti.c ****     /* Get Gpio port selection for gpio lines */
 349:Drivers/STM32F1xx_HAL_Driver/Src/stm32f1xx_hal_exti.c ****     if ((hexti->Line & EXTI_GPIO) == EXTI_GPIO)
 497              		.loc 1 349 5 is_stmt 1 view .LVU172
 498              		.loc 1 349 15 is_stmt 0 view .LVU173
 499 0042 DCF80030 		ldr	r3, [ip]
 500              		.loc 1 349 22 view .LVU174
 501 0046 03F0C063 		and	r3, r3, #100663296
 502              		.loc 1 349 8 view .LVU175
 503 004a B3F1C06F 		cmp	r3, #100663296
 504 004e 01D0     		beq	.L43
 350:Drivers/STM32F1xx_HAL_Driver/Src/stm32f1xx_hal_exti.c ****     {
 351:Drivers/STM32F1xx_HAL_Driver/Src/stm32f1xx_hal_exti.c ****       assert_param(IS_EXTI_GPIO_PIN(linepos));
 352:Drivers/STM32F1xx_HAL_Driver/Src/stm32f1xx_hal_exti.c **** 
 353:Drivers/STM32F1xx_HAL_Driver/Src/stm32f1xx_hal_exti.c ****       regval = AFIO->EXTICR[linepos >> 2u];
 354:Drivers/STM32F1xx_HAL_Driver/Src/stm32f1xx_hal_exti.c ****       regval &= ~(AFIO_EXTICR1_EXTI0 << (AFIO_EXTICR1_EXTI1_Pos * (linepos & 0x03u)));
 355:Drivers/STM32F1xx_HAL_Driver/Src/stm32f1xx_hal_exti.c ****       AFIO->EXTICR[linepos >> 2u] = regval;
 356:Drivers/STM32F1xx_HAL_Driver/Src/stm32f1xx_hal_exti.c ****     }
 357:Drivers/STM32F1xx_HAL_Driver/Src/stm32f1xx_hal_exti.c ****   }
 358:Drivers/STM32F1xx_HAL_Driver/Src/stm32f1xx_hal_exti.c **** 
 359:Drivers/STM32F1xx_HAL_Driver/Src/stm32f1xx_hal_exti.c ****   return HAL_OK;
 505              		.loc 1 359 10 view .LVU176
 506 0050 0020     		movs	r0, #0
 507              	.LVL35:
 508              		.loc 1 359 10 view .LVU177
 509 0052 13E0     		b	.L35
 510              	.LVL36:
ARM GAS  /tmp/ccqaXObY.s 			page 17


 511              	.L43:
 351:Drivers/STM32F1xx_HAL_Driver/Src/stm32f1xx_hal_exti.c **** 
 512              		.loc 1 351 7 is_stmt 1 view .LVU178
 353:Drivers/STM32F1xx_HAL_Driver/Src/stm32f1xx_hal_exti.c ****       regval &= ~(AFIO_EXTICR1_EXTI0 << (AFIO_EXTICR1_EXTI1_Pos * (linepos & 0x03u)));
 513              		.loc 1 353 7 view .LVU179
 353:Drivers/STM32F1xx_HAL_Driver/Src/stm32f1xx_hal_exti.c ****       regval &= ~(AFIO_EXTICR1_EXTI0 << (AFIO_EXTICR1_EXTI1_Pos * (linepos & 0x03u)));
 514              		.loc 1 353 37 is_stmt 0 view .LVU180
 515 0054 8008     		lsrs	r0, r0, #2
 516              	.LVL37:
 353:Drivers/STM32F1xx_HAL_Driver/Src/stm32f1xx_hal_exti.c ****       regval &= ~(AFIO_EXTICR1_EXTI0 << (AFIO_EXTICR1_EXTI1_Pos * (linepos & 0x03u)));
 517              		.loc 1 353 14 view .LVU181
 518 0056 0B49     		ldr	r1, .L44+4
 519 0058 0230     		adds	r0, r0, #2
 520 005a 51F82030 		ldr	r3, [r1, r0, lsl #2]
 521              	.LVL38:
 354:Drivers/STM32F1xx_HAL_Driver/Src/stm32f1xx_hal_exti.c ****       AFIO->EXTICR[linepos >> 2u] = regval;
 522              		.loc 1 354 7 is_stmt 1 view .LVU182
 354:Drivers/STM32F1xx_HAL_Driver/Src/stm32f1xx_hal_exti.c ****       AFIO->EXTICR[linepos >> 2u] = regval;
 523              		.loc 1 354 76 is_stmt 0 view .LVU183
 524 005e 04F00304 		and	r4, r4, #3
 525              	.LVL39:
 354:Drivers/STM32F1xx_HAL_Driver/Src/stm32f1xx_hal_exti.c ****       AFIO->EXTICR[linepos >> 2u] = regval;
 526              		.loc 1 354 65 view .LVU184
 527 0062 A400     		lsls	r4, r4, #2
 354:Drivers/STM32F1xx_HAL_Driver/Src/stm32f1xx_hal_exti.c ****       AFIO->EXTICR[linepos >> 2u] = regval;
 528              		.loc 1 354 38 view .LVU185
 529 0064 0F22     		movs	r2, #15
 530 0066 02FA04F4 		lsl	r4, r2, r4
 354:Drivers/STM32F1xx_HAL_Driver/Src/stm32f1xx_hal_exti.c ****       AFIO->EXTICR[linepos >> 2u] = regval;
 531              		.loc 1 354 14 view .LVU186
 532 006a 23EA0404 		bic	r4, r3, r4
 533              	.LVL40:
 355:Drivers/STM32F1xx_HAL_Driver/Src/stm32f1xx_hal_exti.c ****     }
 534              		.loc 1 355 7 is_stmt 1 view .LVU187
 355:Drivers/STM32F1xx_HAL_Driver/Src/stm32f1xx_hal_exti.c ****     }
 535              		.loc 1 355 35 is_stmt 0 view .LVU188
 536 006e 41F82040 		str	r4, [r1, r0, lsl #2]
 537              		.loc 1 359 10 view .LVU189
 538 0072 0020     		movs	r0, #0
 539 0074 02E0     		b	.L35
 540              	.LVL41:
 541              	.L36:
 542              		.cfi_def_cfa_offset 0
 543              		.cfi_restore 4
 544              		.cfi_restore 14
 326:Drivers/STM32F1xx_HAL_Driver/Src/stm32f1xx_hal_exti.c ****   }
 545              		.loc 1 326 12 view .LVU190
 546 0076 0120     		movs	r0, #1
 547              	.LVL42:
 360:Drivers/STM32F1xx_HAL_Driver/Src/stm32f1xx_hal_exti.c **** }
 548              		.loc 1 360 1 view .LVU191
 549 0078 7047     		bx	lr
 550              	.LVL43:
 551              	.L37:
 552              		.cfi_def_cfa_offset 8
 553              		.cfi_offset 4, -8
 554              		.cfi_offset 14, -4
ARM GAS  /tmp/ccqaXObY.s 			page 18


 359:Drivers/STM32F1xx_HAL_Driver/Src/stm32f1xx_hal_exti.c **** }
 555              		.loc 1 359 10 view .LVU192
 556 007a 0020     		movs	r0, #0
 557              	.LVL44:
 558              	.L35:
 559              		.loc 1 360 1 view .LVU193
 560 007c 10BD     		pop	{r4, pc}
 561              	.L45:
 562 007e 00BF     		.align	2
 563              	.L44:
 564 0080 00040140 		.word	1073808384
 565 0084 00000140 		.word	1073807360
 566              		.cfi_endproc
 567              	.LFE67:
 569              		.section	.text.HAL_EXTI_RegisterCallback,"ax",%progbits
 570              		.align	1
 571              		.global	HAL_EXTI_RegisterCallback
 572              		.syntax unified
 573              		.thumb
 574              		.thumb_func
 575              		.fpu softvfp
 577              	HAL_EXTI_RegisterCallback:
 578              	.LVL45:
 579              	.LFB68:
 361:Drivers/STM32F1xx_HAL_Driver/Src/stm32f1xx_hal_exti.c **** 
 362:Drivers/STM32F1xx_HAL_Driver/Src/stm32f1xx_hal_exti.c **** /**
 363:Drivers/STM32F1xx_HAL_Driver/Src/stm32f1xx_hal_exti.c ****   * @brief  Register callback for a dedicated Exti line.
 364:Drivers/STM32F1xx_HAL_Driver/Src/stm32f1xx_hal_exti.c ****   * @param  hexti Exti handle.
 365:Drivers/STM32F1xx_HAL_Driver/Src/stm32f1xx_hal_exti.c ****   * @param  CallbackID User callback identifier.
 366:Drivers/STM32F1xx_HAL_Driver/Src/stm32f1xx_hal_exti.c ****   *         This parameter can be one of @arg @ref EXTI_CallbackIDTypeDef values.
 367:Drivers/STM32F1xx_HAL_Driver/Src/stm32f1xx_hal_exti.c ****   * @param  pPendingCbfn function pointer to be stored as callback.
 368:Drivers/STM32F1xx_HAL_Driver/Src/stm32f1xx_hal_exti.c ****   * @retval HAL Status.
 369:Drivers/STM32F1xx_HAL_Driver/Src/stm32f1xx_hal_exti.c ****   */
 370:Drivers/STM32F1xx_HAL_Driver/Src/stm32f1xx_hal_exti.c **** HAL_StatusTypeDef HAL_EXTI_RegisterCallback(EXTI_HandleTypeDef *hexti, EXTI_CallbackIDTypeDef Callb
 371:Drivers/STM32F1xx_HAL_Driver/Src/stm32f1xx_hal_exti.c **** {
 580              		.loc 1 371 1 is_stmt 1 view -0
 581              		.cfi_startproc
 582              		@ args = 0, pretend = 0, frame = 0
 583              		@ frame_needed = 0, uses_anonymous_args = 0
 584              		@ link register save eliminated.
 585              		.loc 1 371 1 is_stmt 0 view .LVU195
 586 0000 0346     		mov	r3, r0
 372:Drivers/STM32F1xx_HAL_Driver/Src/stm32f1xx_hal_exti.c ****   HAL_StatusTypeDef status = HAL_OK;
 587              		.loc 1 372 3 is_stmt 1 view .LVU196
 588              	.LVL46:
 373:Drivers/STM32F1xx_HAL_Driver/Src/stm32f1xx_hal_exti.c **** 
 374:Drivers/STM32F1xx_HAL_Driver/Src/stm32f1xx_hal_exti.c ****   switch (CallbackID)
 589              		.loc 1 374 3 view .LVU197
 590 0002 0846     		mov	r0, r1
 591              	.LVL47:
 592              		.loc 1 374 3 is_stmt 0 view .LVU198
 593 0004 09B9     		cbnz	r1, .L48
 375:Drivers/STM32F1xx_HAL_Driver/Src/stm32f1xx_hal_exti.c ****   {
 376:Drivers/STM32F1xx_HAL_Driver/Src/stm32f1xx_hal_exti.c ****     case  HAL_EXTI_COMMON_CB_ID:
 377:Drivers/STM32F1xx_HAL_Driver/Src/stm32f1xx_hal_exti.c ****       hexti->PendingCallback = pPendingCbfn;
 594              		.loc 1 377 7 is_stmt 1 view .LVU199
 595              		.loc 1 377 30 is_stmt 0 view .LVU200
ARM GAS  /tmp/ccqaXObY.s 			page 19


 596 0006 5A60     		str	r2, [r3, #4]
 378:Drivers/STM32F1xx_HAL_Driver/Src/stm32f1xx_hal_exti.c ****       break;
 597              		.loc 1 378 7 is_stmt 1 view .LVU201
 598 0008 7047     		bx	lr
 599              	.L48:
 379:Drivers/STM32F1xx_HAL_Driver/Src/stm32f1xx_hal_exti.c **** 
 380:Drivers/STM32F1xx_HAL_Driver/Src/stm32f1xx_hal_exti.c ****     default:
 381:Drivers/STM32F1xx_HAL_Driver/Src/stm32f1xx_hal_exti.c ****       status = HAL_ERROR;
 600              		.loc 1 381 14 is_stmt 0 view .LVU202
 601 000a 0120     		movs	r0, #1
 602              	.LVL48:
 382:Drivers/STM32F1xx_HAL_Driver/Src/stm32f1xx_hal_exti.c ****       break;
 383:Drivers/STM32F1xx_HAL_Driver/Src/stm32f1xx_hal_exti.c ****   }
 384:Drivers/STM32F1xx_HAL_Driver/Src/stm32f1xx_hal_exti.c **** 
 385:Drivers/STM32F1xx_HAL_Driver/Src/stm32f1xx_hal_exti.c ****   return status;
 603              		.loc 1 385 3 is_stmt 1 view .LVU203
 386:Drivers/STM32F1xx_HAL_Driver/Src/stm32f1xx_hal_exti.c **** }
 604              		.loc 1 386 1 is_stmt 0 view .LVU204
 605 000c 7047     		bx	lr
 606              		.cfi_endproc
 607              	.LFE68:
 609              		.section	.text.HAL_EXTI_GetHandle,"ax",%progbits
 610              		.align	1
 611              		.global	HAL_EXTI_GetHandle
 612              		.syntax unified
 613              		.thumb
 614              		.thumb_func
 615              		.fpu softvfp
 617              	HAL_EXTI_GetHandle:
 618              	.LVL49:
 619              	.LFB69:
 387:Drivers/STM32F1xx_HAL_Driver/Src/stm32f1xx_hal_exti.c **** 
 388:Drivers/STM32F1xx_HAL_Driver/Src/stm32f1xx_hal_exti.c **** /**
 389:Drivers/STM32F1xx_HAL_Driver/Src/stm32f1xx_hal_exti.c ****   * @brief  Store line number as handle private field.
 390:Drivers/STM32F1xx_HAL_Driver/Src/stm32f1xx_hal_exti.c ****   * @param  hexti Exti handle.
 391:Drivers/STM32F1xx_HAL_Driver/Src/stm32f1xx_hal_exti.c ****   * @param  ExtiLine Exti line number.
 392:Drivers/STM32F1xx_HAL_Driver/Src/stm32f1xx_hal_exti.c ****   *         This parameter can be from 0 to @ref EXTI_LINE_NB.
 393:Drivers/STM32F1xx_HAL_Driver/Src/stm32f1xx_hal_exti.c ****   * @retval HAL Status.
 394:Drivers/STM32F1xx_HAL_Driver/Src/stm32f1xx_hal_exti.c ****   */
 395:Drivers/STM32F1xx_HAL_Driver/Src/stm32f1xx_hal_exti.c **** HAL_StatusTypeDef HAL_EXTI_GetHandle(EXTI_HandleTypeDef *hexti, uint32_t ExtiLine)
 396:Drivers/STM32F1xx_HAL_Driver/Src/stm32f1xx_hal_exti.c **** {
 620              		.loc 1 396 1 is_stmt 1 view -0
 621              		.cfi_startproc
 622              		@ args = 0, pretend = 0, frame = 0
 623              		@ frame_needed = 0, uses_anonymous_args = 0
 624              		@ link register save eliminated.
 397:Drivers/STM32F1xx_HAL_Driver/Src/stm32f1xx_hal_exti.c ****   /* Check the parameters */
 398:Drivers/STM32F1xx_HAL_Driver/Src/stm32f1xx_hal_exti.c ****   assert_param(IS_EXTI_LINE(ExtiLine));
 625              		.loc 1 398 3 view .LVU206
 399:Drivers/STM32F1xx_HAL_Driver/Src/stm32f1xx_hal_exti.c **** 
 400:Drivers/STM32F1xx_HAL_Driver/Src/stm32f1xx_hal_exti.c ****   /* Check null pointer */
 401:Drivers/STM32F1xx_HAL_Driver/Src/stm32f1xx_hal_exti.c ****   if (hexti == NULL)
 626              		.loc 1 401 3 view .LVU207
 627              		.loc 1 401 6 is_stmt 0 view .LVU208
 628 0000 10B1     		cbz	r0, .L51
 402:Drivers/STM32F1xx_HAL_Driver/Src/stm32f1xx_hal_exti.c ****   {
 403:Drivers/STM32F1xx_HAL_Driver/Src/stm32f1xx_hal_exti.c ****     return HAL_ERROR;
ARM GAS  /tmp/ccqaXObY.s 			page 20


 404:Drivers/STM32F1xx_HAL_Driver/Src/stm32f1xx_hal_exti.c ****   }
 405:Drivers/STM32F1xx_HAL_Driver/Src/stm32f1xx_hal_exti.c ****   else
 406:Drivers/STM32F1xx_HAL_Driver/Src/stm32f1xx_hal_exti.c ****   {
 407:Drivers/STM32F1xx_HAL_Driver/Src/stm32f1xx_hal_exti.c ****     /* Store line number as handle private field */
 408:Drivers/STM32F1xx_HAL_Driver/Src/stm32f1xx_hal_exti.c ****     hexti->Line = ExtiLine;
 629              		.loc 1 408 5 is_stmt 1 view .LVU209
 630              		.loc 1 408 17 is_stmt 0 view .LVU210
 631 0002 0160     		str	r1, [r0]
 409:Drivers/STM32F1xx_HAL_Driver/Src/stm32f1xx_hal_exti.c **** 
 410:Drivers/STM32F1xx_HAL_Driver/Src/stm32f1xx_hal_exti.c ****     return HAL_OK;
 632              		.loc 1 410 5 is_stmt 1 view .LVU211
 633              		.loc 1 410 12 is_stmt 0 view .LVU212
 634 0004 0020     		movs	r0, #0
 635              	.LVL50:
 636              		.loc 1 410 12 view .LVU213
 637 0006 7047     		bx	lr
 638              	.LVL51:
 639              	.L51:
 403:Drivers/STM32F1xx_HAL_Driver/Src/stm32f1xx_hal_exti.c ****   }
 640              		.loc 1 403 12 view .LVU214
 641 0008 0120     		movs	r0, #1
 642              	.LVL52:
 411:Drivers/STM32F1xx_HAL_Driver/Src/stm32f1xx_hal_exti.c ****   }
 412:Drivers/STM32F1xx_HAL_Driver/Src/stm32f1xx_hal_exti.c **** }
 643              		.loc 1 412 1 view .LVU215
 644 000a 7047     		bx	lr
 645              		.cfi_endproc
 646              	.LFE69:
 648              		.section	.text.HAL_EXTI_IRQHandler,"ax",%progbits
 649              		.align	1
 650              		.global	HAL_EXTI_IRQHandler
 651              		.syntax unified
 652              		.thumb
 653              		.thumb_func
 654              		.fpu softvfp
 656              	HAL_EXTI_IRQHandler:
 657              	.LVL53:
 658              	.LFB70:
 413:Drivers/STM32F1xx_HAL_Driver/Src/stm32f1xx_hal_exti.c **** 
 414:Drivers/STM32F1xx_HAL_Driver/Src/stm32f1xx_hal_exti.c **** /**
 415:Drivers/STM32F1xx_HAL_Driver/Src/stm32f1xx_hal_exti.c ****   * @}
 416:Drivers/STM32F1xx_HAL_Driver/Src/stm32f1xx_hal_exti.c ****   */
 417:Drivers/STM32F1xx_HAL_Driver/Src/stm32f1xx_hal_exti.c **** 
 418:Drivers/STM32F1xx_HAL_Driver/Src/stm32f1xx_hal_exti.c **** /** @addtogroup EXTI_Exported_Functions_Group2
 419:Drivers/STM32F1xx_HAL_Driver/Src/stm32f1xx_hal_exti.c ****   *  @brief EXTI IO functions.
 420:Drivers/STM32F1xx_HAL_Driver/Src/stm32f1xx_hal_exti.c ****   *
 421:Drivers/STM32F1xx_HAL_Driver/Src/stm32f1xx_hal_exti.c **** @verbatim
 422:Drivers/STM32F1xx_HAL_Driver/Src/stm32f1xx_hal_exti.c ****  ===============================================================================
 423:Drivers/STM32F1xx_HAL_Driver/Src/stm32f1xx_hal_exti.c ****                        ##### IO operation functions #####
 424:Drivers/STM32F1xx_HAL_Driver/Src/stm32f1xx_hal_exti.c ****  ===============================================================================
 425:Drivers/STM32F1xx_HAL_Driver/Src/stm32f1xx_hal_exti.c **** 
 426:Drivers/STM32F1xx_HAL_Driver/Src/stm32f1xx_hal_exti.c **** @endverbatim
 427:Drivers/STM32F1xx_HAL_Driver/Src/stm32f1xx_hal_exti.c ****   * @{
 428:Drivers/STM32F1xx_HAL_Driver/Src/stm32f1xx_hal_exti.c ****   */
 429:Drivers/STM32F1xx_HAL_Driver/Src/stm32f1xx_hal_exti.c **** 
 430:Drivers/STM32F1xx_HAL_Driver/Src/stm32f1xx_hal_exti.c **** /**
 431:Drivers/STM32F1xx_HAL_Driver/Src/stm32f1xx_hal_exti.c ****   * @brief  Handle EXTI interrupt request.
ARM GAS  /tmp/ccqaXObY.s 			page 21


 432:Drivers/STM32F1xx_HAL_Driver/Src/stm32f1xx_hal_exti.c ****   * @param  hexti Exti handle.
 433:Drivers/STM32F1xx_HAL_Driver/Src/stm32f1xx_hal_exti.c ****   * @retval none.
 434:Drivers/STM32F1xx_HAL_Driver/Src/stm32f1xx_hal_exti.c ****   */
 435:Drivers/STM32F1xx_HAL_Driver/Src/stm32f1xx_hal_exti.c **** void HAL_EXTI_IRQHandler(EXTI_HandleTypeDef *hexti)
 436:Drivers/STM32F1xx_HAL_Driver/Src/stm32f1xx_hal_exti.c **** {
 659              		.loc 1 436 1 is_stmt 1 view -0
 660              		.cfi_startproc
 661              		@ args = 0, pretend = 0, frame = 0
 662              		@ frame_needed = 0, uses_anonymous_args = 0
 663              		.loc 1 436 1 is_stmt 0 view .LVU217
 664 0000 08B5     		push	{r3, lr}
 665              		.cfi_def_cfa_offset 8
 666              		.cfi_offset 3, -8
 667              		.cfi_offset 14, -4
 437:Drivers/STM32F1xx_HAL_Driver/Src/stm32f1xx_hal_exti.c ****   uint32_t regval;
 668              		.loc 1 437 3 is_stmt 1 view .LVU218
 438:Drivers/STM32F1xx_HAL_Driver/Src/stm32f1xx_hal_exti.c ****   uint32_t maskline;
 669              		.loc 1 438 3 view .LVU219
 439:Drivers/STM32F1xx_HAL_Driver/Src/stm32f1xx_hal_exti.c **** 
 440:Drivers/STM32F1xx_HAL_Driver/Src/stm32f1xx_hal_exti.c ****   /* Compute line mask */
 441:Drivers/STM32F1xx_HAL_Driver/Src/stm32f1xx_hal_exti.c ****   maskline = (1uL << (hexti->Line & EXTI_PIN_MASK));
 670              		.loc 1 441 3 view .LVU220
 671              		.loc 1 441 28 is_stmt 0 view .LVU221
 672 0002 0368     		ldr	r3, [r0]
 673              		.loc 1 441 35 view .LVU222
 674 0004 03F01F02 		and	r2, r3, #31
 675              		.loc 1 441 12 view .LVU223
 676 0008 0123     		movs	r3, #1
 677 000a 9340     		lsls	r3, r3, r2
 678              	.LVL54:
 442:Drivers/STM32F1xx_HAL_Driver/Src/stm32f1xx_hal_exti.c **** 
 443:Drivers/STM32F1xx_HAL_Driver/Src/stm32f1xx_hal_exti.c ****   /* Get pending bit  */
 444:Drivers/STM32F1xx_HAL_Driver/Src/stm32f1xx_hal_exti.c ****   regval = (EXTI->PR & maskline);
 679              		.loc 1 444 3 is_stmt 1 view .LVU224
 680              		.loc 1 444 17 is_stmt 0 view .LVU225
 681 000c 044A     		ldr	r2, .L55
 682 000e 5269     		ldr	r2, [r2, #20]
 683              	.LVL55:
 445:Drivers/STM32F1xx_HAL_Driver/Src/stm32f1xx_hal_exti.c ****   if (regval != 0x00u)
 684              		.loc 1 445 3 is_stmt 1 view .LVU226
 685              		.loc 1 445 6 is_stmt 0 view .LVU227
 686 0010 1A42     		tst	r2, r3
 687 0012 04D0     		beq	.L52
 446:Drivers/STM32F1xx_HAL_Driver/Src/stm32f1xx_hal_exti.c ****   {
 447:Drivers/STM32F1xx_HAL_Driver/Src/stm32f1xx_hal_exti.c ****     /* Clear pending bit */
 448:Drivers/STM32F1xx_HAL_Driver/Src/stm32f1xx_hal_exti.c ****     EXTI->PR = maskline;
 688              		.loc 1 448 5 is_stmt 1 view .LVU228
 689              		.loc 1 448 14 is_stmt 0 view .LVU229
 690 0014 024A     		ldr	r2, .L55
 691              	.LVL56:
 692              		.loc 1 448 14 view .LVU230
 693 0016 5361     		str	r3, [r2, #20]
 449:Drivers/STM32F1xx_HAL_Driver/Src/stm32f1xx_hal_exti.c **** 
 450:Drivers/STM32F1xx_HAL_Driver/Src/stm32f1xx_hal_exti.c ****     /* Call callback */
 451:Drivers/STM32F1xx_HAL_Driver/Src/stm32f1xx_hal_exti.c ****     if (hexti->PendingCallback != NULL)
 694              		.loc 1 451 5 is_stmt 1 view .LVU231
 695              		.loc 1 451 14 is_stmt 0 view .LVU232
ARM GAS  /tmp/ccqaXObY.s 			page 22


 696 0018 4368     		ldr	r3, [r0, #4]
 697              	.LVL57:
 698              		.loc 1 451 8 view .LVU233
 699 001a 03B1     		cbz	r3, .L52
 452:Drivers/STM32F1xx_HAL_Driver/Src/stm32f1xx_hal_exti.c ****     {
 453:Drivers/STM32F1xx_HAL_Driver/Src/stm32f1xx_hal_exti.c ****       hexti->PendingCallback();
 700              		.loc 1 453 7 is_stmt 1 view .LVU234
 701 001c 9847     		blx	r3
 702              	.LVL58:
 703              	.L52:
 454:Drivers/STM32F1xx_HAL_Driver/Src/stm32f1xx_hal_exti.c ****     }
 455:Drivers/STM32F1xx_HAL_Driver/Src/stm32f1xx_hal_exti.c ****   }
 456:Drivers/STM32F1xx_HAL_Driver/Src/stm32f1xx_hal_exti.c **** }
 704              		.loc 1 456 1 is_stmt 0 view .LVU235
 705 001e 08BD     		pop	{r3, pc}
 706              	.L56:
 707              		.align	2
 708              	.L55:
 709 0020 00040140 		.word	1073808384
 710              		.cfi_endproc
 711              	.LFE70:
 713              		.section	.text.HAL_EXTI_GetPending,"ax",%progbits
 714              		.align	1
 715              		.global	HAL_EXTI_GetPending
 716              		.syntax unified
 717              		.thumb
 718              		.thumb_func
 719              		.fpu softvfp
 721              	HAL_EXTI_GetPending:
 722              	.LVL59:
 723              	.LFB71:
 457:Drivers/STM32F1xx_HAL_Driver/Src/stm32f1xx_hal_exti.c **** 
 458:Drivers/STM32F1xx_HAL_Driver/Src/stm32f1xx_hal_exti.c **** /**
 459:Drivers/STM32F1xx_HAL_Driver/Src/stm32f1xx_hal_exti.c ****   * @brief  Get interrupt pending bit of a dedicated line.
 460:Drivers/STM32F1xx_HAL_Driver/Src/stm32f1xx_hal_exti.c ****   * @param  hexti Exti handle.
 461:Drivers/STM32F1xx_HAL_Driver/Src/stm32f1xx_hal_exti.c ****   * @param  Edge Specify which pending edge as to be checked.
 462:Drivers/STM32F1xx_HAL_Driver/Src/stm32f1xx_hal_exti.c ****   *         This parameter can be one of the following values:
 463:Drivers/STM32F1xx_HAL_Driver/Src/stm32f1xx_hal_exti.c ****   *           @arg @ref EXTI_TRIGGER_RISING_FALLING
 464:Drivers/STM32F1xx_HAL_Driver/Src/stm32f1xx_hal_exti.c ****   *         This parameter is kept for compatibility with other series.
 465:Drivers/STM32F1xx_HAL_Driver/Src/stm32f1xx_hal_exti.c ****   * @retval 1 if interrupt is pending else 0.
 466:Drivers/STM32F1xx_HAL_Driver/Src/stm32f1xx_hal_exti.c ****   */
 467:Drivers/STM32F1xx_HAL_Driver/Src/stm32f1xx_hal_exti.c **** uint32_t HAL_EXTI_GetPending(EXTI_HandleTypeDef *hexti, uint32_t Edge)
 468:Drivers/STM32F1xx_HAL_Driver/Src/stm32f1xx_hal_exti.c **** {
 724              		.loc 1 468 1 is_stmt 1 view -0
 725              		.cfi_startproc
 726              		@ args = 0, pretend = 0, frame = 0
 727              		@ frame_needed = 0, uses_anonymous_args = 0
 728              		@ link register save eliminated.
 469:Drivers/STM32F1xx_HAL_Driver/Src/stm32f1xx_hal_exti.c ****   uint32_t regval;
 729              		.loc 1 469 3 view .LVU237
 470:Drivers/STM32F1xx_HAL_Driver/Src/stm32f1xx_hal_exti.c ****   uint32_t maskline;
 730              		.loc 1 470 3 view .LVU238
 471:Drivers/STM32F1xx_HAL_Driver/Src/stm32f1xx_hal_exti.c ****   uint32_t linepos;
 731              		.loc 1 471 3 view .LVU239
 472:Drivers/STM32F1xx_HAL_Driver/Src/stm32f1xx_hal_exti.c **** 
 473:Drivers/STM32F1xx_HAL_Driver/Src/stm32f1xx_hal_exti.c ****   /* Check parameters */
 474:Drivers/STM32F1xx_HAL_Driver/Src/stm32f1xx_hal_exti.c ****   assert_param(IS_EXTI_LINE(hexti->Line));
ARM GAS  /tmp/ccqaXObY.s 			page 23


 732              		.loc 1 474 3 view .LVU240
 475:Drivers/STM32F1xx_HAL_Driver/Src/stm32f1xx_hal_exti.c ****   assert_param(IS_EXTI_CONFIG_LINE(hexti->Line));
 733              		.loc 1 475 3 view .LVU241
 476:Drivers/STM32F1xx_HAL_Driver/Src/stm32f1xx_hal_exti.c ****   assert_param(IS_EXTI_PENDING_EDGE(Edge));
 734              		.loc 1 476 3 view .LVU242
 477:Drivers/STM32F1xx_HAL_Driver/Src/stm32f1xx_hal_exti.c **** 
 478:Drivers/STM32F1xx_HAL_Driver/Src/stm32f1xx_hal_exti.c ****   /* Prevent unused argument compilation warning */
 479:Drivers/STM32F1xx_HAL_Driver/Src/stm32f1xx_hal_exti.c ****   UNUSED(Edge);
 735              		.loc 1 479 3 view .LVU243
 480:Drivers/STM32F1xx_HAL_Driver/Src/stm32f1xx_hal_exti.c **** 
 481:Drivers/STM32F1xx_HAL_Driver/Src/stm32f1xx_hal_exti.c ****   /* Compute line mask */
 482:Drivers/STM32F1xx_HAL_Driver/Src/stm32f1xx_hal_exti.c ****   linepos = (hexti->Line & EXTI_PIN_MASK);
 736              		.loc 1 482 3 view .LVU244
 737              		.loc 1 482 19 is_stmt 0 view .LVU245
 738 0000 0368     		ldr	r3, [r0]
 739              		.loc 1 482 11 view .LVU246
 740 0002 03F01F03 		and	r3, r3, #31
 741              	.LVL60:
 483:Drivers/STM32F1xx_HAL_Driver/Src/stm32f1xx_hal_exti.c ****   maskline = (1uL << linepos);
 742              		.loc 1 483 3 is_stmt 1 view .LVU247
 743              		.loc 1 483 12 is_stmt 0 view .LVU248
 744 0006 0120     		movs	r0, #1
 745              	.LVL61:
 746              		.loc 1 483 12 view .LVU249
 747 0008 00FA03F2 		lsl	r2, r0, r3
 748              	.LVL62:
 484:Drivers/STM32F1xx_HAL_Driver/Src/stm32f1xx_hal_exti.c **** 
 485:Drivers/STM32F1xx_HAL_Driver/Src/stm32f1xx_hal_exti.c ****   /* return 1 if bit is set else 0 */
 486:Drivers/STM32F1xx_HAL_Driver/Src/stm32f1xx_hal_exti.c ****   regval = ((EXTI->PR & maskline) >> linepos);
 749              		.loc 1 486 3 is_stmt 1 view .LVU250
 750              		.loc 1 486 18 is_stmt 0 view .LVU251
 751 000c 0249     		ldr	r1, .L58
 752              	.LVL63:
 753              		.loc 1 486 18 view .LVU252
 754 000e 4869     		ldr	r0, [r1, #20]
 755              		.loc 1 486 23 view .LVU253
 756 0010 1040     		ands	r0, r0, r2
 757              	.LVL64:
 487:Drivers/STM32F1xx_HAL_Driver/Src/stm32f1xx_hal_exti.c ****   return regval;
 758              		.loc 1 487 3 is_stmt 1 view .LVU254
 488:Drivers/STM32F1xx_HAL_Driver/Src/stm32f1xx_hal_exti.c **** }
 759              		.loc 1 488 1 is_stmt 0 view .LVU255
 760 0012 D840     		lsrs	r0, r0, r3
 761              	.LVL65:
 762              		.loc 1 488 1 view .LVU256
 763 0014 7047     		bx	lr
 764              	.L59:
 765 0016 00BF     		.align	2
 766              	.L58:
 767 0018 00040140 		.word	1073808384
 768              		.cfi_endproc
 769              	.LFE71:
 771              		.section	.text.HAL_EXTI_ClearPending,"ax",%progbits
 772              		.align	1
 773              		.global	HAL_EXTI_ClearPending
 774              		.syntax unified
 775              		.thumb
ARM GAS  /tmp/ccqaXObY.s 			page 24


 776              		.thumb_func
 777              		.fpu softvfp
 779              	HAL_EXTI_ClearPending:
 780              	.LVL66:
 781              	.LFB72:
 489:Drivers/STM32F1xx_HAL_Driver/Src/stm32f1xx_hal_exti.c **** 
 490:Drivers/STM32F1xx_HAL_Driver/Src/stm32f1xx_hal_exti.c **** /**
 491:Drivers/STM32F1xx_HAL_Driver/Src/stm32f1xx_hal_exti.c ****   * @brief  Clear interrupt pending bit of a dedicated line.
 492:Drivers/STM32F1xx_HAL_Driver/Src/stm32f1xx_hal_exti.c ****   * @param  hexti Exti handle.
 493:Drivers/STM32F1xx_HAL_Driver/Src/stm32f1xx_hal_exti.c ****   * @param  Edge Specify which pending edge as to be clear.
 494:Drivers/STM32F1xx_HAL_Driver/Src/stm32f1xx_hal_exti.c ****   *         This parameter can be one of the following values:
 495:Drivers/STM32F1xx_HAL_Driver/Src/stm32f1xx_hal_exti.c ****   *           @arg @ref EXTI_TRIGGER_RISING_FALLING
 496:Drivers/STM32F1xx_HAL_Driver/Src/stm32f1xx_hal_exti.c ****   *         This parameter is kept for compatibility with other series.
 497:Drivers/STM32F1xx_HAL_Driver/Src/stm32f1xx_hal_exti.c ****   * @retval None.
 498:Drivers/STM32F1xx_HAL_Driver/Src/stm32f1xx_hal_exti.c ****   */
 499:Drivers/STM32F1xx_HAL_Driver/Src/stm32f1xx_hal_exti.c **** void HAL_EXTI_ClearPending(EXTI_HandleTypeDef *hexti, uint32_t Edge)
 500:Drivers/STM32F1xx_HAL_Driver/Src/stm32f1xx_hal_exti.c **** {
 782              		.loc 1 500 1 is_stmt 1 view -0
 783              		.cfi_startproc
 784              		@ args = 0, pretend = 0, frame = 0
 785              		@ frame_needed = 0, uses_anonymous_args = 0
 786              		@ link register save eliminated.
 501:Drivers/STM32F1xx_HAL_Driver/Src/stm32f1xx_hal_exti.c ****   uint32_t maskline;
 787              		.loc 1 501 3 view .LVU258
 502:Drivers/STM32F1xx_HAL_Driver/Src/stm32f1xx_hal_exti.c **** 
 503:Drivers/STM32F1xx_HAL_Driver/Src/stm32f1xx_hal_exti.c ****   /* Check parameters */
 504:Drivers/STM32F1xx_HAL_Driver/Src/stm32f1xx_hal_exti.c ****   assert_param(IS_EXTI_LINE(hexti->Line));
 788              		.loc 1 504 3 view .LVU259
 505:Drivers/STM32F1xx_HAL_Driver/Src/stm32f1xx_hal_exti.c ****   assert_param(IS_EXTI_CONFIG_LINE(hexti->Line));
 789              		.loc 1 505 3 view .LVU260
 506:Drivers/STM32F1xx_HAL_Driver/Src/stm32f1xx_hal_exti.c ****   assert_param(IS_EXTI_PENDING_EDGE(Edge));
 790              		.loc 1 506 3 view .LVU261
 507:Drivers/STM32F1xx_HAL_Driver/Src/stm32f1xx_hal_exti.c **** 
 508:Drivers/STM32F1xx_HAL_Driver/Src/stm32f1xx_hal_exti.c ****   /* Prevent unused argument compilation warning */
 509:Drivers/STM32F1xx_HAL_Driver/Src/stm32f1xx_hal_exti.c ****   UNUSED(Edge);
 791              		.loc 1 509 3 view .LVU262
 510:Drivers/STM32F1xx_HAL_Driver/Src/stm32f1xx_hal_exti.c **** 
 511:Drivers/STM32F1xx_HAL_Driver/Src/stm32f1xx_hal_exti.c ****   /* Compute line mask */
 512:Drivers/STM32F1xx_HAL_Driver/Src/stm32f1xx_hal_exti.c ****   maskline = (1uL << (hexti->Line & EXTI_PIN_MASK));
 792              		.loc 1 512 3 view .LVU263
 793              		.loc 1 512 28 is_stmt 0 view .LVU264
 794 0000 0268     		ldr	r2, [r0]
 795              		.loc 1 512 35 view .LVU265
 796 0002 02F01F02 		and	r2, r2, #31
 797              		.loc 1 512 12 view .LVU266
 798 0006 0123     		movs	r3, #1
 799 0008 9340     		lsls	r3, r3, r2
 800              	.LVL67:
 513:Drivers/STM32F1xx_HAL_Driver/Src/stm32f1xx_hal_exti.c **** 
 514:Drivers/STM32F1xx_HAL_Driver/Src/stm32f1xx_hal_exti.c ****   /* Clear Pending bit */
 515:Drivers/STM32F1xx_HAL_Driver/Src/stm32f1xx_hal_exti.c ****   EXTI->PR =  maskline;
 801              		.loc 1 515 3 is_stmt 1 view .LVU267
 802              		.loc 1 515 12 is_stmt 0 view .LVU268
 803 000a 014A     		ldr	r2, .L61
 804 000c 5361     		str	r3, [r2, #20]
 516:Drivers/STM32F1xx_HAL_Driver/Src/stm32f1xx_hal_exti.c **** }
 805              		.loc 1 516 1 view .LVU269
ARM GAS  /tmp/ccqaXObY.s 			page 25


 806 000e 7047     		bx	lr
 807              	.L62:
 808              		.align	2
 809              	.L61:
 810 0010 00040140 		.word	1073808384
 811              		.cfi_endproc
 812              	.LFE72:
 814              		.section	.text.HAL_EXTI_GenerateSWI,"ax",%progbits
 815              		.align	1
 816              		.global	HAL_EXTI_GenerateSWI
 817              		.syntax unified
 818              		.thumb
 819              		.thumb_func
 820              		.fpu softvfp
 822              	HAL_EXTI_GenerateSWI:
 823              	.LVL68:
 824              	.LFB73:
 517:Drivers/STM32F1xx_HAL_Driver/Src/stm32f1xx_hal_exti.c **** 
 518:Drivers/STM32F1xx_HAL_Driver/Src/stm32f1xx_hal_exti.c **** /**
 519:Drivers/STM32F1xx_HAL_Driver/Src/stm32f1xx_hal_exti.c ****   * @brief  Generate a software interrupt for a dedicated line.
 520:Drivers/STM32F1xx_HAL_Driver/Src/stm32f1xx_hal_exti.c ****   * @param  hexti Exti handle.
 521:Drivers/STM32F1xx_HAL_Driver/Src/stm32f1xx_hal_exti.c ****   * @retval None.
 522:Drivers/STM32F1xx_HAL_Driver/Src/stm32f1xx_hal_exti.c ****   */
 523:Drivers/STM32F1xx_HAL_Driver/Src/stm32f1xx_hal_exti.c **** void HAL_EXTI_GenerateSWI(EXTI_HandleTypeDef *hexti)
 524:Drivers/STM32F1xx_HAL_Driver/Src/stm32f1xx_hal_exti.c **** {
 825              		.loc 1 524 1 is_stmt 1 view -0
 826              		.cfi_startproc
 827              		@ args = 0, pretend = 0, frame = 0
 828              		@ frame_needed = 0, uses_anonymous_args = 0
 829              		@ link register save eliminated.
 525:Drivers/STM32F1xx_HAL_Driver/Src/stm32f1xx_hal_exti.c ****   uint32_t maskline;
 830              		.loc 1 525 3 view .LVU271
 526:Drivers/STM32F1xx_HAL_Driver/Src/stm32f1xx_hal_exti.c **** 
 527:Drivers/STM32F1xx_HAL_Driver/Src/stm32f1xx_hal_exti.c ****   /* Check parameters */
 528:Drivers/STM32F1xx_HAL_Driver/Src/stm32f1xx_hal_exti.c ****   assert_param(IS_EXTI_LINE(hexti->Line));
 831              		.loc 1 528 3 view .LVU272
 529:Drivers/STM32F1xx_HAL_Driver/Src/stm32f1xx_hal_exti.c ****   assert_param(IS_EXTI_CONFIG_LINE(hexti->Line));
 832              		.loc 1 529 3 view .LVU273
 530:Drivers/STM32F1xx_HAL_Driver/Src/stm32f1xx_hal_exti.c **** 
 531:Drivers/STM32F1xx_HAL_Driver/Src/stm32f1xx_hal_exti.c ****   /* Compute line mask */
 532:Drivers/STM32F1xx_HAL_Driver/Src/stm32f1xx_hal_exti.c ****   maskline = (1uL << (hexti->Line & EXTI_PIN_MASK));
 833              		.loc 1 532 3 view .LVU274
 834              		.loc 1 532 28 is_stmt 0 view .LVU275
 835 0000 0268     		ldr	r2, [r0]
 836              		.loc 1 532 35 view .LVU276
 837 0002 02F01F02 		and	r2, r2, #31
 838              		.loc 1 532 12 view .LVU277
 839 0006 0123     		movs	r3, #1
 840 0008 9340     		lsls	r3, r3, r2
 841              	.LVL69:
 533:Drivers/STM32F1xx_HAL_Driver/Src/stm32f1xx_hal_exti.c **** 
 534:Drivers/STM32F1xx_HAL_Driver/Src/stm32f1xx_hal_exti.c ****   /* Generate Software interrupt */
 535:Drivers/STM32F1xx_HAL_Driver/Src/stm32f1xx_hal_exti.c ****   EXTI->SWIER = maskline;
 842              		.loc 1 535 3 is_stmt 1 view .LVU278
 843              		.loc 1 535 15 is_stmt 0 view .LVU279
 844 000a 014A     		ldr	r2, .L64
 845 000c 1361     		str	r3, [r2, #16]
ARM GAS  /tmp/ccqaXObY.s 			page 26


 536:Drivers/STM32F1xx_HAL_Driver/Src/stm32f1xx_hal_exti.c **** }
 846              		.loc 1 536 1 view .LVU280
 847 000e 7047     		bx	lr
 848              	.L65:
 849              		.align	2
 850              	.L64:
 851 0010 00040140 		.word	1073808384
 852              		.cfi_endproc
 853              	.LFE73:
 855              		.text
 856              	.Letext0:
 857              		.file 2 "Drivers/CMSIS/Device/ST/STM32F1xx/Include/stm32f103xb.h"
 858              		.file 3 "/usr/lib/gcc/arm-none-eabi/10.3.1/include/stdint.h"
 859              		.file 4 "Drivers/STM32F1xx_HAL_Driver/Inc/stm32f1xx_hal_def.h"
 860              		.file 5 "Drivers/STM32F1xx_HAL_Driver/Inc/stm32f1xx_hal_exti.h"
ARM GAS  /tmp/ccqaXObY.s 			page 27


DEFINED SYMBOLS
                            *ABS*:0000000000000000 stm32f1xx_hal_exti.c
     /tmp/ccqaXObY.s:16     .text.HAL_EXTI_SetConfigLine:0000000000000000 $t
     /tmp/ccqaXObY.s:24     .text.HAL_EXTI_SetConfigLine:0000000000000000 HAL_EXTI_SetConfigLine
     /tmp/ccqaXObY.s:238    .text.HAL_EXTI_SetConfigLine:00000000000000d0 $d
     /tmp/ccqaXObY.s:244    .text.HAL_EXTI_GetConfigLine:0000000000000000 $t
     /tmp/ccqaXObY.s:251    .text.HAL_EXTI_GetConfigLine:0000000000000000 HAL_EXTI_GetConfigLine
     /tmp/ccqaXObY.s:414    .text.HAL_EXTI_GetConfigLine:00000000000000a4 $d
     /tmp/ccqaXObY.s:420    .text.HAL_EXTI_ClearConfigLine:0000000000000000 $t
     /tmp/ccqaXObY.s:427    .text.HAL_EXTI_ClearConfigLine:0000000000000000 HAL_EXTI_ClearConfigLine
     /tmp/ccqaXObY.s:564    .text.HAL_EXTI_ClearConfigLine:0000000000000080 $d
     /tmp/ccqaXObY.s:570    .text.HAL_EXTI_RegisterCallback:0000000000000000 $t
     /tmp/ccqaXObY.s:577    .text.HAL_EXTI_RegisterCallback:0000000000000000 HAL_EXTI_RegisterCallback
     /tmp/ccqaXObY.s:610    .text.HAL_EXTI_GetHandle:0000000000000000 $t
     /tmp/ccqaXObY.s:617    .text.HAL_EXTI_GetHandle:0000000000000000 HAL_EXTI_GetHandle
     /tmp/ccqaXObY.s:649    .text.HAL_EXTI_IRQHandler:0000000000000000 $t
     /tmp/ccqaXObY.s:656    .text.HAL_EXTI_IRQHandler:0000000000000000 HAL_EXTI_IRQHandler
     /tmp/ccqaXObY.s:709    .text.HAL_EXTI_IRQHandler:0000000000000020 $d
     /tmp/ccqaXObY.s:714    .text.HAL_EXTI_GetPending:0000000000000000 $t
     /tmp/ccqaXObY.s:721    .text.HAL_EXTI_GetPending:0000000000000000 HAL_EXTI_GetPending
     /tmp/ccqaXObY.s:767    .text.HAL_EXTI_GetPending:0000000000000018 $d
     /tmp/ccqaXObY.s:772    .text.HAL_EXTI_ClearPending:0000000000000000 $t
     /tmp/ccqaXObY.s:779    .text.HAL_EXTI_ClearPending:0000000000000000 HAL_EXTI_ClearPending
     /tmp/ccqaXObY.s:810    .text.HAL_EXTI_ClearPending:0000000000000010 $d
     /tmp/ccqaXObY.s:815    .text.HAL_EXTI_GenerateSWI:0000000000000000 $t
     /tmp/ccqaXObY.s:822    .text.HAL_EXTI_GenerateSWI:0000000000000000 HAL_EXTI_GenerateSWI
     /tmp/ccqaXObY.s:851    .text.HAL_EXTI_GenerateSWI:0000000000000010 $d

NO UNDEFINED SYMBOLS
