ARM GAS  /tmp/ccqJIbkp.s 			page 1


   1              		.cpu cortex-m3
   2              		.eabi_attribute 20, 1
   3              		.eabi_attribute 21, 1
   4              		.eabi_attribute 23, 3
   5              		.eabi_attribute 24, 1
   6              		.eabi_attribute 25, 1
   7              		.eabi_attribute 26, 1
   8              		.eabi_attribute 30, 1
   9              		.eabi_attribute 34, 1
  10              		.eabi_attribute 18, 4
  11              		.file	"stm32f1xx_hal.c"
  12              		.text
  13              	.Ltext0:
  14              		.cfi_sections	.debug_frame
  15              		.section	.text.HAL_MspInit,"ax",%progbits
  16              		.align	1
  17              		.weak	HAL_MspInit
  18              		.arch armv7-m
  19              		.syntax unified
  20              		.thumb
  21              		.thumb_func
  22              		.fpu softvfp
  24              	HAL_MspInit:
  25              	.LFB67:
  26              		.file 1 "Drivers/STM32F1xx_HAL_Driver/Src/stm32f1xx_hal.c"
   1:Drivers/STM32F1xx_HAL_Driver/Src/stm32f1xx_hal.c **** /**
   2:Drivers/STM32F1xx_HAL_Driver/Src/stm32f1xx_hal.c ****   ******************************************************************************
   3:Drivers/STM32F1xx_HAL_Driver/Src/stm32f1xx_hal.c ****   * @file    stm32f1xx_hal.c
   4:Drivers/STM32F1xx_HAL_Driver/Src/stm32f1xx_hal.c ****   * @author  MCD Application Team
   5:Drivers/STM32F1xx_HAL_Driver/Src/stm32f1xx_hal.c ****   * @brief   HAL module driver.
   6:Drivers/STM32F1xx_HAL_Driver/Src/stm32f1xx_hal.c ****   *          This is the common part of the HAL initialization
   7:Drivers/STM32F1xx_HAL_Driver/Src/stm32f1xx_hal.c ****   *
   8:Drivers/STM32F1xx_HAL_Driver/Src/stm32f1xx_hal.c ****   @verbatim
   9:Drivers/STM32F1xx_HAL_Driver/Src/stm32f1xx_hal.c ****   ==============================================================================
  10:Drivers/STM32F1xx_HAL_Driver/Src/stm32f1xx_hal.c ****                      ##### How to use this driver #####
  11:Drivers/STM32F1xx_HAL_Driver/Src/stm32f1xx_hal.c ****   ==============================================================================
  12:Drivers/STM32F1xx_HAL_Driver/Src/stm32f1xx_hal.c ****     [..]
  13:Drivers/STM32F1xx_HAL_Driver/Src/stm32f1xx_hal.c ****     The common HAL driver contains a set of generic and common APIs that can be
  14:Drivers/STM32F1xx_HAL_Driver/Src/stm32f1xx_hal.c ****     used by the PPP peripheral drivers and the user to start using the HAL.
  15:Drivers/STM32F1xx_HAL_Driver/Src/stm32f1xx_hal.c ****     [..]
  16:Drivers/STM32F1xx_HAL_Driver/Src/stm32f1xx_hal.c ****     The HAL contains two APIs' categories:
  17:Drivers/STM32F1xx_HAL_Driver/Src/stm32f1xx_hal.c ****          (+) Common HAL APIs
  18:Drivers/STM32F1xx_HAL_Driver/Src/stm32f1xx_hal.c ****          (+) Services HAL APIs
  19:Drivers/STM32F1xx_HAL_Driver/Src/stm32f1xx_hal.c **** 
  20:Drivers/STM32F1xx_HAL_Driver/Src/stm32f1xx_hal.c ****   @endverbatim
  21:Drivers/STM32F1xx_HAL_Driver/Src/stm32f1xx_hal.c ****   ******************************************************************************
  22:Drivers/STM32F1xx_HAL_Driver/Src/stm32f1xx_hal.c ****   * @attention
  23:Drivers/STM32F1xx_HAL_Driver/Src/stm32f1xx_hal.c ****   *
  24:Drivers/STM32F1xx_HAL_Driver/Src/stm32f1xx_hal.c ****   * <h2><center>&copy; Copyright (c) 2016 STMicroelectronics.
  25:Drivers/STM32F1xx_HAL_Driver/Src/stm32f1xx_hal.c ****   * All rights reserved.</center></h2>
  26:Drivers/STM32F1xx_HAL_Driver/Src/stm32f1xx_hal.c ****   *
  27:Drivers/STM32F1xx_HAL_Driver/Src/stm32f1xx_hal.c ****   * This software component is licensed by ST under BSD 3-Clause license,
  28:Drivers/STM32F1xx_HAL_Driver/Src/stm32f1xx_hal.c ****   * the "License"; You may not use this file except in compliance with the
  29:Drivers/STM32F1xx_HAL_Driver/Src/stm32f1xx_hal.c ****   * License. You may obtain a copy of the License at:
  30:Drivers/STM32F1xx_HAL_Driver/Src/stm32f1xx_hal.c ****   *                        opensource.org/licenses/BSD-3-Clause
  31:Drivers/STM32F1xx_HAL_Driver/Src/stm32f1xx_hal.c ****   *
  32:Drivers/STM32F1xx_HAL_Driver/Src/stm32f1xx_hal.c ****   ******************************************************************************
ARM GAS  /tmp/ccqJIbkp.s 			page 2


  33:Drivers/STM32F1xx_HAL_Driver/Src/stm32f1xx_hal.c ****   */
  34:Drivers/STM32F1xx_HAL_Driver/Src/stm32f1xx_hal.c **** 
  35:Drivers/STM32F1xx_HAL_Driver/Src/stm32f1xx_hal.c **** /* Includes ------------------------------------------------------------------*/
  36:Drivers/STM32F1xx_HAL_Driver/Src/stm32f1xx_hal.c **** #include "stm32f1xx_hal.h"
  37:Drivers/STM32F1xx_HAL_Driver/Src/stm32f1xx_hal.c **** 
  38:Drivers/STM32F1xx_HAL_Driver/Src/stm32f1xx_hal.c **** /** @addtogroup STM32F1xx_HAL_Driver
  39:Drivers/STM32F1xx_HAL_Driver/Src/stm32f1xx_hal.c ****   * @{
  40:Drivers/STM32F1xx_HAL_Driver/Src/stm32f1xx_hal.c ****   */
  41:Drivers/STM32F1xx_HAL_Driver/Src/stm32f1xx_hal.c **** 
  42:Drivers/STM32F1xx_HAL_Driver/Src/stm32f1xx_hal.c **** /** @defgroup HAL HAL
  43:Drivers/STM32F1xx_HAL_Driver/Src/stm32f1xx_hal.c ****   * @brief HAL module driver.
  44:Drivers/STM32F1xx_HAL_Driver/Src/stm32f1xx_hal.c ****   * @{
  45:Drivers/STM32F1xx_HAL_Driver/Src/stm32f1xx_hal.c ****   */
  46:Drivers/STM32F1xx_HAL_Driver/Src/stm32f1xx_hal.c **** 
  47:Drivers/STM32F1xx_HAL_Driver/Src/stm32f1xx_hal.c **** #ifdef HAL_MODULE_ENABLED
  48:Drivers/STM32F1xx_HAL_Driver/Src/stm32f1xx_hal.c **** 
  49:Drivers/STM32F1xx_HAL_Driver/Src/stm32f1xx_hal.c **** /* Private typedef -----------------------------------------------------------*/
  50:Drivers/STM32F1xx_HAL_Driver/Src/stm32f1xx_hal.c **** /* Private define ------------------------------------------------------------*/
  51:Drivers/STM32F1xx_HAL_Driver/Src/stm32f1xx_hal.c **** 
  52:Drivers/STM32F1xx_HAL_Driver/Src/stm32f1xx_hal.c **** /** @defgroup HAL_Private_Constants HAL Private Constants
  53:Drivers/STM32F1xx_HAL_Driver/Src/stm32f1xx_hal.c ****   * @{
  54:Drivers/STM32F1xx_HAL_Driver/Src/stm32f1xx_hal.c ****   */
  55:Drivers/STM32F1xx_HAL_Driver/Src/stm32f1xx_hal.c **** /**
  56:Drivers/STM32F1xx_HAL_Driver/Src/stm32f1xx_hal.c ****  * @brief STM32F1xx HAL Driver version number V1.1.8
  57:Drivers/STM32F1xx_HAL_Driver/Src/stm32f1xx_hal.c ****    */
  58:Drivers/STM32F1xx_HAL_Driver/Src/stm32f1xx_hal.c **** #define __STM32F1xx_HAL_VERSION_MAIN   (0x01U) /*!< [31:24] main version */
  59:Drivers/STM32F1xx_HAL_Driver/Src/stm32f1xx_hal.c **** #define __STM32F1xx_HAL_VERSION_SUB1   (0x01U) /*!< [23:16] sub1 version */
  60:Drivers/STM32F1xx_HAL_Driver/Src/stm32f1xx_hal.c **** #define __STM32F1xx_HAL_VERSION_SUB2   (0x08U) /*!< [15:8]  sub2 version */
  61:Drivers/STM32F1xx_HAL_Driver/Src/stm32f1xx_hal.c **** #define __STM32F1xx_HAL_VERSION_RC     (0x00U) /*!< [7:0]  release candidate */
  62:Drivers/STM32F1xx_HAL_Driver/Src/stm32f1xx_hal.c **** #define __STM32F1xx_HAL_VERSION         ((__STM32F1xx_HAL_VERSION_MAIN << 24)\
  63:Drivers/STM32F1xx_HAL_Driver/Src/stm32f1xx_hal.c ****                                         |(__STM32F1xx_HAL_VERSION_SUB1 << 16)\
  64:Drivers/STM32F1xx_HAL_Driver/Src/stm32f1xx_hal.c ****                                         |(__STM32F1xx_HAL_VERSION_SUB2 << 8 )\
  65:Drivers/STM32F1xx_HAL_Driver/Src/stm32f1xx_hal.c ****                                         |(__STM32F1xx_HAL_VERSION_RC))
  66:Drivers/STM32F1xx_HAL_Driver/Src/stm32f1xx_hal.c **** 
  67:Drivers/STM32F1xx_HAL_Driver/Src/stm32f1xx_hal.c **** #define IDCODE_DEVID_MASK    0x00000FFFU
  68:Drivers/STM32F1xx_HAL_Driver/Src/stm32f1xx_hal.c **** 
  69:Drivers/STM32F1xx_HAL_Driver/Src/stm32f1xx_hal.c **** /**
  70:Drivers/STM32F1xx_HAL_Driver/Src/stm32f1xx_hal.c ****   * @}
  71:Drivers/STM32F1xx_HAL_Driver/Src/stm32f1xx_hal.c ****   */
  72:Drivers/STM32F1xx_HAL_Driver/Src/stm32f1xx_hal.c **** 
  73:Drivers/STM32F1xx_HAL_Driver/Src/stm32f1xx_hal.c **** /* Private macro -------------------------------------------------------------*/
  74:Drivers/STM32F1xx_HAL_Driver/Src/stm32f1xx_hal.c **** /* Private variables ---------------------------------------------------------*/
  75:Drivers/STM32F1xx_HAL_Driver/Src/stm32f1xx_hal.c **** 
  76:Drivers/STM32F1xx_HAL_Driver/Src/stm32f1xx_hal.c **** /** @defgroup HAL_Private_Variables HAL Private Variables
  77:Drivers/STM32F1xx_HAL_Driver/Src/stm32f1xx_hal.c ****   * @{
  78:Drivers/STM32F1xx_HAL_Driver/Src/stm32f1xx_hal.c ****   */
  79:Drivers/STM32F1xx_HAL_Driver/Src/stm32f1xx_hal.c **** __IO uint32_t uwTick;
  80:Drivers/STM32F1xx_HAL_Driver/Src/stm32f1xx_hal.c **** uint32_t uwTickPrio   = (1UL << __NVIC_PRIO_BITS); /* Invalid PRIO */
  81:Drivers/STM32F1xx_HAL_Driver/Src/stm32f1xx_hal.c **** HAL_TickFreqTypeDef uwTickFreq = HAL_TICK_FREQ_DEFAULT;  /* 1KHz */
  82:Drivers/STM32F1xx_HAL_Driver/Src/stm32f1xx_hal.c **** /**
  83:Drivers/STM32F1xx_HAL_Driver/Src/stm32f1xx_hal.c ****   * @}
  84:Drivers/STM32F1xx_HAL_Driver/Src/stm32f1xx_hal.c ****   */
  85:Drivers/STM32F1xx_HAL_Driver/Src/stm32f1xx_hal.c **** /* Private function prototypes -----------------------------------------------*/
  86:Drivers/STM32F1xx_HAL_Driver/Src/stm32f1xx_hal.c **** /* Exported functions ---------------------------------------------------------*/
  87:Drivers/STM32F1xx_HAL_Driver/Src/stm32f1xx_hal.c **** 
  88:Drivers/STM32F1xx_HAL_Driver/Src/stm32f1xx_hal.c **** /** @defgroup HAL_Exported_Functions HAL Exported Functions
  89:Drivers/STM32F1xx_HAL_Driver/Src/stm32f1xx_hal.c ****   * @{
ARM GAS  /tmp/ccqJIbkp.s 			page 3


  90:Drivers/STM32F1xx_HAL_Driver/Src/stm32f1xx_hal.c ****   */
  91:Drivers/STM32F1xx_HAL_Driver/Src/stm32f1xx_hal.c **** 
  92:Drivers/STM32F1xx_HAL_Driver/Src/stm32f1xx_hal.c **** /** @defgroup HAL_Exported_Functions_Group1 Initialization and de-initialization Functions
  93:Drivers/STM32F1xx_HAL_Driver/Src/stm32f1xx_hal.c ****  *  @brief    Initialization and de-initialization functions
  94:Drivers/STM32F1xx_HAL_Driver/Src/stm32f1xx_hal.c ****  *
  95:Drivers/STM32F1xx_HAL_Driver/Src/stm32f1xx_hal.c **** @verbatim
  96:Drivers/STM32F1xx_HAL_Driver/Src/stm32f1xx_hal.c ****  ===============================================================================
  97:Drivers/STM32F1xx_HAL_Driver/Src/stm32f1xx_hal.c ****               ##### Initialization and de-initialization functions #####
  98:Drivers/STM32F1xx_HAL_Driver/Src/stm32f1xx_hal.c ****  ===============================================================================
  99:Drivers/STM32F1xx_HAL_Driver/Src/stm32f1xx_hal.c ****    [..]  This section provides functions allowing to:
 100:Drivers/STM32F1xx_HAL_Driver/Src/stm32f1xx_hal.c ****       (+) Initializes the Flash interface, the NVIC allocation and initial clock
 101:Drivers/STM32F1xx_HAL_Driver/Src/stm32f1xx_hal.c ****           configuration. It initializes the systick also when timeout is needed
 102:Drivers/STM32F1xx_HAL_Driver/Src/stm32f1xx_hal.c ****           and the backup domain when enabled.
 103:Drivers/STM32F1xx_HAL_Driver/Src/stm32f1xx_hal.c ****       (+) de-Initializes common part of the HAL.
 104:Drivers/STM32F1xx_HAL_Driver/Src/stm32f1xx_hal.c ****       (+) Configure The time base source to have 1ms time base with a dedicated
 105:Drivers/STM32F1xx_HAL_Driver/Src/stm32f1xx_hal.c ****           Tick interrupt priority.
 106:Drivers/STM32F1xx_HAL_Driver/Src/stm32f1xx_hal.c ****         (++) SysTick timer is used by default as source of time base, but user
 107:Drivers/STM32F1xx_HAL_Driver/Src/stm32f1xx_hal.c ****              can eventually implement his proper time base source (a general purpose
 108:Drivers/STM32F1xx_HAL_Driver/Src/stm32f1xx_hal.c ****              timer for example or other time source), keeping in mind that Time base
 109:Drivers/STM32F1xx_HAL_Driver/Src/stm32f1xx_hal.c ****              duration should be kept 1ms since PPP_TIMEOUT_VALUEs are defined and
 110:Drivers/STM32F1xx_HAL_Driver/Src/stm32f1xx_hal.c ****              handled in milliseconds basis.
 111:Drivers/STM32F1xx_HAL_Driver/Src/stm32f1xx_hal.c ****         (++) Time base configuration function (HAL_InitTick ()) is called automatically
 112:Drivers/STM32F1xx_HAL_Driver/Src/stm32f1xx_hal.c ****              at the beginning of the program after reset by HAL_Init() or at any time
 113:Drivers/STM32F1xx_HAL_Driver/Src/stm32f1xx_hal.c ****              when clock is configured, by HAL_RCC_ClockConfig().
 114:Drivers/STM32F1xx_HAL_Driver/Src/stm32f1xx_hal.c ****         (++) Source of time base is configured  to generate interrupts at regular
 115:Drivers/STM32F1xx_HAL_Driver/Src/stm32f1xx_hal.c ****              time intervals. Care must be taken if HAL_Delay() is called from a
 116:Drivers/STM32F1xx_HAL_Driver/Src/stm32f1xx_hal.c ****              peripheral ISR process, the Tick interrupt line must have higher priority
 117:Drivers/STM32F1xx_HAL_Driver/Src/stm32f1xx_hal.c ****             (numerically lower) than the peripheral interrupt. Otherwise the caller
 118:Drivers/STM32F1xx_HAL_Driver/Src/stm32f1xx_hal.c ****             ISR process will be blocked.
 119:Drivers/STM32F1xx_HAL_Driver/Src/stm32f1xx_hal.c ****        (++) functions affecting time base configurations are declared as __weak
 120:Drivers/STM32F1xx_HAL_Driver/Src/stm32f1xx_hal.c ****              to make  override possible  in case of other  implementations in user file.
 121:Drivers/STM32F1xx_HAL_Driver/Src/stm32f1xx_hal.c **** @endverbatim
 122:Drivers/STM32F1xx_HAL_Driver/Src/stm32f1xx_hal.c ****   * @{
 123:Drivers/STM32F1xx_HAL_Driver/Src/stm32f1xx_hal.c ****   */
 124:Drivers/STM32F1xx_HAL_Driver/Src/stm32f1xx_hal.c **** 
 125:Drivers/STM32F1xx_HAL_Driver/Src/stm32f1xx_hal.c **** /**
 126:Drivers/STM32F1xx_HAL_Driver/Src/stm32f1xx_hal.c ****   * @brief  This function is used to initialize the HAL Library; it must be the first
 127:Drivers/STM32F1xx_HAL_Driver/Src/stm32f1xx_hal.c ****   *         instruction to be executed in the main program (before to call any other
 128:Drivers/STM32F1xx_HAL_Driver/Src/stm32f1xx_hal.c ****   *         HAL function), it performs the following:
 129:Drivers/STM32F1xx_HAL_Driver/Src/stm32f1xx_hal.c ****   *           Configure the Flash prefetch.
 130:Drivers/STM32F1xx_HAL_Driver/Src/stm32f1xx_hal.c ****   *           Configures the SysTick to generate an interrupt each 1 millisecond,
 131:Drivers/STM32F1xx_HAL_Driver/Src/stm32f1xx_hal.c ****   *           which is clocked by the HSI (at this stage, the clock is not yet
 132:Drivers/STM32F1xx_HAL_Driver/Src/stm32f1xx_hal.c ****   *           configured and thus the system is running from the internal HSI at 16 MHz).
 133:Drivers/STM32F1xx_HAL_Driver/Src/stm32f1xx_hal.c ****   *           Set NVIC Group Priority to 4.
 134:Drivers/STM32F1xx_HAL_Driver/Src/stm32f1xx_hal.c ****   *           Calls the HAL_MspInit() callback function defined in user file
 135:Drivers/STM32F1xx_HAL_Driver/Src/stm32f1xx_hal.c ****   *           "stm32f1xx_hal_msp.c" to do the global low level hardware initialization
 136:Drivers/STM32F1xx_HAL_Driver/Src/stm32f1xx_hal.c ****   *
 137:Drivers/STM32F1xx_HAL_Driver/Src/stm32f1xx_hal.c ****   * @note   SysTick is used as time base for the HAL_Delay() function, the application
 138:Drivers/STM32F1xx_HAL_Driver/Src/stm32f1xx_hal.c ****   *         need to ensure that the SysTick time base is always set to 1 millisecond
 139:Drivers/STM32F1xx_HAL_Driver/Src/stm32f1xx_hal.c ****   *         to have correct HAL operation.
 140:Drivers/STM32F1xx_HAL_Driver/Src/stm32f1xx_hal.c ****   * @retval HAL status
 141:Drivers/STM32F1xx_HAL_Driver/Src/stm32f1xx_hal.c ****   */
 142:Drivers/STM32F1xx_HAL_Driver/Src/stm32f1xx_hal.c **** HAL_StatusTypeDef HAL_Init(void)
 143:Drivers/STM32F1xx_HAL_Driver/Src/stm32f1xx_hal.c **** {
 144:Drivers/STM32F1xx_HAL_Driver/Src/stm32f1xx_hal.c ****   /* Configure Flash prefetch */
 145:Drivers/STM32F1xx_HAL_Driver/Src/stm32f1xx_hal.c **** #if (PREFETCH_ENABLE != 0)
 146:Drivers/STM32F1xx_HAL_Driver/Src/stm32f1xx_hal.c **** #if defined(STM32F101x6) || defined(STM32F101xB) || defined(STM32F101xE) || defined(STM32F101xG) ||
ARM GAS  /tmp/ccqJIbkp.s 			page 4


 147:Drivers/STM32F1xx_HAL_Driver/Src/stm32f1xx_hal.c ****     defined(STM32F102x6) || defined(STM32F102xB) || \
 148:Drivers/STM32F1xx_HAL_Driver/Src/stm32f1xx_hal.c ****     defined(STM32F103x6) || defined(STM32F103xB) || defined(STM32F103xE) || defined(STM32F103xG) ||
 149:Drivers/STM32F1xx_HAL_Driver/Src/stm32f1xx_hal.c ****     defined(STM32F105xC) || defined(STM32F107xC)
 150:Drivers/STM32F1xx_HAL_Driver/Src/stm32f1xx_hal.c **** 
 151:Drivers/STM32F1xx_HAL_Driver/Src/stm32f1xx_hal.c ****   /* Prefetch buffer is not available on value line devices */
 152:Drivers/STM32F1xx_HAL_Driver/Src/stm32f1xx_hal.c ****   __HAL_FLASH_PREFETCH_BUFFER_ENABLE();
 153:Drivers/STM32F1xx_HAL_Driver/Src/stm32f1xx_hal.c **** #endif
 154:Drivers/STM32F1xx_HAL_Driver/Src/stm32f1xx_hal.c **** #endif /* PREFETCH_ENABLE */
 155:Drivers/STM32F1xx_HAL_Driver/Src/stm32f1xx_hal.c **** 
 156:Drivers/STM32F1xx_HAL_Driver/Src/stm32f1xx_hal.c ****   /* Set Interrupt Group Priority */
 157:Drivers/STM32F1xx_HAL_Driver/Src/stm32f1xx_hal.c ****   HAL_NVIC_SetPriorityGrouping(NVIC_PRIORITYGROUP_4);
 158:Drivers/STM32F1xx_HAL_Driver/Src/stm32f1xx_hal.c **** 
 159:Drivers/STM32F1xx_HAL_Driver/Src/stm32f1xx_hal.c ****   /* Use systick as time base source and configure 1ms tick (default clock after Reset is HSI) */
 160:Drivers/STM32F1xx_HAL_Driver/Src/stm32f1xx_hal.c ****   HAL_InitTick(TICK_INT_PRIORITY);
 161:Drivers/STM32F1xx_HAL_Driver/Src/stm32f1xx_hal.c **** 
 162:Drivers/STM32F1xx_HAL_Driver/Src/stm32f1xx_hal.c ****   /* Init the low level hardware */
 163:Drivers/STM32F1xx_HAL_Driver/Src/stm32f1xx_hal.c ****   HAL_MspInit();
 164:Drivers/STM32F1xx_HAL_Driver/Src/stm32f1xx_hal.c **** 
 165:Drivers/STM32F1xx_HAL_Driver/Src/stm32f1xx_hal.c ****   /* Return function status */
 166:Drivers/STM32F1xx_HAL_Driver/Src/stm32f1xx_hal.c ****   return HAL_OK;
 167:Drivers/STM32F1xx_HAL_Driver/Src/stm32f1xx_hal.c **** }
 168:Drivers/STM32F1xx_HAL_Driver/Src/stm32f1xx_hal.c **** 
 169:Drivers/STM32F1xx_HAL_Driver/Src/stm32f1xx_hal.c **** /**
 170:Drivers/STM32F1xx_HAL_Driver/Src/stm32f1xx_hal.c ****   * @brief This function de-Initializes common part of the HAL and stops the systick.
 171:Drivers/STM32F1xx_HAL_Driver/Src/stm32f1xx_hal.c ****   *        of time base.
 172:Drivers/STM32F1xx_HAL_Driver/Src/stm32f1xx_hal.c ****   * @note This function is optional.
 173:Drivers/STM32F1xx_HAL_Driver/Src/stm32f1xx_hal.c ****   * @retval HAL status
 174:Drivers/STM32F1xx_HAL_Driver/Src/stm32f1xx_hal.c ****   */
 175:Drivers/STM32F1xx_HAL_Driver/Src/stm32f1xx_hal.c **** HAL_StatusTypeDef HAL_DeInit(void)
 176:Drivers/STM32F1xx_HAL_Driver/Src/stm32f1xx_hal.c **** {
 177:Drivers/STM32F1xx_HAL_Driver/Src/stm32f1xx_hal.c ****   /* Reset of all peripherals */
 178:Drivers/STM32F1xx_HAL_Driver/Src/stm32f1xx_hal.c ****   __HAL_RCC_APB1_FORCE_RESET();
 179:Drivers/STM32F1xx_HAL_Driver/Src/stm32f1xx_hal.c ****   __HAL_RCC_APB1_RELEASE_RESET();
 180:Drivers/STM32F1xx_HAL_Driver/Src/stm32f1xx_hal.c **** 
 181:Drivers/STM32F1xx_HAL_Driver/Src/stm32f1xx_hal.c ****   __HAL_RCC_APB2_FORCE_RESET();
 182:Drivers/STM32F1xx_HAL_Driver/Src/stm32f1xx_hal.c ****   __HAL_RCC_APB2_RELEASE_RESET();
 183:Drivers/STM32F1xx_HAL_Driver/Src/stm32f1xx_hal.c **** 
 184:Drivers/STM32F1xx_HAL_Driver/Src/stm32f1xx_hal.c **** #if defined(STM32F105xC) || defined(STM32F107xC)
 185:Drivers/STM32F1xx_HAL_Driver/Src/stm32f1xx_hal.c ****   __HAL_RCC_AHB_FORCE_RESET();
 186:Drivers/STM32F1xx_HAL_Driver/Src/stm32f1xx_hal.c ****   __HAL_RCC_AHB_RELEASE_RESET();
 187:Drivers/STM32F1xx_HAL_Driver/Src/stm32f1xx_hal.c **** #endif
 188:Drivers/STM32F1xx_HAL_Driver/Src/stm32f1xx_hal.c **** 
 189:Drivers/STM32F1xx_HAL_Driver/Src/stm32f1xx_hal.c ****   /* De-Init the low level hardware */
 190:Drivers/STM32F1xx_HAL_Driver/Src/stm32f1xx_hal.c ****   HAL_MspDeInit();
 191:Drivers/STM32F1xx_HAL_Driver/Src/stm32f1xx_hal.c **** 
 192:Drivers/STM32F1xx_HAL_Driver/Src/stm32f1xx_hal.c ****   /* Return function status */
 193:Drivers/STM32F1xx_HAL_Driver/Src/stm32f1xx_hal.c ****   return HAL_OK;
 194:Drivers/STM32F1xx_HAL_Driver/Src/stm32f1xx_hal.c **** }
 195:Drivers/STM32F1xx_HAL_Driver/Src/stm32f1xx_hal.c **** 
 196:Drivers/STM32F1xx_HAL_Driver/Src/stm32f1xx_hal.c **** /**
 197:Drivers/STM32F1xx_HAL_Driver/Src/stm32f1xx_hal.c ****   * @brief  Initialize the MSP.
 198:Drivers/STM32F1xx_HAL_Driver/Src/stm32f1xx_hal.c ****   * @retval None
 199:Drivers/STM32F1xx_HAL_Driver/Src/stm32f1xx_hal.c ****   */
 200:Drivers/STM32F1xx_HAL_Driver/Src/stm32f1xx_hal.c **** __weak void HAL_MspInit(void)
 201:Drivers/STM32F1xx_HAL_Driver/Src/stm32f1xx_hal.c **** {
  27              		.loc 1 201 1 view -0
  28              		.cfi_startproc
ARM GAS  /tmp/ccqJIbkp.s 			page 5


  29              		@ args = 0, pretend = 0, frame = 0
  30              		@ frame_needed = 0, uses_anonymous_args = 0
  31              		@ link register save eliminated.
 202:Drivers/STM32F1xx_HAL_Driver/Src/stm32f1xx_hal.c ****   /* NOTE : This function should not be modified, when the callback is needed,
 203:Drivers/STM32F1xx_HAL_Driver/Src/stm32f1xx_hal.c ****             the HAL_MspInit could be implemented in the user file
 204:Drivers/STM32F1xx_HAL_Driver/Src/stm32f1xx_hal.c ****    */
 205:Drivers/STM32F1xx_HAL_Driver/Src/stm32f1xx_hal.c **** }
  32              		.loc 1 205 1 view .LVU1
  33 0000 7047     		bx	lr
  34              		.cfi_endproc
  35              	.LFE67:
  37              		.section	.text.HAL_MspDeInit,"ax",%progbits
  38              		.align	1
  39              		.weak	HAL_MspDeInit
  40              		.syntax unified
  41              		.thumb
  42              		.thumb_func
  43              		.fpu softvfp
  45              	HAL_MspDeInit:
  46              	.LFB68:
 206:Drivers/STM32F1xx_HAL_Driver/Src/stm32f1xx_hal.c **** 
 207:Drivers/STM32F1xx_HAL_Driver/Src/stm32f1xx_hal.c **** /**
 208:Drivers/STM32F1xx_HAL_Driver/Src/stm32f1xx_hal.c ****   * @brief  DeInitializes the MSP.
 209:Drivers/STM32F1xx_HAL_Driver/Src/stm32f1xx_hal.c ****   * @retval None
 210:Drivers/STM32F1xx_HAL_Driver/Src/stm32f1xx_hal.c ****   */
 211:Drivers/STM32F1xx_HAL_Driver/Src/stm32f1xx_hal.c **** __weak void HAL_MspDeInit(void)
 212:Drivers/STM32F1xx_HAL_Driver/Src/stm32f1xx_hal.c **** {
  47              		.loc 1 212 1 view -0
  48              		.cfi_startproc
  49              		@ args = 0, pretend = 0, frame = 0
  50              		@ frame_needed = 0, uses_anonymous_args = 0
  51              		@ link register save eliminated.
 213:Drivers/STM32F1xx_HAL_Driver/Src/stm32f1xx_hal.c ****   /* NOTE : This function should not be modified, when the callback is needed,
 214:Drivers/STM32F1xx_HAL_Driver/Src/stm32f1xx_hal.c ****             the HAL_MspDeInit could be implemented in the user file
 215:Drivers/STM32F1xx_HAL_Driver/Src/stm32f1xx_hal.c ****    */
 216:Drivers/STM32F1xx_HAL_Driver/Src/stm32f1xx_hal.c **** }
  52              		.loc 1 216 1 view .LVU3
  53 0000 7047     		bx	lr
  54              		.cfi_endproc
  55              	.LFE68:
  57              		.section	.text.HAL_DeInit,"ax",%progbits
  58              		.align	1
  59              		.global	HAL_DeInit
  60              		.syntax unified
  61              		.thumb
  62              		.thumb_func
  63              		.fpu softvfp
  65              	HAL_DeInit:
  66              	.LFB66:
 176:Drivers/STM32F1xx_HAL_Driver/Src/stm32f1xx_hal.c ****   /* Reset of all peripherals */
  67              		.loc 1 176 1 view -0
  68              		.cfi_startproc
  69              		@ args = 0, pretend = 0, frame = 0
  70              		@ frame_needed = 0, uses_anonymous_args = 0
  71 0000 10B5     		push	{r4, lr}
  72              		.cfi_def_cfa_offset 8
  73              		.cfi_offset 4, -8
ARM GAS  /tmp/ccqJIbkp.s 			page 6


  74              		.cfi_offset 14, -4
 178:Drivers/STM32F1xx_HAL_Driver/Src/stm32f1xx_hal.c ****   __HAL_RCC_APB1_RELEASE_RESET();
  75              		.loc 1 178 3 view .LVU5
  76 0002 064B     		ldr	r3, .L5
  77 0004 4FF0FF32 		mov	r2, #-1
  78 0008 DA60     		str	r2, [r3, #12]
 179:Drivers/STM32F1xx_HAL_Driver/Src/stm32f1xx_hal.c **** 
  79              		.loc 1 179 3 view .LVU6
  80 000a 0024     		movs	r4, #0
  81 000c 1C61     		str	r4, [r3, #16]
 181:Drivers/STM32F1xx_HAL_Driver/Src/stm32f1xx_hal.c ****   __HAL_RCC_APB2_RELEASE_RESET();
  82              		.loc 1 181 3 view .LVU7
  83 000e DA60     		str	r2, [r3, #12]
 182:Drivers/STM32F1xx_HAL_Driver/Src/stm32f1xx_hal.c **** 
  84              		.loc 1 182 3 view .LVU8
  85 0010 DC60     		str	r4, [r3, #12]
 190:Drivers/STM32F1xx_HAL_Driver/Src/stm32f1xx_hal.c **** 
  86              		.loc 1 190 3 view .LVU9
  87 0012 FFF7FEFF 		bl	HAL_MspDeInit
  88              	.LVL0:
 193:Drivers/STM32F1xx_HAL_Driver/Src/stm32f1xx_hal.c **** }
  89              		.loc 1 193 3 view .LVU10
 194:Drivers/STM32F1xx_HAL_Driver/Src/stm32f1xx_hal.c **** 
  90              		.loc 1 194 1 is_stmt 0 view .LVU11
  91 0016 2046     		mov	r0, r4
  92 0018 10BD     		pop	{r4, pc}
  93              	.L6:
  94 001a 00BF     		.align	2
  95              	.L5:
  96 001c 00100240 		.word	1073876992
  97              		.cfi_endproc
  98              	.LFE66:
 100              		.section	.text.HAL_InitTick,"ax",%progbits
 101              		.align	1
 102              		.weak	HAL_InitTick
 103              		.syntax unified
 104              		.thumb
 105              		.thumb_func
 106              		.fpu softvfp
 108              	HAL_InitTick:
 109              	.LVL1:
 110              	.LFB69:
 217:Drivers/STM32F1xx_HAL_Driver/Src/stm32f1xx_hal.c **** 
 218:Drivers/STM32F1xx_HAL_Driver/Src/stm32f1xx_hal.c **** /**
 219:Drivers/STM32F1xx_HAL_Driver/Src/stm32f1xx_hal.c ****   * @brief This function configures the source of the time base.
 220:Drivers/STM32F1xx_HAL_Driver/Src/stm32f1xx_hal.c ****   *        The time source is configured  to have 1ms time base with a dedicated
 221:Drivers/STM32F1xx_HAL_Driver/Src/stm32f1xx_hal.c ****   *        Tick interrupt priority.
 222:Drivers/STM32F1xx_HAL_Driver/Src/stm32f1xx_hal.c ****   * @note This function is called  automatically at the beginning of program after
 223:Drivers/STM32F1xx_HAL_Driver/Src/stm32f1xx_hal.c ****   *       reset by HAL_Init() or at any time when clock is reconfigured  by HAL_RCC_ClockConfig().
 224:Drivers/STM32F1xx_HAL_Driver/Src/stm32f1xx_hal.c ****   * @note In the default implementation, SysTick timer is the source of time base.
 225:Drivers/STM32F1xx_HAL_Driver/Src/stm32f1xx_hal.c ****   *       It is used to generate interrupts at regular time intervals.
 226:Drivers/STM32F1xx_HAL_Driver/Src/stm32f1xx_hal.c ****   *       Care must be taken if HAL_Delay() is called from a peripheral ISR process,
 227:Drivers/STM32F1xx_HAL_Driver/Src/stm32f1xx_hal.c ****   *       The SysTick interrupt must have higher priority (numerically lower)
 228:Drivers/STM32F1xx_HAL_Driver/Src/stm32f1xx_hal.c ****   *       than the peripheral interrupt. Otherwise the caller ISR process will be blocked.
 229:Drivers/STM32F1xx_HAL_Driver/Src/stm32f1xx_hal.c ****   *       The function is declared as __weak  to be overwritten  in case of other
 230:Drivers/STM32F1xx_HAL_Driver/Src/stm32f1xx_hal.c ****   *       implementation  in user file.
 231:Drivers/STM32F1xx_HAL_Driver/Src/stm32f1xx_hal.c ****   * @param TickPriority Tick interrupt priority.
ARM GAS  /tmp/ccqJIbkp.s 			page 7


 232:Drivers/STM32F1xx_HAL_Driver/Src/stm32f1xx_hal.c ****   * @retval HAL status
 233:Drivers/STM32F1xx_HAL_Driver/Src/stm32f1xx_hal.c ****   */
 234:Drivers/STM32F1xx_HAL_Driver/Src/stm32f1xx_hal.c **** __weak HAL_StatusTypeDef HAL_InitTick(uint32_t TickPriority)
 235:Drivers/STM32F1xx_HAL_Driver/Src/stm32f1xx_hal.c **** {
 111              		.loc 1 235 1 is_stmt 1 view -0
 112              		.cfi_startproc
 113              		@ args = 0, pretend = 0, frame = 0
 114              		@ frame_needed = 0, uses_anonymous_args = 0
 115              		.loc 1 235 1 is_stmt 0 view .LVU13
 116 0000 10B5     		push	{r4, lr}
 117              		.cfi_def_cfa_offset 8
 118              		.cfi_offset 4, -8
 119              		.cfi_offset 14, -4
 120 0002 0446     		mov	r4, r0
 236:Drivers/STM32F1xx_HAL_Driver/Src/stm32f1xx_hal.c ****   /* Configure the SysTick to have interrupt in 1ms time basis*/
 237:Drivers/STM32F1xx_HAL_Driver/Src/stm32f1xx_hal.c ****   if (HAL_SYSTICK_Config(SystemCoreClock / (1000U / uwTickFreq)) > 0U)
 121              		.loc 1 237 3 is_stmt 1 view .LVU14
 122              		.loc 1 237 51 is_stmt 0 view .LVU15
 123 0004 0E4B     		ldr	r3, .L13
 124 0006 1878     		ldrb	r0, [r3]	@ zero_extendqisi2
 125              	.LVL2:
 126              		.loc 1 237 51 view .LVU16
 127 0008 4FF47A73 		mov	r3, #1000
 128 000c B3FBF0F3 		udiv	r3, r3, r0
 129              		.loc 1 237 7 view .LVU17
 130 0010 0C4A     		ldr	r2, .L13+4
 131 0012 1068     		ldr	r0, [r2]
 132 0014 B0FBF3F0 		udiv	r0, r0, r3
 133 0018 FFF7FEFF 		bl	HAL_SYSTICK_Config
 134              	.LVL3:
 135              		.loc 1 237 6 view .LVU18
 136 001c 68B9     		cbnz	r0, .L9
 238:Drivers/STM32F1xx_HAL_Driver/Src/stm32f1xx_hal.c ****   {
 239:Drivers/STM32F1xx_HAL_Driver/Src/stm32f1xx_hal.c ****     return HAL_ERROR;
 240:Drivers/STM32F1xx_HAL_Driver/Src/stm32f1xx_hal.c ****   }
 241:Drivers/STM32F1xx_HAL_Driver/Src/stm32f1xx_hal.c **** 
 242:Drivers/STM32F1xx_HAL_Driver/Src/stm32f1xx_hal.c ****   /* Configure the SysTick IRQ priority */
 243:Drivers/STM32F1xx_HAL_Driver/Src/stm32f1xx_hal.c ****   if (TickPriority < (1UL << __NVIC_PRIO_BITS))
 137              		.loc 1 243 3 is_stmt 1 view .LVU19
 138              		.loc 1 243 6 is_stmt 0 view .LVU20
 139 001e 0F2C     		cmp	r4, #15
 140 0020 01D9     		bls	.L12
 244:Drivers/STM32F1xx_HAL_Driver/Src/stm32f1xx_hal.c ****   {
 245:Drivers/STM32F1xx_HAL_Driver/Src/stm32f1xx_hal.c ****     HAL_NVIC_SetPriority(SysTick_IRQn, TickPriority, 0U);
 246:Drivers/STM32F1xx_HAL_Driver/Src/stm32f1xx_hal.c ****     uwTickPrio = TickPriority;
 247:Drivers/STM32F1xx_HAL_Driver/Src/stm32f1xx_hal.c ****   }
 248:Drivers/STM32F1xx_HAL_Driver/Src/stm32f1xx_hal.c ****   else
 249:Drivers/STM32F1xx_HAL_Driver/Src/stm32f1xx_hal.c ****   {
 250:Drivers/STM32F1xx_HAL_Driver/Src/stm32f1xx_hal.c ****     return HAL_ERROR;
 141              		.loc 1 250 12 view .LVU21
 142 0022 0120     		movs	r0, #1
 143 0024 0AE0     		b	.L8
 144              	.L12:
 245:Drivers/STM32F1xx_HAL_Driver/Src/stm32f1xx_hal.c ****     uwTickPrio = TickPriority;
 145              		.loc 1 245 5 is_stmt 1 view .LVU22
 146 0026 0022     		movs	r2, #0
 147 0028 2146     		mov	r1, r4
ARM GAS  /tmp/ccqJIbkp.s 			page 8


 148 002a 4FF0FF30 		mov	r0, #-1
 149 002e FFF7FEFF 		bl	HAL_NVIC_SetPriority
 150              	.LVL4:
 246:Drivers/STM32F1xx_HAL_Driver/Src/stm32f1xx_hal.c ****   }
 151              		.loc 1 246 5 view .LVU23
 246:Drivers/STM32F1xx_HAL_Driver/Src/stm32f1xx_hal.c ****   }
 152              		.loc 1 246 16 is_stmt 0 view .LVU24
 153 0032 054B     		ldr	r3, .L13+8
 154 0034 1C60     		str	r4, [r3]
 251:Drivers/STM32F1xx_HAL_Driver/Src/stm32f1xx_hal.c ****   }
 252:Drivers/STM32F1xx_HAL_Driver/Src/stm32f1xx_hal.c **** 
 253:Drivers/STM32F1xx_HAL_Driver/Src/stm32f1xx_hal.c ****   /* Return function status */
 254:Drivers/STM32F1xx_HAL_Driver/Src/stm32f1xx_hal.c ****   return HAL_OK;
 155              		.loc 1 254 3 is_stmt 1 view .LVU25
 156              		.loc 1 254 10 is_stmt 0 view .LVU26
 157 0036 0020     		movs	r0, #0
 158 0038 00E0     		b	.L8
 159              	.L9:
 239:Drivers/STM32F1xx_HAL_Driver/Src/stm32f1xx_hal.c ****   }
 160              		.loc 1 239 12 view .LVU27
 161 003a 0120     		movs	r0, #1
 162              	.L8:
 255:Drivers/STM32F1xx_HAL_Driver/Src/stm32f1xx_hal.c **** }
 163              		.loc 1 255 1 view .LVU28
 164 003c 10BD     		pop	{r4, pc}
 165              	.LVL5:
 166              	.L14:
 167              		.loc 1 255 1 view .LVU29
 168 003e 00BF     		.align	2
 169              	.L13:
 170 0040 00000000 		.word	.LANCHOR0
 171 0044 00000000 		.word	SystemCoreClock
 172 0048 00000000 		.word	.LANCHOR1
 173              		.cfi_endproc
 174              	.LFE69:
 176              		.section	.text.HAL_Init,"ax",%progbits
 177              		.align	1
 178              		.global	HAL_Init
 179              		.syntax unified
 180              		.thumb
 181              		.thumb_func
 182              		.fpu softvfp
 184              	HAL_Init:
 185              	.LFB65:
 143:Drivers/STM32F1xx_HAL_Driver/Src/stm32f1xx_hal.c ****   /* Configure Flash prefetch */
 186              		.loc 1 143 1 is_stmt 1 view -0
 187              		.cfi_startproc
 188              		@ args = 0, pretend = 0, frame = 0
 189              		@ frame_needed = 0, uses_anonymous_args = 0
 190 0000 08B5     		push	{r3, lr}
 191              		.cfi_def_cfa_offset 8
 192              		.cfi_offset 3, -8
 193              		.cfi_offset 14, -4
 152:Drivers/STM32F1xx_HAL_Driver/Src/stm32f1xx_hal.c **** #endif
 194              		.loc 1 152 3 view .LVU31
 195 0002 074A     		ldr	r2, .L17
 196 0004 1368     		ldr	r3, [r2]
ARM GAS  /tmp/ccqJIbkp.s 			page 9


 197 0006 43F01003 		orr	r3, r3, #16
 198 000a 1360     		str	r3, [r2]
 157:Drivers/STM32F1xx_HAL_Driver/Src/stm32f1xx_hal.c **** 
 199              		.loc 1 157 3 view .LVU32
 200 000c 0320     		movs	r0, #3
 201 000e FFF7FEFF 		bl	HAL_NVIC_SetPriorityGrouping
 202              	.LVL6:
 160:Drivers/STM32F1xx_HAL_Driver/Src/stm32f1xx_hal.c **** 
 203              		.loc 1 160 3 view .LVU33
 204 0012 0F20     		movs	r0, #15
 205 0014 FFF7FEFF 		bl	HAL_InitTick
 206              	.LVL7:
 163:Drivers/STM32F1xx_HAL_Driver/Src/stm32f1xx_hal.c **** 
 207              		.loc 1 163 3 view .LVU34
 208 0018 FFF7FEFF 		bl	HAL_MspInit
 209              	.LVL8:
 166:Drivers/STM32F1xx_HAL_Driver/Src/stm32f1xx_hal.c **** }
 210              		.loc 1 166 3 view .LVU35
 167:Drivers/STM32F1xx_HAL_Driver/Src/stm32f1xx_hal.c **** 
 211              		.loc 1 167 1 is_stmt 0 view .LVU36
 212 001c 0020     		movs	r0, #0
 213 001e 08BD     		pop	{r3, pc}
 214              	.L18:
 215              		.align	2
 216              	.L17:
 217 0020 00200240 		.word	1073881088
 218              		.cfi_endproc
 219              	.LFE65:
 221              		.section	.text.HAL_IncTick,"ax",%progbits
 222              		.align	1
 223              		.weak	HAL_IncTick
 224              		.syntax unified
 225              		.thumb
 226              		.thumb_func
 227              		.fpu softvfp
 229              	HAL_IncTick:
 230              	.LFB70:
 256:Drivers/STM32F1xx_HAL_Driver/Src/stm32f1xx_hal.c **** 
 257:Drivers/STM32F1xx_HAL_Driver/Src/stm32f1xx_hal.c **** /**
 258:Drivers/STM32F1xx_HAL_Driver/Src/stm32f1xx_hal.c ****   * @}
 259:Drivers/STM32F1xx_HAL_Driver/Src/stm32f1xx_hal.c ****   */
 260:Drivers/STM32F1xx_HAL_Driver/Src/stm32f1xx_hal.c **** 
 261:Drivers/STM32F1xx_HAL_Driver/Src/stm32f1xx_hal.c **** /** @defgroup HAL_Exported_Functions_Group2 HAL Control functions
 262:Drivers/STM32F1xx_HAL_Driver/Src/stm32f1xx_hal.c ****   *  @brief    HAL Control functions
 263:Drivers/STM32F1xx_HAL_Driver/Src/stm32f1xx_hal.c ****   *
 264:Drivers/STM32F1xx_HAL_Driver/Src/stm32f1xx_hal.c **** @verbatim
 265:Drivers/STM32F1xx_HAL_Driver/Src/stm32f1xx_hal.c ****  ===============================================================================
 266:Drivers/STM32F1xx_HAL_Driver/Src/stm32f1xx_hal.c ****                       ##### HAL Control functions #####
 267:Drivers/STM32F1xx_HAL_Driver/Src/stm32f1xx_hal.c ****  ===============================================================================
 268:Drivers/STM32F1xx_HAL_Driver/Src/stm32f1xx_hal.c ****     [..]  This section provides functions allowing to:
 269:Drivers/STM32F1xx_HAL_Driver/Src/stm32f1xx_hal.c ****       (+) Provide a tick value in millisecond
 270:Drivers/STM32F1xx_HAL_Driver/Src/stm32f1xx_hal.c ****       (+) Provide a blocking delay in millisecond
 271:Drivers/STM32F1xx_HAL_Driver/Src/stm32f1xx_hal.c ****       (+) Suspend the time base source interrupt
 272:Drivers/STM32F1xx_HAL_Driver/Src/stm32f1xx_hal.c ****       (+) Resume the time base source interrupt
 273:Drivers/STM32F1xx_HAL_Driver/Src/stm32f1xx_hal.c ****       (+) Get the HAL API driver version
 274:Drivers/STM32F1xx_HAL_Driver/Src/stm32f1xx_hal.c ****       (+) Get the device identifier
 275:Drivers/STM32F1xx_HAL_Driver/Src/stm32f1xx_hal.c ****       (+) Get the device revision identifier
ARM GAS  /tmp/ccqJIbkp.s 			page 10


 276:Drivers/STM32F1xx_HAL_Driver/Src/stm32f1xx_hal.c ****       (+) Enable/Disable Debug module during SLEEP mode
 277:Drivers/STM32F1xx_HAL_Driver/Src/stm32f1xx_hal.c ****       (+) Enable/Disable Debug module during STOP mode
 278:Drivers/STM32F1xx_HAL_Driver/Src/stm32f1xx_hal.c ****       (+) Enable/Disable Debug module during STANDBY mode
 279:Drivers/STM32F1xx_HAL_Driver/Src/stm32f1xx_hal.c **** 
 280:Drivers/STM32F1xx_HAL_Driver/Src/stm32f1xx_hal.c **** @endverbatim
 281:Drivers/STM32F1xx_HAL_Driver/Src/stm32f1xx_hal.c ****   * @{
 282:Drivers/STM32F1xx_HAL_Driver/Src/stm32f1xx_hal.c ****   */
 283:Drivers/STM32F1xx_HAL_Driver/Src/stm32f1xx_hal.c **** 
 284:Drivers/STM32F1xx_HAL_Driver/Src/stm32f1xx_hal.c **** /**
 285:Drivers/STM32F1xx_HAL_Driver/Src/stm32f1xx_hal.c ****   * @brief This function is called to increment  a global variable "uwTick"
 286:Drivers/STM32F1xx_HAL_Driver/Src/stm32f1xx_hal.c ****   *        used as application time base.
 287:Drivers/STM32F1xx_HAL_Driver/Src/stm32f1xx_hal.c ****   * @note In the default implementation, this variable is incremented each 1ms
 288:Drivers/STM32F1xx_HAL_Driver/Src/stm32f1xx_hal.c ****   *       in SysTick ISR.
 289:Drivers/STM32F1xx_HAL_Driver/Src/stm32f1xx_hal.c ****   * @note This function is declared as __weak to be overwritten in case of other
 290:Drivers/STM32F1xx_HAL_Driver/Src/stm32f1xx_hal.c ****   *      implementations in user file.
 291:Drivers/STM32F1xx_HAL_Driver/Src/stm32f1xx_hal.c ****   * @retval None
 292:Drivers/STM32F1xx_HAL_Driver/Src/stm32f1xx_hal.c ****   */
 293:Drivers/STM32F1xx_HAL_Driver/Src/stm32f1xx_hal.c **** __weak void HAL_IncTick(void)
 294:Drivers/STM32F1xx_HAL_Driver/Src/stm32f1xx_hal.c **** {
 231              		.loc 1 294 1 is_stmt 1 view -0
 232              		.cfi_startproc
 233              		@ args = 0, pretend = 0, frame = 0
 234              		@ frame_needed = 0, uses_anonymous_args = 0
 235              		@ link register save eliminated.
 295:Drivers/STM32F1xx_HAL_Driver/Src/stm32f1xx_hal.c ****   uwTick += uwTickFreq;
 236              		.loc 1 295 3 view .LVU38
 237              		.loc 1 295 10 is_stmt 0 view .LVU39
 238 0000 034A     		ldr	r2, .L20
 239 0002 1168     		ldr	r1, [r2]
 240 0004 034B     		ldr	r3, .L20+4
 241 0006 1B78     		ldrb	r3, [r3]	@ zero_extendqisi2
 242 0008 0B44     		add	r3, r3, r1
 243 000a 1360     		str	r3, [r2]
 296:Drivers/STM32F1xx_HAL_Driver/Src/stm32f1xx_hal.c **** }
 244              		.loc 1 296 1 view .LVU40
 245 000c 7047     		bx	lr
 246              	.L21:
 247 000e 00BF     		.align	2
 248              	.L20:
 249 0010 00000000 		.word	.LANCHOR2
 250 0014 00000000 		.word	.LANCHOR0
 251              		.cfi_endproc
 252              	.LFE70:
 254              		.section	.text.HAL_GetTick,"ax",%progbits
 255              		.align	1
 256              		.weak	HAL_GetTick
 257              		.syntax unified
 258              		.thumb
 259              		.thumb_func
 260              		.fpu softvfp
 262              	HAL_GetTick:
 263              	.LFB71:
 297:Drivers/STM32F1xx_HAL_Driver/Src/stm32f1xx_hal.c **** 
 298:Drivers/STM32F1xx_HAL_Driver/Src/stm32f1xx_hal.c **** /**
 299:Drivers/STM32F1xx_HAL_Driver/Src/stm32f1xx_hal.c ****   * @brief Provides a tick value in millisecond.
 300:Drivers/STM32F1xx_HAL_Driver/Src/stm32f1xx_hal.c ****   * @note  This function is declared as __weak to be overwritten in case of other
 301:Drivers/STM32F1xx_HAL_Driver/Src/stm32f1xx_hal.c ****   *       implementations in user file.
ARM GAS  /tmp/ccqJIbkp.s 			page 11


 302:Drivers/STM32F1xx_HAL_Driver/Src/stm32f1xx_hal.c ****   * @retval tick value
 303:Drivers/STM32F1xx_HAL_Driver/Src/stm32f1xx_hal.c ****   */
 304:Drivers/STM32F1xx_HAL_Driver/Src/stm32f1xx_hal.c **** __weak uint32_t HAL_GetTick(void)
 305:Drivers/STM32F1xx_HAL_Driver/Src/stm32f1xx_hal.c **** {
 264              		.loc 1 305 1 is_stmt 1 view -0
 265              		.cfi_startproc
 266              		@ args = 0, pretend = 0, frame = 0
 267              		@ frame_needed = 0, uses_anonymous_args = 0
 268              		@ link register save eliminated.
 306:Drivers/STM32F1xx_HAL_Driver/Src/stm32f1xx_hal.c ****   return uwTick;
 269              		.loc 1 306 3 view .LVU42
 270              		.loc 1 306 10 is_stmt 0 view .LVU43
 271 0000 014B     		ldr	r3, .L23
 272 0002 1868     		ldr	r0, [r3]
 307:Drivers/STM32F1xx_HAL_Driver/Src/stm32f1xx_hal.c **** }
 273              		.loc 1 307 1 view .LVU44
 274 0004 7047     		bx	lr
 275              	.L24:
 276 0006 00BF     		.align	2
 277              	.L23:
 278 0008 00000000 		.word	.LANCHOR2
 279              		.cfi_endproc
 280              	.LFE71:
 282              		.section	.text.HAL_GetTickPrio,"ax",%progbits
 283              		.align	1
 284              		.global	HAL_GetTickPrio
 285              		.syntax unified
 286              		.thumb
 287              		.thumb_func
 288              		.fpu softvfp
 290              	HAL_GetTickPrio:
 291              	.LFB72:
 308:Drivers/STM32F1xx_HAL_Driver/Src/stm32f1xx_hal.c **** 
 309:Drivers/STM32F1xx_HAL_Driver/Src/stm32f1xx_hal.c **** /**
 310:Drivers/STM32F1xx_HAL_Driver/Src/stm32f1xx_hal.c ****   * @brief This function returns a tick priority.
 311:Drivers/STM32F1xx_HAL_Driver/Src/stm32f1xx_hal.c ****   * @retval tick priority
 312:Drivers/STM32F1xx_HAL_Driver/Src/stm32f1xx_hal.c ****   */
 313:Drivers/STM32F1xx_HAL_Driver/Src/stm32f1xx_hal.c **** uint32_t HAL_GetTickPrio(void)
 314:Drivers/STM32F1xx_HAL_Driver/Src/stm32f1xx_hal.c **** {
 292              		.loc 1 314 1 is_stmt 1 view -0
 293              		.cfi_startproc
 294              		@ args = 0, pretend = 0, frame = 0
 295              		@ frame_needed = 0, uses_anonymous_args = 0
 296              		@ link register save eliminated.
 315:Drivers/STM32F1xx_HAL_Driver/Src/stm32f1xx_hal.c ****   return uwTickPrio;
 297              		.loc 1 315 3 view .LVU46
 316:Drivers/STM32F1xx_HAL_Driver/Src/stm32f1xx_hal.c **** }
 298              		.loc 1 316 1 is_stmt 0 view .LVU47
 299 0000 014B     		ldr	r3, .L26
 300 0002 1868     		ldr	r0, [r3]
 301 0004 7047     		bx	lr
 302              	.L27:
 303 0006 00BF     		.align	2
 304              	.L26:
 305 0008 00000000 		.word	.LANCHOR1
 306              		.cfi_endproc
 307              	.LFE72:
ARM GAS  /tmp/ccqJIbkp.s 			page 12


 309              		.section	.text.HAL_SetTickFreq,"ax",%progbits
 310              		.align	1
 311              		.global	HAL_SetTickFreq
 312              		.syntax unified
 313              		.thumb
 314              		.thumb_func
 315              		.fpu softvfp
 317              	HAL_SetTickFreq:
 318              	.LVL9:
 319              	.LFB73:
 317:Drivers/STM32F1xx_HAL_Driver/Src/stm32f1xx_hal.c **** 
 318:Drivers/STM32F1xx_HAL_Driver/Src/stm32f1xx_hal.c **** /**
 319:Drivers/STM32F1xx_HAL_Driver/Src/stm32f1xx_hal.c ****   * @brief Set new tick Freq.
 320:Drivers/STM32F1xx_HAL_Driver/Src/stm32f1xx_hal.c ****   * @retval status
 321:Drivers/STM32F1xx_HAL_Driver/Src/stm32f1xx_hal.c ****   */
 322:Drivers/STM32F1xx_HAL_Driver/Src/stm32f1xx_hal.c **** HAL_StatusTypeDef HAL_SetTickFreq(HAL_TickFreqTypeDef Freq)
 323:Drivers/STM32F1xx_HAL_Driver/Src/stm32f1xx_hal.c **** {
 320              		.loc 1 323 1 is_stmt 1 view -0
 321              		.cfi_startproc
 322              		@ args = 0, pretend = 0, frame = 0
 323              		@ frame_needed = 0, uses_anonymous_args = 0
 324              		.loc 1 323 1 is_stmt 0 view .LVU49
 325 0000 10B5     		push	{r4, lr}
 326              		.cfi_def_cfa_offset 8
 327              		.cfi_offset 4, -8
 328              		.cfi_offset 14, -4
 324:Drivers/STM32F1xx_HAL_Driver/Src/stm32f1xx_hal.c ****   HAL_StatusTypeDef status  = HAL_OK;
 329              		.loc 1 324 3 is_stmt 1 view .LVU50
 330              	.LVL10:
 325:Drivers/STM32F1xx_HAL_Driver/Src/stm32f1xx_hal.c ****   HAL_TickFreqTypeDef prevTickFreq;
 331              		.loc 1 325 3 view .LVU51
 326:Drivers/STM32F1xx_HAL_Driver/Src/stm32f1xx_hal.c **** 
 327:Drivers/STM32F1xx_HAL_Driver/Src/stm32f1xx_hal.c ****   assert_param(IS_TICKFREQ(Freq));
 332              		.loc 1 327 3 view .LVU52
 328:Drivers/STM32F1xx_HAL_Driver/Src/stm32f1xx_hal.c **** 
 329:Drivers/STM32F1xx_HAL_Driver/Src/stm32f1xx_hal.c ****   if (uwTickFreq != Freq)
 333              		.loc 1 329 3 view .LVU53
 334              		.loc 1 329 18 is_stmt 0 view .LVU54
 335 0002 084B     		ldr	r3, .L33
 336 0004 1C78     		ldrb	r4, [r3]	@ zero_extendqisi2
 337              		.loc 1 329 6 view .LVU55
 338 0006 8442     		cmp	r4, r0
 339 0008 01D1     		bne	.L32
 324:Drivers/STM32F1xx_HAL_Driver/Src/stm32f1xx_hal.c ****   HAL_TickFreqTypeDef prevTickFreq;
 340              		.loc 1 324 21 view .LVU56
 341 000a 0020     		movs	r0, #0
 342              	.LVL11:
 343              	.L29:
 330:Drivers/STM32F1xx_HAL_Driver/Src/stm32f1xx_hal.c ****   {
 331:Drivers/STM32F1xx_HAL_Driver/Src/stm32f1xx_hal.c ****     /* Back up uwTickFreq frequency */
 332:Drivers/STM32F1xx_HAL_Driver/Src/stm32f1xx_hal.c ****     prevTickFreq = uwTickFreq;
 333:Drivers/STM32F1xx_HAL_Driver/Src/stm32f1xx_hal.c **** 
 334:Drivers/STM32F1xx_HAL_Driver/Src/stm32f1xx_hal.c ****     /* Update uwTickFreq global variable used by HAL_InitTick() */
 335:Drivers/STM32F1xx_HAL_Driver/Src/stm32f1xx_hal.c ****     uwTickFreq = Freq;
 336:Drivers/STM32F1xx_HAL_Driver/Src/stm32f1xx_hal.c **** 
 337:Drivers/STM32F1xx_HAL_Driver/Src/stm32f1xx_hal.c ****     /* Apply the new tick Freq  */
 338:Drivers/STM32F1xx_HAL_Driver/Src/stm32f1xx_hal.c ****     status = HAL_InitTick(uwTickPrio);
ARM GAS  /tmp/ccqJIbkp.s 			page 13


 339:Drivers/STM32F1xx_HAL_Driver/Src/stm32f1xx_hal.c **** 
 340:Drivers/STM32F1xx_HAL_Driver/Src/stm32f1xx_hal.c ****     if (status != HAL_OK)
 341:Drivers/STM32F1xx_HAL_Driver/Src/stm32f1xx_hal.c ****     {
 342:Drivers/STM32F1xx_HAL_Driver/Src/stm32f1xx_hal.c ****       /* Restore previous tick frequency */
 343:Drivers/STM32F1xx_HAL_Driver/Src/stm32f1xx_hal.c ****       uwTickFreq = prevTickFreq;
 344:Drivers/STM32F1xx_HAL_Driver/Src/stm32f1xx_hal.c ****     }
 345:Drivers/STM32F1xx_HAL_Driver/Src/stm32f1xx_hal.c ****   }
 346:Drivers/STM32F1xx_HAL_Driver/Src/stm32f1xx_hal.c **** 
 347:Drivers/STM32F1xx_HAL_Driver/Src/stm32f1xx_hal.c ****   return status;
 344              		.loc 1 347 3 is_stmt 1 view .LVU57
 348:Drivers/STM32F1xx_HAL_Driver/Src/stm32f1xx_hal.c **** }
 345              		.loc 1 348 1 is_stmt 0 view .LVU58
 346 000c 10BD     		pop	{r4, pc}
 347              	.LVL12:
 348              	.L32:
 332:Drivers/STM32F1xx_HAL_Driver/Src/stm32f1xx_hal.c **** 
 349              		.loc 1 332 5 is_stmt 1 view .LVU59
 335:Drivers/STM32F1xx_HAL_Driver/Src/stm32f1xx_hal.c **** 
 350              		.loc 1 335 5 view .LVU60
 335:Drivers/STM32F1xx_HAL_Driver/Src/stm32f1xx_hal.c **** 
 351              		.loc 1 335 16 is_stmt 0 view .LVU61
 352 000e 1870     		strb	r0, [r3]
 338:Drivers/STM32F1xx_HAL_Driver/Src/stm32f1xx_hal.c **** 
 353              		.loc 1 338 5 is_stmt 1 view .LVU62
 338:Drivers/STM32F1xx_HAL_Driver/Src/stm32f1xx_hal.c **** 
 354              		.loc 1 338 14 is_stmt 0 view .LVU63
 355 0010 054B     		ldr	r3, .L33+4
 356 0012 1868     		ldr	r0, [r3]
 357              	.LVL13:
 338:Drivers/STM32F1xx_HAL_Driver/Src/stm32f1xx_hal.c **** 
 358              		.loc 1 338 14 view .LVU64
 359 0014 FFF7FEFF 		bl	HAL_InitTick
 360              	.LVL14:
 340:Drivers/STM32F1xx_HAL_Driver/Src/stm32f1xx_hal.c ****     {
 361              		.loc 1 340 5 is_stmt 1 view .LVU65
 340:Drivers/STM32F1xx_HAL_Driver/Src/stm32f1xx_hal.c ****     {
 362              		.loc 1 340 8 is_stmt 0 view .LVU66
 363 0018 0028     		cmp	r0, #0
 364 001a F7D0     		beq	.L29
 343:Drivers/STM32F1xx_HAL_Driver/Src/stm32f1xx_hal.c ****     }
 365              		.loc 1 343 7 is_stmt 1 view .LVU67
 343:Drivers/STM32F1xx_HAL_Driver/Src/stm32f1xx_hal.c ****     }
 366              		.loc 1 343 18 is_stmt 0 view .LVU68
 367 001c 014B     		ldr	r3, .L33
 368 001e 1C70     		strb	r4, [r3]
 369 0020 F4E7     		b	.L29
 370              	.L34:
 371 0022 00BF     		.align	2
 372              	.L33:
 373 0024 00000000 		.word	.LANCHOR0
 374 0028 00000000 		.word	.LANCHOR1
 375              		.cfi_endproc
 376              	.LFE73:
 378              		.section	.text.HAL_GetTickFreq,"ax",%progbits
 379              		.align	1
 380              		.global	HAL_GetTickFreq
 381              		.syntax unified
ARM GAS  /tmp/ccqJIbkp.s 			page 14


 382              		.thumb
 383              		.thumb_func
 384              		.fpu softvfp
 386              	HAL_GetTickFreq:
 387              	.LFB74:
 349:Drivers/STM32F1xx_HAL_Driver/Src/stm32f1xx_hal.c **** 
 350:Drivers/STM32F1xx_HAL_Driver/Src/stm32f1xx_hal.c **** /**
 351:Drivers/STM32F1xx_HAL_Driver/Src/stm32f1xx_hal.c ****   * @brief Return tick frequency.
 352:Drivers/STM32F1xx_HAL_Driver/Src/stm32f1xx_hal.c ****   * @retval tick period in Hz
 353:Drivers/STM32F1xx_HAL_Driver/Src/stm32f1xx_hal.c ****   */
 354:Drivers/STM32F1xx_HAL_Driver/Src/stm32f1xx_hal.c **** HAL_TickFreqTypeDef HAL_GetTickFreq(void)
 355:Drivers/STM32F1xx_HAL_Driver/Src/stm32f1xx_hal.c **** {
 388              		.loc 1 355 1 is_stmt 1 view -0
 389              		.cfi_startproc
 390              		@ args = 0, pretend = 0, frame = 0
 391              		@ frame_needed = 0, uses_anonymous_args = 0
 392              		@ link register save eliminated.
 356:Drivers/STM32F1xx_HAL_Driver/Src/stm32f1xx_hal.c ****   return uwTickFreq;
 393              		.loc 1 356 3 view .LVU70
 357:Drivers/STM32F1xx_HAL_Driver/Src/stm32f1xx_hal.c **** }
 394              		.loc 1 357 1 is_stmt 0 view .LVU71
 395 0000 014B     		ldr	r3, .L36
 396 0002 1878     		ldrb	r0, [r3]	@ zero_extendqisi2
 397 0004 7047     		bx	lr
 398              	.L37:
 399 0006 00BF     		.align	2
 400              	.L36:
 401 0008 00000000 		.word	.LANCHOR0
 402              		.cfi_endproc
 403              	.LFE74:
 405              		.section	.text.HAL_Delay,"ax",%progbits
 406              		.align	1
 407              		.weak	HAL_Delay
 408              		.syntax unified
 409              		.thumb
 410              		.thumb_func
 411              		.fpu softvfp
 413              	HAL_Delay:
 414              	.LVL15:
 415              	.LFB75:
 358:Drivers/STM32F1xx_HAL_Driver/Src/stm32f1xx_hal.c **** 
 359:Drivers/STM32F1xx_HAL_Driver/Src/stm32f1xx_hal.c **** /**
 360:Drivers/STM32F1xx_HAL_Driver/Src/stm32f1xx_hal.c ****   * @brief This function provides minimum delay (in milliseconds) based
 361:Drivers/STM32F1xx_HAL_Driver/Src/stm32f1xx_hal.c ****   *        on variable incremented.
 362:Drivers/STM32F1xx_HAL_Driver/Src/stm32f1xx_hal.c ****   * @note In the default implementation , SysTick timer is the source of time base.
 363:Drivers/STM32F1xx_HAL_Driver/Src/stm32f1xx_hal.c ****   *       It is used to generate interrupts at regular time intervals where uwTick
 364:Drivers/STM32F1xx_HAL_Driver/Src/stm32f1xx_hal.c ****   *       is incremented.
 365:Drivers/STM32F1xx_HAL_Driver/Src/stm32f1xx_hal.c ****   * @note This function is declared as __weak to be overwritten in case of other
 366:Drivers/STM32F1xx_HAL_Driver/Src/stm32f1xx_hal.c ****   *       implementations in user file.
 367:Drivers/STM32F1xx_HAL_Driver/Src/stm32f1xx_hal.c ****   * @param Delay specifies the delay time length, in milliseconds.
 368:Drivers/STM32F1xx_HAL_Driver/Src/stm32f1xx_hal.c ****   * @retval None
 369:Drivers/STM32F1xx_HAL_Driver/Src/stm32f1xx_hal.c ****   */
 370:Drivers/STM32F1xx_HAL_Driver/Src/stm32f1xx_hal.c **** __weak void HAL_Delay(uint32_t Delay)
 371:Drivers/STM32F1xx_HAL_Driver/Src/stm32f1xx_hal.c **** {
 416              		.loc 1 371 1 is_stmt 1 view -0
 417              		.cfi_startproc
 418              		@ args = 0, pretend = 0, frame = 0
ARM GAS  /tmp/ccqJIbkp.s 			page 15


 419              		@ frame_needed = 0, uses_anonymous_args = 0
 420              		.loc 1 371 1 is_stmt 0 view .LVU73
 421 0000 38B5     		push	{r3, r4, r5, lr}
 422              		.cfi_def_cfa_offset 16
 423              		.cfi_offset 3, -16
 424              		.cfi_offset 4, -12
 425              		.cfi_offset 5, -8
 426              		.cfi_offset 14, -4
 427 0002 0446     		mov	r4, r0
 372:Drivers/STM32F1xx_HAL_Driver/Src/stm32f1xx_hal.c ****   uint32_t tickstart = HAL_GetTick();
 428              		.loc 1 372 3 is_stmt 1 view .LVU74
 429              		.loc 1 372 24 is_stmt 0 view .LVU75
 430 0004 FFF7FEFF 		bl	HAL_GetTick
 431              	.LVL16:
 432              		.loc 1 372 24 view .LVU76
 433 0008 0546     		mov	r5, r0
 434              	.LVL17:
 373:Drivers/STM32F1xx_HAL_Driver/Src/stm32f1xx_hal.c ****   uint32_t wait = Delay;
 435              		.loc 1 373 3 is_stmt 1 view .LVU77
 374:Drivers/STM32F1xx_HAL_Driver/Src/stm32f1xx_hal.c **** 
 375:Drivers/STM32F1xx_HAL_Driver/Src/stm32f1xx_hal.c ****   /* Add a freq to guarantee minimum wait */
 376:Drivers/STM32F1xx_HAL_Driver/Src/stm32f1xx_hal.c ****   if (wait < HAL_MAX_DELAY)
 436              		.loc 1 376 3 view .LVU78
 437              		.loc 1 376 6 is_stmt 0 view .LVU79
 438 000a B4F1FF3F 		cmp	r4, #-1
 439 000e 02D0     		beq	.L40
 377:Drivers/STM32F1xx_HAL_Driver/Src/stm32f1xx_hal.c ****   {
 378:Drivers/STM32F1xx_HAL_Driver/Src/stm32f1xx_hal.c ****     wait += (uint32_t)(uwTickFreq);
 440              		.loc 1 378 5 is_stmt 1 view .LVU80
 441              		.loc 1 378 13 is_stmt 0 view .LVU81
 442 0010 044B     		ldr	r3, .L42
 443 0012 1B78     		ldrb	r3, [r3]	@ zero_extendqisi2
 444              		.loc 1 378 10 view .LVU82
 445 0014 1C44     		add	r4, r4, r3
 446              	.LVL18:
 447              	.L40:
 379:Drivers/STM32F1xx_HAL_Driver/Src/stm32f1xx_hal.c ****   }
 380:Drivers/STM32F1xx_HAL_Driver/Src/stm32f1xx_hal.c **** 
 381:Drivers/STM32F1xx_HAL_Driver/Src/stm32f1xx_hal.c ****   while ((HAL_GetTick() - tickstart) < wait)
 382:Drivers/STM32F1xx_HAL_Driver/Src/stm32f1xx_hal.c ****   {
 383:Drivers/STM32F1xx_HAL_Driver/Src/stm32f1xx_hal.c ****   }
 448              		.loc 1 383 3 is_stmt 1 discriminator 1 view .LVU83
 381:Drivers/STM32F1xx_HAL_Driver/Src/stm32f1xx_hal.c ****   {
 449              		.loc 1 381 9 discriminator 1 view .LVU84
 381:Drivers/STM32F1xx_HAL_Driver/Src/stm32f1xx_hal.c ****   {
 450              		.loc 1 381 11 is_stmt 0 discriminator 1 view .LVU85
 451 0016 FFF7FEFF 		bl	HAL_GetTick
 452              	.LVL19:
 381:Drivers/STM32F1xx_HAL_Driver/Src/stm32f1xx_hal.c ****   {
 453              		.loc 1 381 25 discriminator 1 view .LVU86
 454 001a 401B     		subs	r0, r0, r5
 381:Drivers/STM32F1xx_HAL_Driver/Src/stm32f1xx_hal.c ****   {
 455              		.loc 1 381 9 discriminator 1 view .LVU87
 456 001c A042     		cmp	r0, r4
 457 001e FAD3     		bcc	.L40
 384:Drivers/STM32F1xx_HAL_Driver/Src/stm32f1xx_hal.c **** }
 458              		.loc 1 384 1 view .LVU88
ARM GAS  /tmp/ccqJIbkp.s 			page 16


 459 0020 38BD     		pop	{r3, r4, r5, pc}
 460              	.LVL20:
 461              	.L43:
 462              		.loc 1 384 1 view .LVU89
 463 0022 00BF     		.align	2
 464              	.L42:
 465 0024 00000000 		.word	.LANCHOR0
 466              		.cfi_endproc
 467              	.LFE75:
 469              		.section	.text.HAL_SuspendTick,"ax",%progbits
 470              		.align	1
 471              		.weak	HAL_SuspendTick
 472              		.syntax unified
 473              		.thumb
 474              		.thumb_func
 475              		.fpu softvfp
 477              	HAL_SuspendTick:
 478              	.LFB76:
 385:Drivers/STM32F1xx_HAL_Driver/Src/stm32f1xx_hal.c **** 
 386:Drivers/STM32F1xx_HAL_Driver/Src/stm32f1xx_hal.c **** /**
 387:Drivers/STM32F1xx_HAL_Driver/Src/stm32f1xx_hal.c ****   * @brief Suspend Tick increment.
 388:Drivers/STM32F1xx_HAL_Driver/Src/stm32f1xx_hal.c ****   * @note In the default implementation , SysTick timer is the source of time base. It is
 389:Drivers/STM32F1xx_HAL_Driver/Src/stm32f1xx_hal.c ****   *       used to generate interrupts at regular time intervals. Once HAL_SuspendTick()
 390:Drivers/STM32F1xx_HAL_Driver/Src/stm32f1xx_hal.c ****   *       is called, the SysTick interrupt will be disabled and so Tick increment
 391:Drivers/STM32F1xx_HAL_Driver/Src/stm32f1xx_hal.c ****   *       is suspended.
 392:Drivers/STM32F1xx_HAL_Driver/Src/stm32f1xx_hal.c ****   * @note This function is declared as __weak to be overwritten in case of other
 393:Drivers/STM32F1xx_HAL_Driver/Src/stm32f1xx_hal.c ****   *       implementations in user file.
 394:Drivers/STM32F1xx_HAL_Driver/Src/stm32f1xx_hal.c ****   * @retval None
 395:Drivers/STM32F1xx_HAL_Driver/Src/stm32f1xx_hal.c ****   */
 396:Drivers/STM32F1xx_HAL_Driver/Src/stm32f1xx_hal.c **** __weak void HAL_SuspendTick(void)
 397:Drivers/STM32F1xx_HAL_Driver/Src/stm32f1xx_hal.c **** {
 479              		.loc 1 397 1 is_stmt 1 view -0
 480              		.cfi_startproc
 481              		@ args = 0, pretend = 0, frame = 0
 482              		@ frame_needed = 0, uses_anonymous_args = 0
 483              		@ link register save eliminated.
 398:Drivers/STM32F1xx_HAL_Driver/Src/stm32f1xx_hal.c ****   /* Disable SysTick Interrupt */
 399:Drivers/STM32F1xx_HAL_Driver/Src/stm32f1xx_hal.c ****   CLEAR_BIT(SysTick->CTRL, SysTick_CTRL_TICKINT_Msk);
 484              		.loc 1 399 3 view .LVU91
 485 0000 4FF0E022 		mov	r2, #-536813568
 486 0004 1369     		ldr	r3, [r2, #16]
 487 0006 23F00203 		bic	r3, r3, #2
 488 000a 1361     		str	r3, [r2, #16]
 400:Drivers/STM32F1xx_HAL_Driver/Src/stm32f1xx_hal.c **** }
 489              		.loc 1 400 1 is_stmt 0 view .LVU92
 490 000c 7047     		bx	lr
 491              		.cfi_endproc
 492              	.LFE76:
 494              		.section	.text.HAL_ResumeTick,"ax",%progbits
 495              		.align	1
 496              		.weak	HAL_ResumeTick
 497              		.syntax unified
 498              		.thumb
 499              		.thumb_func
 500              		.fpu softvfp
 502              	HAL_ResumeTick:
 503              	.LFB77:
ARM GAS  /tmp/ccqJIbkp.s 			page 17


 401:Drivers/STM32F1xx_HAL_Driver/Src/stm32f1xx_hal.c **** 
 402:Drivers/STM32F1xx_HAL_Driver/Src/stm32f1xx_hal.c **** /**
 403:Drivers/STM32F1xx_HAL_Driver/Src/stm32f1xx_hal.c ****   * @brief Resume Tick increment.
 404:Drivers/STM32F1xx_HAL_Driver/Src/stm32f1xx_hal.c ****   * @note In the default implementation , SysTick timer is the source of time base. It is
 405:Drivers/STM32F1xx_HAL_Driver/Src/stm32f1xx_hal.c ****   *       used to generate interrupts at regular time intervals. Once HAL_ResumeTick()
 406:Drivers/STM32F1xx_HAL_Driver/Src/stm32f1xx_hal.c ****   *       is called, the SysTick interrupt will be enabled and so Tick increment
 407:Drivers/STM32F1xx_HAL_Driver/Src/stm32f1xx_hal.c ****   *       is resumed.
 408:Drivers/STM32F1xx_HAL_Driver/Src/stm32f1xx_hal.c ****   * @note This function is declared as __weak to be overwritten in case of other
 409:Drivers/STM32F1xx_HAL_Driver/Src/stm32f1xx_hal.c ****   *       implementations in user file.
 410:Drivers/STM32F1xx_HAL_Driver/Src/stm32f1xx_hal.c ****   * @retval None
 411:Drivers/STM32F1xx_HAL_Driver/Src/stm32f1xx_hal.c ****   */
 412:Drivers/STM32F1xx_HAL_Driver/Src/stm32f1xx_hal.c **** __weak void HAL_ResumeTick(void)
 413:Drivers/STM32F1xx_HAL_Driver/Src/stm32f1xx_hal.c **** {
 504              		.loc 1 413 1 is_stmt 1 view -0
 505              		.cfi_startproc
 506              		@ args = 0, pretend = 0, frame = 0
 507              		@ frame_needed = 0, uses_anonymous_args = 0
 508              		@ link register save eliminated.
 414:Drivers/STM32F1xx_HAL_Driver/Src/stm32f1xx_hal.c ****   /* Enable SysTick Interrupt */
 415:Drivers/STM32F1xx_HAL_Driver/Src/stm32f1xx_hal.c ****   SET_BIT(SysTick->CTRL, SysTick_CTRL_TICKINT_Msk);
 509              		.loc 1 415 3 view .LVU94
 510 0000 4FF0E022 		mov	r2, #-536813568
 511 0004 1369     		ldr	r3, [r2, #16]
 512 0006 43F00203 		orr	r3, r3, #2
 513 000a 1361     		str	r3, [r2, #16]
 416:Drivers/STM32F1xx_HAL_Driver/Src/stm32f1xx_hal.c **** }
 514              		.loc 1 416 1 is_stmt 0 view .LVU95
 515 000c 7047     		bx	lr
 516              		.cfi_endproc
 517              	.LFE77:
 519              		.section	.text.HAL_GetHalVersion,"ax",%progbits
 520              		.align	1
 521              		.global	HAL_GetHalVersion
 522              		.syntax unified
 523              		.thumb
 524              		.thumb_func
 525              		.fpu softvfp
 527              	HAL_GetHalVersion:
 528              	.LFB78:
 417:Drivers/STM32F1xx_HAL_Driver/Src/stm32f1xx_hal.c **** 
 418:Drivers/STM32F1xx_HAL_Driver/Src/stm32f1xx_hal.c **** /**
 419:Drivers/STM32F1xx_HAL_Driver/Src/stm32f1xx_hal.c ****   * @brief  Returns the HAL revision
 420:Drivers/STM32F1xx_HAL_Driver/Src/stm32f1xx_hal.c ****   * @retval version 0xXYZR (8bits for each decimal, R for RC)
 421:Drivers/STM32F1xx_HAL_Driver/Src/stm32f1xx_hal.c ****   */
 422:Drivers/STM32F1xx_HAL_Driver/Src/stm32f1xx_hal.c **** uint32_t HAL_GetHalVersion(void)
 423:Drivers/STM32F1xx_HAL_Driver/Src/stm32f1xx_hal.c **** {
 529              		.loc 1 423 1 is_stmt 1 view -0
 530              		.cfi_startproc
 531              		@ args = 0, pretend = 0, frame = 0
 532              		@ frame_needed = 0, uses_anonymous_args = 0
 533              		@ link register save eliminated.
 424:Drivers/STM32F1xx_HAL_Driver/Src/stm32f1xx_hal.c ****   return __STM32F1xx_HAL_VERSION;
 534              		.loc 1 424 3 view .LVU97
 425:Drivers/STM32F1xx_HAL_Driver/Src/stm32f1xx_hal.c **** }
 535              		.loc 1 425 1 is_stmt 0 view .LVU98
 536 0000 0048     		ldr	r0, .L47
 537 0002 7047     		bx	lr
ARM GAS  /tmp/ccqJIbkp.s 			page 18


 538              	.L48:
 539              		.align	2
 540              	.L47:
 541 0004 00080101 		.word	16844800
 542              		.cfi_endproc
 543              	.LFE78:
 545              		.section	.text.HAL_GetREVID,"ax",%progbits
 546              		.align	1
 547              		.global	HAL_GetREVID
 548              		.syntax unified
 549              		.thumb
 550              		.thumb_func
 551              		.fpu softvfp
 553              	HAL_GetREVID:
 554              	.LFB79:
 426:Drivers/STM32F1xx_HAL_Driver/Src/stm32f1xx_hal.c **** 
 427:Drivers/STM32F1xx_HAL_Driver/Src/stm32f1xx_hal.c **** /**
 428:Drivers/STM32F1xx_HAL_Driver/Src/stm32f1xx_hal.c ****   * @brief Returns the device revision identifier.
 429:Drivers/STM32F1xx_HAL_Driver/Src/stm32f1xx_hal.c ****   * Note: On devices STM32F10xx8 and STM32F10xxB,
 430:Drivers/STM32F1xx_HAL_Driver/Src/stm32f1xx_hal.c ****   *                  STM32F101xC/D/E and STM32F103xC/D/E,
 431:Drivers/STM32F1xx_HAL_Driver/Src/stm32f1xx_hal.c ****   *                  STM32F101xF/G and STM32F103xF/G
 432:Drivers/STM32F1xx_HAL_Driver/Src/stm32f1xx_hal.c ****   *                  STM32F10xx4 and STM32F10xx6
 433:Drivers/STM32F1xx_HAL_Driver/Src/stm32f1xx_hal.c ****   *       Debug registers DBGMCU_IDCODE and DBGMCU_CR are accessible only in
 434:Drivers/STM32F1xx_HAL_Driver/Src/stm32f1xx_hal.c ****   *       debug mode (not accessible by the user software in normal mode).
 435:Drivers/STM32F1xx_HAL_Driver/Src/stm32f1xx_hal.c ****   *       Refer to errata sheet of these devices for more details.
 436:Drivers/STM32F1xx_HAL_Driver/Src/stm32f1xx_hal.c ****   * @retval Device revision identifier
 437:Drivers/STM32F1xx_HAL_Driver/Src/stm32f1xx_hal.c ****   */
 438:Drivers/STM32F1xx_HAL_Driver/Src/stm32f1xx_hal.c **** uint32_t HAL_GetREVID(void)
 439:Drivers/STM32F1xx_HAL_Driver/Src/stm32f1xx_hal.c **** {
 555              		.loc 1 439 1 is_stmt 1 view -0
 556              		.cfi_startproc
 557              		@ args = 0, pretend = 0, frame = 0
 558              		@ frame_needed = 0, uses_anonymous_args = 0
 559              		@ link register save eliminated.
 440:Drivers/STM32F1xx_HAL_Driver/Src/stm32f1xx_hal.c ****   return ((DBGMCU->IDCODE) >> DBGMCU_IDCODE_REV_ID_Pos);
 560              		.loc 1 440 3 view .LVU100
 561              		.loc 1 440 18 is_stmt 0 view .LVU101
 562 0000 014B     		ldr	r3, .L50
 563 0002 1868     		ldr	r0, [r3]
 441:Drivers/STM32F1xx_HAL_Driver/Src/stm32f1xx_hal.c **** }
 564              		.loc 1 441 1 view .LVU102
 565 0004 000C     		lsrs	r0, r0, #16
 566 0006 7047     		bx	lr
 567              	.L51:
 568              		.align	2
 569              	.L50:
 570 0008 002004E0 		.word	-536600576
 571              		.cfi_endproc
 572              	.LFE79:
 574              		.section	.text.HAL_GetDEVID,"ax",%progbits
 575              		.align	1
 576              		.global	HAL_GetDEVID
 577              		.syntax unified
 578              		.thumb
 579              		.thumb_func
 580              		.fpu softvfp
 582              	HAL_GetDEVID:
ARM GAS  /tmp/ccqJIbkp.s 			page 19


 583              	.LFB80:
 442:Drivers/STM32F1xx_HAL_Driver/Src/stm32f1xx_hal.c **** 
 443:Drivers/STM32F1xx_HAL_Driver/Src/stm32f1xx_hal.c **** /**
 444:Drivers/STM32F1xx_HAL_Driver/Src/stm32f1xx_hal.c ****   * @brief  Returns the device identifier.
 445:Drivers/STM32F1xx_HAL_Driver/Src/stm32f1xx_hal.c ****   * Note: On devices STM32F10xx8 and STM32F10xxB,
 446:Drivers/STM32F1xx_HAL_Driver/Src/stm32f1xx_hal.c ****   *                  STM32F101xC/D/E and STM32F103xC/D/E,
 447:Drivers/STM32F1xx_HAL_Driver/Src/stm32f1xx_hal.c ****   *                  STM32F101xF/G and STM32F103xF/G
 448:Drivers/STM32F1xx_HAL_Driver/Src/stm32f1xx_hal.c ****   *                  STM32F10xx4 and STM32F10xx6
 449:Drivers/STM32F1xx_HAL_Driver/Src/stm32f1xx_hal.c ****   *       Debug registers DBGMCU_IDCODE and DBGMCU_CR are accessible only in
 450:Drivers/STM32F1xx_HAL_Driver/Src/stm32f1xx_hal.c ****   *       debug mode (not accessible by the user software in normal mode).
 451:Drivers/STM32F1xx_HAL_Driver/Src/stm32f1xx_hal.c ****   *       Refer to errata sheet of these devices for more details.
 452:Drivers/STM32F1xx_HAL_Driver/Src/stm32f1xx_hal.c ****   * @retval Device identifier
 453:Drivers/STM32F1xx_HAL_Driver/Src/stm32f1xx_hal.c ****   */
 454:Drivers/STM32F1xx_HAL_Driver/Src/stm32f1xx_hal.c **** uint32_t HAL_GetDEVID(void)
 455:Drivers/STM32F1xx_HAL_Driver/Src/stm32f1xx_hal.c **** {
 584              		.loc 1 455 1 is_stmt 1 view -0
 585              		.cfi_startproc
 586              		@ args = 0, pretend = 0, frame = 0
 587              		@ frame_needed = 0, uses_anonymous_args = 0
 588              		@ link register save eliminated.
 456:Drivers/STM32F1xx_HAL_Driver/Src/stm32f1xx_hal.c ****   return ((DBGMCU->IDCODE) & IDCODE_DEVID_MASK);
 589              		.loc 1 456 3 view .LVU104
 590              		.loc 1 456 18 is_stmt 0 view .LVU105
 591 0000 024B     		ldr	r3, .L53
 592 0002 1868     		ldr	r0, [r3]
 457:Drivers/STM32F1xx_HAL_Driver/Src/stm32f1xx_hal.c **** }
 593              		.loc 1 457 1 view .LVU106
 594 0004 C0F30B00 		ubfx	r0, r0, #0, #12
 595 0008 7047     		bx	lr
 596              	.L54:
 597 000a 00BF     		.align	2
 598              	.L53:
 599 000c 002004E0 		.word	-536600576
 600              		.cfi_endproc
 601              	.LFE80:
 603              		.section	.text.HAL_GetUIDw0,"ax",%progbits
 604              		.align	1
 605              		.global	HAL_GetUIDw0
 606              		.syntax unified
 607              		.thumb
 608              		.thumb_func
 609              		.fpu softvfp
 611              	HAL_GetUIDw0:
 612              	.LFB81:
 458:Drivers/STM32F1xx_HAL_Driver/Src/stm32f1xx_hal.c **** 
 459:Drivers/STM32F1xx_HAL_Driver/Src/stm32f1xx_hal.c **** /**
 460:Drivers/STM32F1xx_HAL_Driver/Src/stm32f1xx_hal.c ****   * @brief  Returns first word of the unique device identifier (UID based on 96 bits)
 461:Drivers/STM32F1xx_HAL_Driver/Src/stm32f1xx_hal.c ****   * @retval Device identifier
 462:Drivers/STM32F1xx_HAL_Driver/Src/stm32f1xx_hal.c ****   */
 463:Drivers/STM32F1xx_HAL_Driver/Src/stm32f1xx_hal.c **** uint32_t HAL_GetUIDw0(void)
 464:Drivers/STM32F1xx_HAL_Driver/Src/stm32f1xx_hal.c **** {
 613              		.loc 1 464 1 is_stmt 1 view -0
 614              		.cfi_startproc
 615              		@ args = 0, pretend = 0, frame = 0
 616              		@ frame_needed = 0, uses_anonymous_args = 0
 617              		@ link register save eliminated.
 465:Drivers/STM32F1xx_HAL_Driver/Src/stm32f1xx_hal.c ****    return(READ_REG(*((uint32_t *)UID_BASE)));
ARM GAS  /tmp/ccqJIbkp.s 			page 20


 618              		.loc 1 465 4 view .LVU108
 466:Drivers/STM32F1xx_HAL_Driver/Src/stm32f1xx_hal.c **** }
 619              		.loc 1 466 1 is_stmt 0 view .LVU109
 620 0000 014B     		ldr	r3, .L56
 621 0002 D3F8E807 		ldr	r0, [r3, #2024]
 622 0006 7047     		bx	lr
 623              	.L57:
 624              		.align	2
 625              	.L56:
 626 0008 00F0FF1F 		.word	536866816
 627              		.cfi_endproc
 628              	.LFE81:
 630              		.section	.text.HAL_GetUIDw1,"ax",%progbits
 631              		.align	1
 632              		.global	HAL_GetUIDw1
 633              		.syntax unified
 634              		.thumb
 635              		.thumb_func
 636              		.fpu softvfp
 638              	HAL_GetUIDw1:
 639              	.LFB82:
 467:Drivers/STM32F1xx_HAL_Driver/Src/stm32f1xx_hal.c **** 
 468:Drivers/STM32F1xx_HAL_Driver/Src/stm32f1xx_hal.c **** /**
 469:Drivers/STM32F1xx_HAL_Driver/Src/stm32f1xx_hal.c ****   * @brief  Returns second word of the unique device identifier (UID based on 96 bits)
 470:Drivers/STM32F1xx_HAL_Driver/Src/stm32f1xx_hal.c ****   * @retval Device identifier
 471:Drivers/STM32F1xx_HAL_Driver/Src/stm32f1xx_hal.c ****   */
 472:Drivers/STM32F1xx_HAL_Driver/Src/stm32f1xx_hal.c **** uint32_t HAL_GetUIDw1(void)
 473:Drivers/STM32F1xx_HAL_Driver/Src/stm32f1xx_hal.c **** {
 640              		.loc 1 473 1 is_stmt 1 view -0
 641              		.cfi_startproc
 642              		@ args = 0, pretend = 0, frame = 0
 643              		@ frame_needed = 0, uses_anonymous_args = 0
 644              		@ link register save eliminated.
 474:Drivers/STM32F1xx_HAL_Driver/Src/stm32f1xx_hal.c ****    return(READ_REG(*((uint32_t *)(UID_BASE + 4U))));
 645              		.loc 1 474 4 view .LVU111
 475:Drivers/STM32F1xx_HAL_Driver/Src/stm32f1xx_hal.c **** }
 646              		.loc 1 475 1 is_stmt 0 view .LVU112
 647 0000 014B     		ldr	r3, .L59
 648 0002 D3F8EC07 		ldr	r0, [r3, #2028]
 649 0006 7047     		bx	lr
 650              	.L60:
 651              		.align	2
 652              	.L59:
 653 0008 00F0FF1F 		.word	536866816
 654              		.cfi_endproc
 655              	.LFE82:
 657              		.section	.text.HAL_GetUIDw2,"ax",%progbits
 658              		.align	1
 659              		.global	HAL_GetUIDw2
 660              		.syntax unified
 661              		.thumb
 662              		.thumb_func
 663              		.fpu softvfp
 665              	HAL_GetUIDw2:
 666              	.LFB83:
 476:Drivers/STM32F1xx_HAL_Driver/Src/stm32f1xx_hal.c **** 
 477:Drivers/STM32F1xx_HAL_Driver/Src/stm32f1xx_hal.c **** /**
ARM GAS  /tmp/ccqJIbkp.s 			page 21


 478:Drivers/STM32F1xx_HAL_Driver/Src/stm32f1xx_hal.c ****   * @brief  Returns third word of the unique device identifier (UID based on 96 bits)
 479:Drivers/STM32F1xx_HAL_Driver/Src/stm32f1xx_hal.c ****   * @retval Device identifier
 480:Drivers/STM32F1xx_HAL_Driver/Src/stm32f1xx_hal.c ****   */
 481:Drivers/STM32F1xx_HAL_Driver/Src/stm32f1xx_hal.c **** uint32_t HAL_GetUIDw2(void)
 482:Drivers/STM32F1xx_HAL_Driver/Src/stm32f1xx_hal.c **** {
 667              		.loc 1 482 1 is_stmt 1 view -0
 668              		.cfi_startproc
 669              		@ args = 0, pretend = 0, frame = 0
 670              		@ frame_needed = 0, uses_anonymous_args = 0
 671              		@ link register save eliminated.
 483:Drivers/STM32F1xx_HAL_Driver/Src/stm32f1xx_hal.c ****    return(READ_REG(*((uint32_t *)(UID_BASE + 8U))));
 672              		.loc 1 483 4 view .LVU114
 484:Drivers/STM32F1xx_HAL_Driver/Src/stm32f1xx_hal.c **** }
 673              		.loc 1 484 1 is_stmt 0 view .LVU115
 674 0000 014B     		ldr	r3, .L62
 675 0002 D3F8F007 		ldr	r0, [r3, #2032]
 676 0006 7047     		bx	lr
 677              	.L63:
 678              		.align	2
 679              	.L62:
 680 0008 00F0FF1F 		.word	536866816
 681              		.cfi_endproc
 682              	.LFE83:
 684              		.section	.text.HAL_DBGMCU_EnableDBGSleepMode,"ax",%progbits
 685              		.align	1
 686              		.global	HAL_DBGMCU_EnableDBGSleepMode
 687              		.syntax unified
 688              		.thumb
 689              		.thumb_func
 690              		.fpu softvfp
 692              	HAL_DBGMCU_EnableDBGSleepMode:
 693              	.LFB84:
 485:Drivers/STM32F1xx_HAL_Driver/Src/stm32f1xx_hal.c **** 
 486:Drivers/STM32F1xx_HAL_Driver/Src/stm32f1xx_hal.c **** /**
 487:Drivers/STM32F1xx_HAL_Driver/Src/stm32f1xx_hal.c ****   * @brief  Enable the Debug Module during SLEEP mode
 488:Drivers/STM32F1xx_HAL_Driver/Src/stm32f1xx_hal.c ****   * @retval None
 489:Drivers/STM32F1xx_HAL_Driver/Src/stm32f1xx_hal.c ****   */
 490:Drivers/STM32F1xx_HAL_Driver/Src/stm32f1xx_hal.c **** void HAL_DBGMCU_EnableDBGSleepMode(void)
 491:Drivers/STM32F1xx_HAL_Driver/Src/stm32f1xx_hal.c **** {
 694              		.loc 1 491 1 is_stmt 1 view -0
 695              		.cfi_startproc
 696              		@ args = 0, pretend = 0, frame = 0
 697              		@ frame_needed = 0, uses_anonymous_args = 0
 698              		@ link register save eliminated.
 492:Drivers/STM32F1xx_HAL_Driver/Src/stm32f1xx_hal.c ****   SET_BIT(DBGMCU->CR, DBGMCU_CR_DBG_SLEEP);
 699              		.loc 1 492 3 view .LVU117
 700 0000 024A     		ldr	r2, .L65
 701 0002 5368     		ldr	r3, [r2, #4]
 702 0004 43F00103 		orr	r3, r3, #1
 703 0008 5360     		str	r3, [r2, #4]
 493:Drivers/STM32F1xx_HAL_Driver/Src/stm32f1xx_hal.c **** }
 704              		.loc 1 493 1 is_stmt 0 view .LVU118
 705 000a 7047     		bx	lr
 706              	.L66:
 707              		.align	2
 708              	.L65:
 709 000c 002004E0 		.word	-536600576
ARM GAS  /tmp/ccqJIbkp.s 			page 22


 710              		.cfi_endproc
 711              	.LFE84:
 713              		.section	.text.HAL_DBGMCU_DisableDBGSleepMode,"ax",%progbits
 714              		.align	1
 715              		.global	HAL_DBGMCU_DisableDBGSleepMode
 716              		.syntax unified
 717              		.thumb
 718              		.thumb_func
 719              		.fpu softvfp
 721              	HAL_DBGMCU_DisableDBGSleepMode:
 722              	.LFB85:
 494:Drivers/STM32F1xx_HAL_Driver/Src/stm32f1xx_hal.c **** 
 495:Drivers/STM32F1xx_HAL_Driver/Src/stm32f1xx_hal.c **** /**
 496:Drivers/STM32F1xx_HAL_Driver/Src/stm32f1xx_hal.c ****   * @brief  Disable the Debug Module during SLEEP mode
 497:Drivers/STM32F1xx_HAL_Driver/Src/stm32f1xx_hal.c ****   * Note: On devices STM32F10xx8 and STM32F10xxB,
 498:Drivers/STM32F1xx_HAL_Driver/Src/stm32f1xx_hal.c ****   *                  STM32F101xC/D/E and STM32F103xC/D/E,
 499:Drivers/STM32F1xx_HAL_Driver/Src/stm32f1xx_hal.c ****   *                  STM32F101xF/G and STM32F103xF/G
 500:Drivers/STM32F1xx_HAL_Driver/Src/stm32f1xx_hal.c ****   *                  STM32F10xx4 and STM32F10xx6
 501:Drivers/STM32F1xx_HAL_Driver/Src/stm32f1xx_hal.c ****   *       Debug registers DBGMCU_IDCODE and DBGMCU_CR are accessible only in
 502:Drivers/STM32F1xx_HAL_Driver/Src/stm32f1xx_hal.c ****   *       debug mode (not accessible by the user software in normal mode).
 503:Drivers/STM32F1xx_HAL_Driver/Src/stm32f1xx_hal.c ****   *       Refer to errata sheet of these devices for more details.
 504:Drivers/STM32F1xx_HAL_Driver/Src/stm32f1xx_hal.c ****   * @retval None
 505:Drivers/STM32F1xx_HAL_Driver/Src/stm32f1xx_hal.c ****   */
 506:Drivers/STM32F1xx_HAL_Driver/Src/stm32f1xx_hal.c **** void HAL_DBGMCU_DisableDBGSleepMode(void)
 507:Drivers/STM32F1xx_HAL_Driver/Src/stm32f1xx_hal.c **** {
 723              		.loc 1 507 1 is_stmt 1 view -0
 724              		.cfi_startproc
 725              		@ args = 0, pretend = 0, frame = 0
 726              		@ frame_needed = 0, uses_anonymous_args = 0
 727              		@ link register save eliminated.
 508:Drivers/STM32F1xx_HAL_Driver/Src/stm32f1xx_hal.c ****   CLEAR_BIT(DBGMCU->CR, DBGMCU_CR_DBG_SLEEP);
 728              		.loc 1 508 3 view .LVU120
 729 0000 024A     		ldr	r2, .L68
 730 0002 5368     		ldr	r3, [r2, #4]
 731 0004 23F00103 		bic	r3, r3, #1
 732 0008 5360     		str	r3, [r2, #4]
 509:Drivers/STM32F1xx_HAL_Driver/Src/stm32f1xx_hal.c **** }
 733              		.loc 1 509 1 is_stmt 0 view .LVU121
 734 000a 7047     		bx	lr
 735              	.L69:
 736              		.align	2
 737              	.L68:
 738 000c 002004E0 		.word	-536600576
 739              		.cfi_endproc
 740              	.LFE85:
 742              		.section	.text.HAL_DBGMCU_EnableDBGStopMode,"ax",%progbits
 743              		.align	1
 744              		.global	HAL_DBGMCU_EnableDBGStopMode
 745              		.syntax unified
 746              		.thumb
 747              		.thumb_func
 748              		.fpu softvfp
 750              	HAL_DBGMCU_EnableDBGStopMode:
 751              	.LFB86:
 510:Drivers/STM32F1xx_HAL_Driver/Src/stm32f1xx_hal.c **** 
 511:Drivers/STM32F1xx_HAL_Driver/Src/stm32f1xx_hal.c **** /**
 512:Drivers/STM32F1xx_HAL_Driver/Src/stm32f1xx_hal.c ****   * @brief  Enable the Debug Module during STOP mode
ARM GAS  /tmp/ccqJIbkp.s 			page 23


 513:Drivers/STM32F1xx_HAL_Driver/Src/stm32f1xx_hal.c ****   * Note: On devices STM32F10xx8 and STM32F10xxB,
 514:Drivers/STM32F1xx_HAL_Driver/Src/stm32f1xx_hal.c ****   *                  STM32F101xC/D/E and STM32F103xC/D/E,
 515:Drivers/STM32F1xx_HAL_Driver/Src/stm32f1xx_hal.c ****   *                  STM32F101xF/G and STM32F103xF/G
 516:Drivers/STM32F1xx_HAL_Driver/Src/stm32f1xx_hal.c ****   *                  STM32F10xx4 and STM32F10xx6
 517:Drivers/STM32F1xx_HAL_Driver/Src/stm32f1xx_hal.c ****   *       Debug registers DBGMCU_IDCODE and DBGMCU_CR are accessible only in
 518:Drivers/STM32F1xx_HAL_Driver/Src/stm32f1xx_hal.c ****   *       debug mode (not accessible by the user software in normal mode).
 519:Drivers/STM32F1xx_HAL_Driver/Src/stm32f1xx_hal.c ****   *       Refer to errata sheet of these devices for more details.
 520:Drivers/STM32F1xx_HAL_Driver/Src/stm32f1xx_hal.c ****   * Note: On all STM32F1 devices:
 521:Drivers/STM32F1xx_HAL_Driver/Src/stm32f1xx_hal.c ****   *       If the system tick timer interrupt is enabled during the Stop mode
 522:Drivers/STM32F1xx_HAL_Driver/Src/stm32f1xx_hal.c ****   *       debug (DBG_STOP bit set in the DBGMCU_CR register ), it will wakeup
 523:Drivers/STM32F1xx_HAL_Driver/Src/stm32f1xx_hal.c ****   *       the system from Stop mode.
 524:Drivers/STM32F1xx_HAL_Driver/Src/stm32f1xx_hal.c ****   *       Workaround: To debug the Stop mode, disable the system tick timer
 525:Drivers/STM32F1xx_HAL_Driver/Src/stm32f1xx_hal.c ****   *       interrupt.
 526:Drivers/STM32F1xx_HAL_Driver/Src/stm32f1xx_hal.c ****   *       Refer to errata sheet of these devices for more details.
 527:Drivers/STM32F1xx_HAL_Driver/Src/stm32f1xx_hal.c ****   * Note: On all STM32F1 devices:
 528:Drivers/STM32F1xx_HAL_Driver/Src/stm32f1xx_hal.c ****   *       If the system tick timer interrupt is enabled during the Stop mode
 529:Drivers/STM32F1xx_HAL_Driver/Src/stm32f1xx_hal.c ****   *       debug (DBG_STOP bit set in the DBGMCU_CR register ), it will wakeup
 530:Drivers/STM32F1xx_HAL_Driver/Src/stm32f1xx_hal.c ****   *       the system from Stop mode.
 531:Drivers/STM32F1xx_HAL_Driver/Src/stm32f1xx_hal.c ****   *       Workaround: To debug the Stop mode, disable the system tick timer
 532:Drivers/STM32F1xx_HAL_Driver/Src/stm32f1xx_hal.c ****   *       interrupt.
 533:Drivers/STM32F1xx_HAL_Driver/Src/stm32f1xx_hal.c ****   *       Refer to errata sheet of these devices for more details.
 534:Drivers/STM32F1xx_HAL_Driver/Src/stm32f1xx_hal.c ****   * @retval None
 535:Drivers/STM32F1xx_HAL_Driver/Src/stm32f1xx_hal.c ****   */
 536:Drivers/STM32F1xx_HAL_Driver/Src/stm32f1xx_hal.c **** void HAL_DBGMCU_EnableDBGStopMode(void)
 537:Drivers/STM32F1xx_HAL_Driver/Src/stm32f1xx_hal.c **** {
 752              		.loc 1 537 1 is_stmt 1 view -0
 753              		.cfi_startproc
 754              		@ args = 0, pretend = 0, frame = 0
 755              		@ frame_needed = 0, uses_anonymous_args = 0
 756              		@ link register save eliminated.
 538:Drivers/STM32F1xx_HAL_Driver/Src/stm32f1xx_hal.c ****   SET_BIT(DBGMCU->CR, DBGMCU_CR_DBG_STOP);
 757              		.loc 1 538 3 view .LVU123
 758 0000 024A     		ldr	r2, .L71
 759 0002 5368     		ldr	r3, [r2, #4]
 760 0004 43F00203 		orr	r3, r3, #2
 761 0008 5360     		str	r3, [r2, #4]
 539:Drivers/STM32F1xx_HAL_Driver/Src/stm32f1xx_hal.c **** }
 762              		.loc 1 539 1 is_stmt 0 view .LVU124
 763 000a 7047     		bx	lr
 764              	.L72:
 765              		.align	2
 766              	.L71:
 767 000c 002004E0 		.word	-536600576
 768              		.cfi_endproc
 769              	.LFE86:
 771              		.section	.text.HAL_DBGMCU_DisableDBGStopMode,"ax",%progbits
 772              		.align	1
 773              		.global	HAL_DBGMCU_DisableDBGStopMode
 774              		.syntax unified
 775              		.thumb
 776              		.thumb_func
 777              		.fpu softvfp
 779              	HAL_DBGMCU_DisableDBGStopMode:
 780              	.LFB87:
 540:Drivers/STM32F1xx_HAL_Driver/Src/stm32f1xx_hal.c **** 
 541:Drivers/STM32F1xx_HAL_Driver/Src/stm32f1xx_hal.c **** /**
 542:Drivers/STM32F1xx_HAL_Driver/Src/stm32f1xx_hal.c ****   * @brief  Disable the Debug Module during STOP mode
ARM GAS  /tmp/ccqJIbkp.s 			page 24


 543:Drivers/STM32F1xx_HAL_Driver/Src/stm32f1xx_hal.c ****   * Note: On devices STM32F10xx8 and STM32F10xxB,
 544:Drivers/STM32F1xx_HAL_Driver/Src/stm32f1xx_hal.c ****   *                  STM32F101xC/D/E and STM32F103xC/D/E,
 545:Drivers/STM32F1xx_HAL_Driver/Src/stm32f1xx_hal.c ****   *                  STM32F101xF/G and STM32F103xF/G
 546:Drivers/STM32F1xx_HAL_Driver/Src/stm32f1xx_hal.c ****   *                  STM32F10xx4 and STM32F10xx6
 547:Drivers/STM32F1xx_HAL_Driver/Src/stm32f1xx_hal.c ****   *       Debug registers DBGMCU_IDCODE and DBGMCU_CR are accessible only in
 548:Drivers/STM32F1xx_HAL_Driver/Src/stm32f1xx_hal.c ****   *       debug mode (not accessible by the user software in normal mode).
 549:Drivers/STM32F1xx_HAL_Driver/Src/stm32f1xx_hal.c ****   *       Refer to errata sheet of these devices for more details.
 550:Drivers/STM32F1xx_HAL_Driver/Src/stm32f1xx_hal.c ****   * @retval None
 551:Drivers/STM32F1xx_HAL_Driver/Src/stm32f1xx_hal.c ****   */
 552:Drivers/STM32F1xx_HAL_Driver/Src/stm32f1xx_hal.c **** void HAL_DBGMCU_DisableDBGStopMode(void)
 553:Drivers/STM32F1xx_HAL_Driver/Src/stm32f1xx_hal.c **** {
 781              		.loc 1 553 1 is_stmt 1 view -0
 782              		.cfi_startproc
 783              		@ args = 0, pretend = 0, frame = 0
 784              		@ frame_needed = 0, uses_anonymous_args = 0
 785              		@ link register save eliminated.
 554:Drivers/STM32F1xx_HAL_Driver/Src/stm32f1xx_hal.c ****   CLEAR_BIT(DBGMCU->CR, DBGMCU_CR_DBG_STOP);
 786              		.loc 1 554 3 view .LVU126
 787 0000 024A     		ldr	r2, .L74
 788 0002 5368     		ldr	r3, [r2, #4]
 789 0004 23F00203 		bic	r3, r3, #2
 790 0008 5360     		str	r3, [r2, #4]
 555:Drivers/STM32F1xx_HAL_Driver/Src/stm32f1xx_hal.c **** }
 791              		.loc 1 555 1 is_stmt 0 view .LVU127
 792 000a 7047     		bx	lr
 793              	.L75:
 794              		.align	2
 795              	.L74:
 796 000c 002004E0 		.word	-536600576
 797              		.cfi_endproc
 798              	.LFE87:
 800              		.section	.text.HAL_DBGMCU_EnableDBGStandbyMode,"ax",%progbits
 801              		.align	1
 802              		.global	HAL_DBGMCU_EnableDBGStandbyMode
 803              		.syntax unified
 804              		.thumb
 805              		.thumb_func
 806              		.fpu softvfp
 808              	HAL_DBGMCU_EnableDBGStandbyMode:
 809              	.LFB88:
 556:Drivers/STM32F1xx_HAL_Driver/Src/stm32f1xx_hal.c **** 
 557:Drivers/STM32F1xx_HAL_Driver/Src/stm32f1xx_hal.c **** /**
 558:Drivers/STM32F1xx_HAL_Driver/Src/stm32f1xx_hal.c ****   * @brief  Enable the Debug Module during STANDBY mode
 559:Drivers/STM32F1xx_HAL_Driver/Src/stm32f1xx_hal.c ****   * Note: On devices STM32F10xx8 and STM32F10xxB,
 560:Drivers/STM32F1xx_HAL_Driver/Src/stm32f1xx_hal.c ****   *                  STM32F101xC/D/E and STM32F103xC/D/E,
 561:Drivers/STM32F1xx_HAL_Driver/Src/stm32f1xx_hal.c ****   *                  STM32F101xF/G and STM32F103xF/G
 562:Drivers/STM32F1xx_HAL_Driver/Src/stm32f1xx_hal.c ****   *                  STM32F10xx4 and STM32F10xx6
 563:Drivers/STM32F1xx_HAL_Driver/Src/stm32f1xx_hal.c ****   *       Debug registers DBGMCU_IDCODE and DBGMCU_CR are accessible only in
 564:Drivers/STM32F1xx_HAL_Driver/Src/stm32f1xx_hal.c ****   *       debug mode (not accessible by the user software in normal mode).
 565:Drivers/STM32F1xx_HAL_Driver/Src/stm32f1xx_hal.c ****   *       Refer to errata sheet of these devices for more details.
 566:Drivers/STM32F1xx_HAL_Driver/Src/stm32f1xx_hal.c ****   * @retval None
 567:Drivers/STM32F1xx_HAL_Driver/Src/stm32f1xx_hal.c ****   */
 568:Drivers/STM32F1xx_HAL_Driver/Src/stm32f1xx_hal.c **** void HAL_DBGMCU_EnableDBGStandbyMode(void)
 569:Drivers/STM32F1xx_HAL_Driver/Src/stm32f1xx_hal.c **** {
 810              		.loc 1 569 1 is_stmt 1 view -0
 811              		.cfi_startproc
 812              		@ args = 0, pretend = 0, frame = 0
ARM GAS  /tmp/ccqJIbkp.s 			page 25


 813              		@ frame_needed = 0, uses_anonymous_args = 0
 814              		@ link register save eliminated.
 570:Drivers/STM32F1xx_HAL_Driver/Src/stm32f1xx_hal.c ****   SET_BIT(DBGMCU->CR, DBGMCU_CR_DBG_STANDBY);
 815              		.loc 1 570 3 view .LVU129
 816 0000 024A     		ldr	r2, .L77
 817 0002 5368     		ldr	r3, [r2, #4]
 818 0004 43F00403 		orr	r3, r3, #4
 819 0008 5360     		str	r3, [r2, #4]
 571:Drivers/STM32F1xx_HAL_Driver/Src/stm32f1xx_hal.c **** }
 820              		.loc 1 571 1 is_stmt 0 view .LVU130
 821 000a 7047     		bx	lr
 822              	.L78:
 823              		.align	2
 824              	.L77:
 825 000c 002004E0 		.word	-536600576
 826              		.cfi_endproc
 827              	.LFE88:
 829              		.section	.text.HAL_DBGMCU_DisableDBGStandbyMode,"ax",%progbits
 830              		.align	1
 831              		.global	HAL_DBGMCU_DisableDBGStandbyMode
 832              		.syntax unified
 833              		.thumb
 834              		.thumb_func
 835              		.fpu softvfp
 837              	HAL_DBGMCU_DisableDBGStandbyMode:
 838              	.LFB89:
 572:Drivers/STM32F1xx_HAL_Driver/Src/stm32f1xx_hal.c **** 
 573:Drivers/STM32F1xx_HAL_Driver/Src/stm32f1xx_hal.c **** /**
 574:Drivers/STM32F1xx_HAL_Driver/Src/stm32f1xx_hal.c ****   * @brief  Disable the Debug Module during STANDBY mode
 575:Drivers/STM32F1xx_HAL_Driver/Src/stm32f1xx_hal.c ****   * Note: On devices STM32F10xx8 and STM32F10xxB,
 576:Drivers/STM32F1xx_HAL_Driver/Src/stm32f1xx_hal.c ****   *                  STM32F101xC/D/E and STM32F103xC/D/E,
 577:Drivers/STM32F1xx_HAL_Driver/Src/stm32f1xx_hal.c ****   *                  STM32F101xF/G and STM32F103xF/G
 578:Drivers/STM32F1xx_HAL_Driver/Src/stm32f1xx_hal.c ****   *                  STM32F10xx4 and STM32F10xx6
 579:Drivers/STM32F1xx_HAL_Driver/Src/stm32f1xx_hal.c ****   *       Debug registers DBGMCU_IDCODE and DBGMCU_CR are accessible only in
 580:Drivers/STM32F1xx_HAL_Driver/Src/stm32f1xx_hal.c ****   *       debug mode (not accessible by the user software in normal mode).
 581:Drivers/STM32F1xx_HAL_Driver/Src/stm32f1xx_hal.c ****   *       Refer to errata sheet of these devices for more details.
 582:Drivers/STM32F1xx_HAL_Driver/Src/stm32f1xx_hal.c ****   * @retval None
 583:Drivers/STM32F1xx_HAL_Driver/Src/stm32f1xx_hal.c ****   */
 584:Drivers/STM32F1xx_HAL_Driver/Src/stm32f1xx_hal.c **** void HAL_DBGMCU_DisableDBGStandbyMode(void)
 585:Drivers/STM32F1xx_HAL_Driver/Src/stm32f1xx_hal.c **** {
 839              		.loc 1 585 1 is_stmt 1 view -0
 840              		.cfi_startproc
 841              		@ args = 0, pretend = 0, frame = 0
 842              		@ frame_needed = 0, uses_anonymous_args = 0
 843              		@ link register save eliminated.
 586:Drivers/STM32F1xx_HAL_Driver/Src/stm32f1xx_hal.c ****   CLEAR_BIT(DBGMCU->CR, DBGMCU_CR_DBG_STANDBY);
 844              		.loc 1 586 3 view .LVU132
 845 0000 024A     		ldr	r2, .L80
 846 0002 5368     		ldr	r3, [r2, #4]
 847 0004 23F00403 		bic	r3, r3, #4
 848 0008 5360     		str	r3, [r2, #4]
 587:Drivers/STM32F1xx_HAL_Driver/Src/stm32f1xx_hal.c **** }
 849              		.loc 1 587 1 is_stmt 0 view .LVU133
 850 000a 7047     		bx	lr
 851              	.L81:
 852              		.align	2
 853              	.L80:
ARM GAS  /tmp/ccqJIbkp.s 			page 26


 854 000c 002004E0 		.word	-536600576
 855              		.cfi_endproc
 856              	.LFE89:
 858              		.global	uwTickFreq
 859              		.global	uwTickPrio
 860              		.global	uwTick
 861              		.section	.bss.uwTick,"aw",%nobits
 862              		.align	2
 863              		.set	.LANCHOR2,. + 0
 866              	uwTick:
 867 0000 00000000 		.space	4
 868              		.section	.data.uwTickFreq,"aw"
 869              		.set	.LANCHOR0,. + 0
 872              	uwTickFreq:
 873 0000 01       		.byte	1
 874              		.section	.data.uwTickPrio,"aw"
 875              		.align	2
 876              		.set	.LANCHOR1,. + 0
 879              	uwTickPrio:
 880 0000 10000000 		.word	16
 881              		.text
 882              	.Letext0:
 883              		.file 2 "Drivers/CMSIS/Include/core_cm3.h"
 884              		.file 3 "/usr/lib/gcc/arm-none-eabi/10.3.1/include/stdint.h"
 885              		.file 4 "Drivers/CMSIS/Device/ST/STM32F1xx/Include/stm32f103xb.h"
 886              		.file 5 "Drivers/STM32F1xx_HAL_Driver/Inc/stm32f1xx_hal_def.h"
 887              		.file 6 "Drivers/STM32F1xx_HAL_Driver/Inc/stm32f1xx_hal.h"
 888              		.file 7 "Drivers/CMSIS/Device/ST/STM32F1xx/Include/system_stm32f1xx.h"
 889              		.file 8 "Drivers/STM32F1xx_HAL_Driver/Inc/stm32f1xx_hal_cortex.h"
ARM GAS  /tmp/ccqJIbkp.s 			page 27


DEFINED SYMBOLS
                            *ABS*:0000000000000000 stm32f1xx_hal.c
     /tmp/ccqJIbkp.s:16     .text.HAL_MspInit:0000000000000000 $t
     /tmp/ccqJIbkp.s:24     .text.HAL_MspInit:0000000000000000 HAL_MspInit
     /tmp/ccqJIbkp.s:38     .text.HAL_MspDeInit:0000000000000000 $t
     /tmp/ccqJIbkp.s:45     .text.HAL_MspDeInit:0000000000000000 HAL_MspDeInit
     /tmp/ccqJIbkp.s:58     .text.HAL_DeInit:0000000000000000 $t
     /tmp/ccqJIbkp.s:65     .text.HAL_DeInit:0000000000000000 HAL_DeInit
     /tmp/ccqJIbkp.s:96     .text.HAL_DeInit:000000000000001c $d
     /tmp/ccqJIbkp.s:101    .text.HAL_InitTick:0000000000000000 $t
     /tmp/ccqJIbkp.s:108    .text.HAL_InitTick:0000000000000000 HAL_InitTick
     /tmp/ccqJIbkp.s:170    .text.HAL_InitTick:0000000000000040 $d
     /tmp/ccqJIbkp.s:177    .text.HAL_Init:0000000000000000 $t
     /tmp/ccqJIbkp.s:184    .text.HAL_Init:0000000000000000 HAL_Init
     /tmp/ccqJIbkp.s:217    .text.HAL_Init:0000000000000020 $d
     /tmp/ccqJIbkp.s:222    .text.HAL_IncTick:0000000000000000 $t
     /tmp/ccqJIbkp.s:229    .text.HAL_IncTick:0000000000000000 HAL_IncTick
     /tmp/ccqJIbkp.s:249    .text.HAL_IncTick:0000000000000010 $d
     /tmp/ccqJIbkp.s:255    .text.HAL_GetTick:0000000000000000 $t
     /tmp/ccqJIbkp.s:262    .text.HAL_GetTick:0000000000000000 HAL_GetTick
     /tmp/ccqJIbkp.s:278    .text.HAL_GetTick:0000000000000008 $d
     /tmp/ccqJIbkp.s:283    .text.HAL_GetTickPrio:0000000000000000 $t
     /tmp/ccqJIbkp.s:290    .text.HAL_GetTickPrio:0000000000000000 HAL_GetTickPrio
     /tmp/ccqJIbkp.s:305    .text.HAL_GetTickPrio:0000000000000008 $d
     /tmp/ccqJIbkp.s:310    .text.HAL_SetTickFreq:0000000000000000 $t
     /tmp/ccqJIbkp.s:317    .text.HAL_SetTickFreq:0000000000000000 HAL_SetTickFreq
     /tmp/ccqJIbkp.s:373    .text.HAL_SetTickFreq:0000000000000024 $d
     /tmp/ccqJIbkp.s:379    .text.HAL_GetTickFreq:0000000000000000 $t
     /tmp/ccqJIbkp.s:386    .text.HAL_GetTickFreq:0000000000000000 HAL_GetTickFreq
     /tmp/ccqJIbkp.s:401    .text.HAL_GetTickFreq:0000000000000008 $d
     /tmp/ccqJIbkp.s:406    .text.HAL_Delay:0000000000000000 $t
     /tmp/ccqJIbkp.s:413    .text.HAL_Delay:0000000000000000 HAL_Delay
     /tmp/ccqJIbkp.s:465    .text.HAL_Delay:0000000000000024 $d
     /tmp/ccqJIbkp.s:470    .text.HAL_SuspendTick:0000000000000000 $t
     /tmp/ccqJIbkp.s:477    .text.HAL_SuspendTick:0000000000000000 HAL_SuspendTick
     /tmp/ccqJIbkp.s:495    .text.HAL_ResumeTick:0000000000000000 $t
     /tmp/ccqJIbkp.s:502    .text.HAL_ResumeTick:0000000000000000 HAL_ResumeTick
     /tmp/ccqJIbkp.s:520    .text.HAL_GetHalVersion:0000000000000000 $t
     /tmp/ccqJIbkp.s:527    .text.HAL_GetHalVersion:0000000000000000 HAL_GetHalVersion
     /tmp/ccqJIbkp.s:541    .text.HAL_GetHalVersion:0000000000000004 $d
     /tmp/ccqJIbkp.s:546    .text.HAL_GetREVID:0000000000000000 $t
     /tmp/ccqJIbkp.s:553    .text.HAL_GetREVID:0000000000000000 HAL_GetREVID
     /tmp/ccqJIbkp.s:570    .text.HAL_GetREVID:0000000000000008 $d
     /tmp/ccqJIbkp.s:575    .text.HAL_GetDEVID:0000000000000000 $t
     /tmp/ccqJIbkp.s:582    .text.HAL_GetDEVID:0000000000000000 HAL_GetDEVID
     /tmp/ccqJIbkp.s:599    .text.HAL_GetDEVID:000000000000000c $d
     /tmp/ccqJIbkp.s:604    .text.HAL_GetUIDw0:0000000000000000 $t
     /tmp/ccqJIbkp.s:611    .text.HAL_GetUIDw0:0000000000000000 HAL_GetUIDw0
     /tmp/ccqJIbkp.s:626    .text.HAL_GetUIDw0:0000000000000008 $d
     /tmp/ccqJIbkp.s:631    .text.HAL_GetUIDw1:0000000000000000 $t
     /tmp/ccqJIbkp.s:638    .text.HAL_GetUIDw1:0000000000000000 HAL_GetUIDw1
     /tmp/ccqJIbkp.s:653    .text.HAL_GetUIDw1:0000000000000008 $d
     /tmp/ccqJIbkp.s:658    .text.HAL_GetUIDw2:0000000000000000 $t
     /tmp/ccqJIbkp.s:665    .text.HAL_GetUIDw2:0000000000000000 HAL_GetUIDw2
     /tmp/ccqJIbkp.s:680    .text.HAL_GetUIDw2:0000000000000008 $d
     /tmp/ccqJIbkp.s:685    .text.HAL_DBGMCU_EnableDBGSleepMode:0000000000000000 $t
     /tmp/ccqJIbkp.s:692    .text.HAL_DBGMCU_EnableDBGSleepMode:0000000000000000 HAL_DBGMCU_EnableDBGSleepMode
ARM GAS  /tmp/ccqJIbkp.s 			page 28


     /tmp/ccqJIbkp.s:709    .text.HAL_DBGMCU_EnableDBGSleepMode:000000000000000c $d
     /tmp/ccqJIbkp.s:714    .text.HAL_DBGMCU_DisableDBGSleepMode:0000000000000000 $t
     /tmp/ccqJIbkp.s:721    .text.HAL_DBGMCU_DisableDBGSleepMode:0000000000000000 HAL_DBGMCU_DisableDBGSleepMode
     /tmp/ccqJIbkp.s:738    .text.HAL_DBGMCU_DisableDBGSleepMode:000000000000000c $d
     /tmp/ccqJIbkp.s:743    .text.HAL_DBGMCU_EnableDBGStopMode:0000000000000000 $t
     /tmp/ccqJIbkp.s:750    .text.HAL_DBGMCU_EnableDBGStopMode:0000000000000000 HAL_DBGMCU_EnableDBGStopMode
     /tmp/ccqJIbkp.s:767    .text.HAL_DBGMCU_EnableDBGStopMode:000000000000000c $d
     /tmp/ccqJIbkp.s:772    .text.HAL_DBGMCU_DisableDBGStopMode:0000000000000000 $t
     /tmp/ccqJIbkp.s:779    .text.HAL_DBGMCU_DisableDBGStopMode:0000000000000000 HAL_DBGMCU_DisableDBGStopMode
     /tmp/ccqJIbkp.s:796    .text.HAL_DBGMCU_DisableDBGStopMode:000000000000000c $d
     /tmp/ccqJIbkp.s:801    .text.HAL_DBGMCU_EnableDBGStandbyMode:0000000000000000 $t
     /tmp/ccqJIbkp.s:808    .text.HAL_DBGMCU_EnableDBGStandbyMode:0000000000000000 HAL_DBGMCU_EnableDBGStandbyMode
     /tmp/ccqJIbkp.s:825    .text.HAL_DBGMCU_EnableDBGStandbyMode:000000000000000c $d
     /tmp/ccqJIbkp.s:830    .text.HAL_DBGMCU_DisableDBGStandbyMode:0000000000000000 $t
     /tmp/ccqJIbkp.s:837    .text.HAL_DBGMCU_DisableDBGStandbyMode:0000000000000000 HAL_DBGMCU_DisableDBGStandbyMode
     /tmp/ccqJIbkp.s:854    .text.HAL_DBGMCU_DisableDBGStandbyMode:000000000000000c $d
     /tmp/ccqJIbkp.s:872    .data.uwTickFreq:0000000000000000 uwTickFreq
     /tmp/ccqJIbkp.s:879    .data.uwTickPrio:0000000000000000 uwTickPrio
     /tmp/ccqJIbkp.s:866    .bss.uwTick:0000000000000000 uwTick
     /tmp/ccqJIbkp.s:862    .bss.uwTick:0000000000000000 $d
     /tmp/ccqJIbkp.s:875    .data.uwTickPrio:0000000000000000 $d

UNDEFINED SYMBOLS
HAL_SYSTICK_Config
HAL_NVIC_SetPriority
SystemCoreClock
HAL_NVIC_SetPriorityGrouping
