ARM GAS  /tmp/cc4w3aOm.s 			page 1


   1              		.cpu cortex-m3
   2              		.eabi_attribute 20, 1
   3              		.eabi_attribute 21, 1
   4              		.eabi_attribute 23, 3
   5              		.eabi_attribute 24, 1
   6              		.eabi_attribute 25, 1
   7              		.eabi_attribute 26, 1
   8              		.eabi_attribute 30, 1
   9              		.eabi_attribute 34, 1
  10              		.eabi_attribute 18, 4
  11              		.file	"usart.c"
  12              		.text
  13              	.Ltext0:
  14              		.cfi_sections	.debug_frame
  15              		.section	.text.MX_USART1_UART_Init,"ax",%progbits
  16              		.align	1
  17              		.global	MX_USART1_UART_Init
  18              		.arch armv7-m
  19              		.syntax unified
  20              		.thumb
  21              		.thumb_func
  22              		.fpu softvfp
  24              	MX_USART1_UART_Init:
  25              	.LFB65:
  26              		.file 1 "Core/Src/usart.c"
   1:Core/Src/usart.c **** /* USER CODE BEGIN Header */
   2:Core/Src/usart.c **** /**
   3:Core/Src/usart.c ****   ******************************************************************************
   4:Core/Src/usart.c ****   * @file    usart.c
   5:Core/Src/usart.c ****   * @brief   This file provides code for the configuration
   6:Core/Src/usart.c ****   *          of the USART instances.
   7:Core/Src/usart.c ****   ******************************************************************************
   8:Core/Src/usart.c ****   * @attention
   9:Core/Src/usart.c ****   *
  10:Core/Src/usart.c ****   * Copyright (c) 2022 STMicroelectronics.
  11:Core/Src/usart.c ****   * All rights reserved.
  12:Core/Src/usart.c ****   *
  13:Core/Src/usart.c ****   * This software is licensed under terms that can be found in the LICENSE file
  14:Core/Src/usart.c ****   * in the root directory of this software component.
  15:Core/Src/usart.c ****   * If no LICENSE file comes with this software, it is provided AS-IS.
  16:Core/Src/usart.c ****   *
  17:Core/Src/usart.c ****   ******************************************************************************
  18:Core/Src/usart.c ****   */
  19:Core/Src/usart.c **** /* USER CODE END Header */
  20:Core/Src/usart.c **** /* Includes ------------------------------------------------------------------*/
  21:Core/Src/usart.c **** #include "usart.h"
  22:Core/Src/usart.c **** 
  23:Core/Src/usart.c **** /* USER CODE BEGIN 0 */
  24:Core/Src/usart.c **** 
  25:Core/Src/usart.c **** /* USER CODE END 0 */
  26:Core/Src/usart.c **** 
  27:Core/Src/usart.c **** UART_HandleTypeDef huart1;
  28:Core/Src/usart.c **** UART_HandleTypeDef huart3;
  29:Core/Src/usart.c **** 
  30:Core/Src/usart.c **** /* USART1 init function */
  31:Core/Src/usart.c **** 
  32:Core/Src/usart.c **** void MX_USART1_UART_Init(void)
ARM GAS  /tmp/cc4w3aOm.s 			page 2


  33:Core/Src/usart.c **** {
  27              		.loc 1 33 1 view -0
  28              		.cfi_startproc
  29              		@ args = 0, pretend = 0, frame = 0
  30              		@ frame_needed = 0, uses_anonymous_args = 0
  31 0000 08B5     		push	{r3, lr}
  32              		.cfi_def_cfa_offset 8
  33              		.cfi_offset 3, -8
  34              		.cfi_offset 14, -4
  34:Core/Src/usart.c **** 
  35:Core/Src/usart.c ****   /* USER CODE BEGIN USART1_Init 0 */
  36:Core/Src/usart.c **** 
  37:Core/Src/usart.c ****   /* USER CODE END USART1_Init 0 */
  38:Core/Src/usart.c **** 
  39:Core/Src/usart.c ****   /* USER CODE BEGIN USART1_Init 1 */
  40:Core/Src/usart.c **** 
  41:Core/Src/usart.c ****   /* USER CODE END USART1_Init 1 */
  42:Core/Src/usart.c ****   huart1.Instance = USART1;
  35              		.loc 1 42 3 view .LVU1
  36              		.loc 1 42 19 is_stmt 0 view .LVU2
  37 0002 0A48     		ldr	r0, .L5
  38 0004 0A4B     		ldr	r3, .L5+4
  39 0006 0360     		str	r3, [r0]
  43:Core/Src/usart.c ****   huart1.Init.BaudRate = 115200;
  40              		.loc 1 43 3 is_stmt 1 view .LVU3
  41              		.loc 1 43 24 is_stmt 0 view .LVU4
  42 0008 4FF4E133 		mov	r3, #115200
  43 000c 4360     		str	r3, [r0, #4]
  44:Core/Src/usart.c ****   huart1.Init.WordLength = UART_WORDLENGTH_8B;
  44              		.loc 1 44 3 is_stmt 1 view .LVU5
  45              		.loc 1 44 26 is_stmt 0 view .LVU6
  46 000e 0023     		movs	r3, #0
  47 0010 8360     		str	r3, [r0, #8]
  45:Core/Src/usart.c ****   huart1.Init.StopBits = UART_STOPBITS_1;
  48              		.loc 1 45 3 is_stmt 1 view .LVU7
  49              		.loc 1 45 24 is_stmt 0 view .LVU8
  50 0012 C360     		str	r3, [r0, #12]
  46:Core/Src/usart.c ****   huart1.Init.Parity = UART_PARITY_NONE;
  51              		.loc 1 46 3 is_stmt 1 view .LVU9
  52              		.loc 1 46 22 is_stmt 0 view .LVU10
  53 0014 0361     		str	r3, [r0, #16]
  47:Core/Src/usart.c ****   huart1.Init.Mode = UART_MODE_TX_RX;
  54              		.loc 1 47 3 is_stmt 1 view .LVU11
  55              		.loc 1 47 20 is_stmt 0 view .LVU12
  56 0016 0C22     		movs	r2, #12
  57 0018 4261     		str	r2, [r0, #20]
  48:Core/Src/usart.c ****   huart1.Init.HwFlowCtl = UART_HWCONTROL_NONE;
  58              		.loc 1 48 3 is_stmt 1 view .LVU13
  59              		.loc 1 48 25 is_stmt 0 view .LVU14
  60 001a 8361     		str	r3, [r0, #24]
  49:Core/Src/usart.c ****   huart1.Init.OverSampling = UART_OVERSAMPLING_16;
  61              		.loc 1 49 3 is_stmt 1 view .LVU15
  62              		.loc 1 49 28 is_stmt 0 view .LVU16
  63 001c C361     		str	r3, [r0, #28]
  50:Core/Src/usart.c ****   if (HAL_UART_Init(&huart1) != HAL_OK)
  64              		.loc 1 50 3 is_stmt 1 view .LVU17
  65              		.loc 1 50 7 is_stmt 0 view .LVU18
ARM GAS  /tmp/cc4w3aOm.s 			page 3


  66 001e FFF7FEFF 		bl	HAL_UART_Init
  67              	.LVL0:
  68              		.loc 1 50 6 view .LVU19
  69 0022 00B9     		cbnz	r0, .L4
  70              	.L1:
  51:Core/Src/usart.c ****   {
  52:Core/Src/usart.c ****     Error_Handler();
  53:Core/Src/usart.c ****   }
  54:Core/Src/usart.c ****   /* USER CODE BEGIN USART1_Init 2 */
  55:Core/Src/usart.c **** 
  56:Core/Src/usart.c ****   /* USER CODE END USART1_Init 2 */
  57:Core/Src/usart.c **** 
  58:Core/Src/usart.c **** }
  71              		.loc 1 58 1 view .LVU20
  72 0024 08BD     		pop	{r3, pc}
  73              	.L4:
  52:Core/Src/usart.c ****   }
  74              		.loc 1 52 5 is_stmt 1 view .LVU21
  75 0026 FFF7FEFF 		bl	Error_Handler
  76              	.LVL1:
  77              		.loc 1 58 1 is_stmt 0 view .LVU22
  78 002a FBE7     		b	.L1
  79              	.L6:
  80              		.align	2
  81              	.L5:
  82 002c 00000000 		.word	.LANCHOR0
  83 0030 00380140 		.word	1073821696
  84              		.cfi_endproc
  85              	.LFE65:
  87              		.section	.text.MX_USART3_UART_Init,"ax",%progbits
  88              		.align	1
  89              		.global	MX_USART3_UART_Init
  90              		.syntax unified
  91              		.thumb
  92              		.thumb_func
  93              		.fpu softvfp
  95              	MX_USART3_UART_Init:
  96              	.LFB66:
  59:Core/Src/usart.c **** /* USART3 init function */
  60:Core/Src/usart.c **** 
  61:Core/Src/usart.c **** void MX_USART3_UART_Init(void)
  62:Core/Src/usart.c **** {
  97              		.loc 1 62 1 is_stmt 1 view -0
  98              		.cfi_startproc
  99              		@ args = 0, pretend = 0, frame = 0
 100              		@ frame_needed = 0, uses_anonymous_args = 0
 101 0000 08B5     		push	{r3, lr}
 102              		.cfi_def_cfa_offset 8
 103              		.cfi_offset 3, -8
 104              		.cfi_offset 14, -4
  63:Core/Src/usart.c **** 
  64:Core/Src/usart.c ****   /* USER CODE BEGIN USART3_Init 0 */
  65:Core/Src/usart.c **** 
  66:Core/Src/usart.c ****   /* USER CODE END USART3_Init 0 */
  67:Core/Src/usart.c **** 
  68:Core/Src/usart.c ****   /* USER CODE BEGIN USART3_Init 1 */
  69:Core/Src/usart.c **** 
ARM GAS  /tmp/cc4w3aOm.s 			page 4


  70:Core/Src/usart.c ****   /* USER CODE END USART3_Init 1 */
  71:Core/Src/usart.c ****   huart3.Instance = USART3;
 105              		.loc 1 71 3 view .LVU24
 106              		.loc 1 71 19 is_stmt 0 view .LVU25
 107 0002 0A48     		ldr	r0, .L11
 108 0004 0A4B     		ldr	r3, .L11+4
 109 0006 0360     		str	r3, [r0]
  72:Core/Src/usart.c ****   huart3.Init.BaudRate = 115200;
 110              		.loc 1 72 3 is_stmt 1 view .LVU26
 111              		.loc 1 72 24 is_stmt 0 view .LVU27
 112 0008 4FF4E133 		mov	r3, #115200
 113 000c 4360     		str	r3, [r0, #4]
  73:Core/Src/usart.c ****   huart3.Init.WordLength = UART_WORDLENGTH_8B;
 114              		.loc 1 73 3 is_stmt 1 view .LVU28
 115              		.loc 1 73 26 is_stmt 0 view .LVU29
 116 000e 0023     		movs	r3, #0
 117 0010 8360     		str	r3, [r0, #8]
  74:Core/Src/usart.c ****   huart3.Init.StopBits = UART_STOPBITS_1;
 118              		.loc 1 74 3 is_stmt 1 view .LVU30
 119              		.loc 1 74 24 is_stmt 0 view .LVU31
 120 0012 C360     		str	r3, [r0, #12]
  75:Core/Src/usart.c ****   huart3.Init.Parity = UART_PARITY_NONE;
 121              		.loc 1 75 3 is_stmt 1 view .LVU32
 122              		.loc 1 75 22 is_stmt 0 view .LVU33
 123 0014 0361     		str	r3, [r0, #16]
  76:Core/Src/usart.c ****   huart3.Init.Mode = UART_MODE_TX_RX;
 124              		.loc 1 76 3 is_stmt 1 view .LVU34
 125              		.loc 1 76 20 is_stmt 0 view .LVU35
 126 0016 0C22     		movs	r2, #12
 127 0018 4261     		str	r2, [r0, #20]
  77:Core/Src/usart.c ****   huart3.Init.HwFlowCtl = UART_HWCONTROL_NONE;
 128              		.loc 1 77 3 is_stmt 1 view .LVU36
 129              		.loc 1 77 25 is_stmt 0 view .LVU37
 130 001a 8361     		str	r3, [r0, #24]
  78:Core/Src/usart.c ****   huart3.Init.OverSampling = UART_OVERSAMPLING_16;
 131              		.loc 1 78 3 is_stmt 1 view .LVU38
 132              		.loc 1 78 28 is_stmt 0 view .LVU39
 133 001c C361     		str	r3, [r0, #28]
  79:Core/Src/usart.c ****   if (HAL_UART_Init(&huart3) != HAL_OK)
 134              		.loc 1 79 3 is_stmt 1 view .LVU40
 135              		.loc 1 79 7 is_stmt 0 view .LVU41
 136 001e FFF7FEFF 		bl	HAL_UART_Init
 137              	.LVL2:
 138              		.loc 1 79 6 view .LVU42
 139 0022 00B9     		cbnz	r0, .L10
 140              	.L7:
  80:Core/Src/usart.c ****   {
  81:Core/Src/usart.c ****     Error_Handler();
  82:Core/Src/usart.c ****   }
  83:Core/Src/usart.c ****   /* USER CODE BEGIN USART3_Init 2 */
  84:Core/Src/usart.c **** 
  85:Core/Src/usart.c ****   /* USER CODE END USART3_Init 2 */
  86:Core/Src/usart.c **** 
  87:Core/Src/usart.c **** }
 141              		.loc 1 87 1 view .LVU43
 142 0024 08BD     		pop	{r3, pc}
 143              	.L10:
ARM GAS  /tmp/cc4w3aOm.s 			page 5


  81:Core/Src/usart.c ****   }
 144              		.loc 1 81 5 is_stmt 1 view .LVU44
 145 0026 FFF7FEFF 		bl	Error_Handler
 146              	.LVL3:
 147              		.loc 1 87 1 is_stmt 0 view .LVU45
 148 002a FBE7     		b	.L7
 149              	.L12:
 150              		.align	2
 151              	.L11:
 152 002c 00000000 		.word	.LANCHOR1
 153 0030 00480040 		.word	1073760256
 154              		.cfi_endproc
 155              	.LFE66:
 157              		.section	.text.HAL_UART_MspInit,"ax",%progbits
 158              		.align	1
 159              		.global	HAL_UART_MspInit
 160              		.syntax unified
 161              		.thumb
 162              		.thumb_func
 163              		.fpu softvfp
 165              	HAL_UART_MspInit:
 166              	.LVL4:
 167              	.LFB67:
  88:Core/Src/usart.c **** 
  89:Core/Src/usart.c **** void HAL_UART_MspInit(UART_HandleTypeDef* uartHandle)
  90:Core/Src/usart.c **** {
 168              		.loc 1 90 1 is_stmt 1 view -0
 169              		.cfi_startproc
 170              		@ args = 0, pretend = 0, frame = 32
 171              		@ frame_needed = 0, uses_anonymous_args = 0
 172              		.loc 1 90 1 is_stmt 0 view .LVU47
 173 0000 10B5     		push	{r4, lr}
 174              		.cfi_def_cfa_offset 8
 175              		.cfi_offset 4, -8
 176              		.cfi_offset 14, -4
 177 0002 88B0     		sub	sp, sp, #32
 178              		.cfi_def_cfa_offset 40
  91:Core/Src/usart.c **** 
  92:Core/Src/usart.c ****   GPIO_InitTypeDef GPIO_InitStruct = {0};
 179              		.loc 1 92 3 is_stmt 1 view .LVU48
 180              		.loc 1 92 20 is_stmt 0 view .LVU49
 181 0004 0023     		movs	r3, #0
 182 0006 0493     		str	r3, [sp, #16]
 183 0008 0593     		str	r3, [sp, #20]
 184 000a 0693     		str	r3, [sp, #24]
 185 000c 0793     		str	r3, [sp, #28]
  93:Core/Src/usart.c ****   if(uartHandle->Instance==USART1)
 186              		.loc 1 93 3 is_stmt 1 view .LVU50
 187              		.loc 1 93 16 is_stmt 0 view .LVU51
 188 000e 0368     		ldr	r3, [r0]
 189              		.loc 1 93 5 view .LVU52
 190 0010 2D4A     		ldr	r2, .L19
 191 0012 9342     		cmp	r3, r2
 192 0014 04D0     		beq	.L17
  94:Core/Src/usart.c ****   {
  95:Core/Src/usart.c ****   /* USER CODE BEGIN USART1_MspInit 0 */
  96:Core/Src/usart.c **** 
ARM GAS  /tmp/cc4w3aOm.s 			page 6


  97:Core/Src/usart.c ****   /* USER CODE END USART1_MspInit 0 */
  98:Core/Src/usart.c ****     /* USART1 clock enable */
  99:Core/Src/usart.c ****     __HAL_RCC_USART1_CLK_ENABLE();
 100:Core/Src/usart.c **** 
 101:Core/Src/usart.c ****     __HAL_RCC_GPIOA_CLK_ENABLE();
 102:Core/Src/usart.c ****     /**USART1 GPIO Configuration
 103:Core/Src/usart.c ****     PA9     ------> USART1_TX
 104:Core/Src/usart.c ****     PA10     ------> USART1_RX
 105:Core/Src/usart.c ****     */
 106:Core/Src/usart.c ****     GPIO_InitStruct.Pin = GPIO_PIN_9;
 107:Core/Src/usart.c ****     GPIO_InitStruct.Mode = GPIO_MODE_AF_PP;
 108:Core/Src/usart.c ****     GPIO_InitStruct.Speed = GPIO_SPEED_FREQ_HIGH;
 109:Core/Src/usart.c ****     HAL_GPIO_Init(GPIOA, &GPIO_InitStruct);
 110:Core/Src/usart.c **** 
 111:Core/Src/usart.c ****     GPIO_InitStruct.Pin = GPIO_PIN_10;
 112:Core/Src/usart.c ****     GPIO_InitStruct.Mode = GPIO_MODE_INPUT;
 113:Core/Src/usart.c ****     GPIO_InitStruct.Pull = GPIO_NOPULL;
 114:Core/Src/usart.c ****     HAL_GPIO_Init(GPIOA, &GPIO_InitStruct);
 115:Core/Src/usart.c **** 
 116:Core/Src/usart.c ****   /* USER CODE BEGIN USART1_MspInit 1 */
 117:Core/Src/usart.c **** 
 118:Core/Src/usart.c ****   /* USER CODE END USART1_MspInit 1 */
 119:Core/Src/usart.c ****   }
 120:Core/Src/usart.c ****   else if(uartHandle->Instance==USART3)
 193              		.loc 1 120 8 is_stmt 1 view .LVU53
 194              		.loc 1 120 10 is_stmt 0 view .LVU54
 195 0016 2D4A     		ldr	r2, .L19+4
 196 0018 9342     		cmp	r3, r2
 197 001a 2BD0     		beq	.L18
 198              	.LVL5:
 199              	.L13:
 121:Core/Src/usart.c ****   {
 122:Core/Src/usart.c ****   /* USER CODE BEGIN USART3_MspInit 0 */
 123:Core/Src/usart.c **** 
 124:Core/Src/usart.c ****   /* USER CODE END USART3_MspInit 0 */
 125:Core/Src/usart.c ****     /* USART3 clock enable */
 126:Core/Src/usart.c ****     __HAL_RCC_USART3_CLK_ENABLE();
 127:Core/Src/usart.c **** 
 128:Core/Src/usart.c ****     __HAL_RCC_GPIOB_CLK_ENABLE();
 129:Core/Src/usart.c ****     /**USART3 GPIO Configuration
 130:Core/Src/usart.c ****     PB10     ------> USART3_TX
 131:Core/Src/usart.c ****     PB11     ------> USART3_RX
 132:Core/Src/usart.c ****     */
 133:Core/Src/usart.c ****     GPIO_InitStruct.Pin = GPIO_PIN_10;
 134:Core/Src/usart.c ****     GPIO_InitStruct.Mode = GPIO_MODE_AF_PP;
 135:Core/Src/usart.c ****     GPIO_InitStruct.Speed = GPIO_SPEED_FREQ_HIGH;
 136:Core/Src/usart.c ****     HAL_GPIO_Init(GPIOB, &GPIO_InitStruct);
 137:Core/Src/usart.c **** 
 138:Core/Src/usart.c ****     GPIO_InitStruct.Pin = GPIO_PIN_11;
 139:Core/Src/usart.c ****     GPIO_InitStruct.Mode = GPIO_MODE_INPUT;
 140:Core/Src/usart.c ****     GPIO_InitStruct.Pull = GPIO_NOPULL;
 141:Core/Src/usart.c ****     HAL_GPIO_Init(GPIOB, &GPIO_InitStruct);
 142:Core/Src/usart.c **** 
 143:Core/Src/usart.c ****   /* USER CODE BEGIN USART3_MspInit 1 */
 144:Core/Src/usart.c **** 
 145:Core/Src/usart.c ****   /* USER CODE END USART3_MspInit 1 */
 146:Core/Src/usart.c ****   }
ARM GAS  /tmp/cc4w3aOm.s 			page 7


 147:Core/Src/usart.c **** }
 200              		.loc 1 147 1 view .LVU55
 201 001c 08B0     		add	sp, sp, #32
 202              		.cfi_remember_state
 203              		.cfi_def_cfa_offset 8
 204              		@ sp needed
 205 001e 10BD     		pop	{r4, pc}
 206              	.LVL6:
 207              	.L17:
 208              		.cfi_restore_state
  99:Core/Src/usart.c **** 
 209              		.loc 1 99 5 is_stmt 1 view .LVU56
 210              	.LBB2:
  99:Core/Src/usart.c **** 
 211              		.loc 1 99 5 view .LVU57
  99:Core/Src/usart.c **** 
 212              		.loc 1 99 5 view .LVU58
 213 0020 2B4B     		ldr	r3, .L19+8
 214 0022 9A69     		ldr	r2, [r3, #24]
 215 0024 42F48042 		orr	r2, r2, #16384
 216 0028 9A61     		str	r2, [r3, #24]
  99:Core/Src/usart.c **** 
 217              		.loc 1 99 5 view .LVU59
 218 002a 9A69     		ldr	r2, [r3, #24]
 219 002c 02F48042 		and	r2, r2, #16384
 220 0030 0092     		str	r2, [sp]
  99:Core/Src/usart.c **** 
 221              		.loc 1 99 5 view .LVU60
 222 0032 009A     		ldr	r2, [sp]
 223              	.LBE2:
  99:Core/Src/usart.c **** 
 224              		.loc 1 99 5 view .LVU61
 101:Core/Src/usart.c ****     /**USART1 GPIO Configuration
 225              		.loc 1 101 5 view .LVU62
 226              	.LBB3:
 101:Core/Src/usart.c ****     /**USART1 GPIO Configuration
 227              		.loc 1 101 5 view .LVU63
 101:Core/Src/usart.c ****     /**USART1 GPIO Configuration
 228              		.loc 1 101 5 view .LVU64
 229 0034 9A69     		ldr	r2, [r3, #24]
 230 0036 42F00402 		orr	r2, r2, #4
 231 003a 9A61     		str	r2, [r3, #24]
 101:Core/Src/usart.c ****     /**USART1 GPIO Configuration
 232              		.loc 1 101 5 view .LVU65
 233 003c 9B69     		ldr	r3, [r3, #24]
 234 003e 03F00403 		and	r3, r3, #4
 235 0042 0193     		str	r3, [sp, #4]
 101:Core/Src/usart.c ****     /**USART1 GPIO Configuration
 236              		.loc 1 101 5 view .LVU66
 237 0044 019B     		ldr	r3, [sp, #4]
 238              	.LBE3:
 101:Core/Src/usart.c ****     /**USART1 GPIO Configuration
 239              		.loc 1 101 5 view .LVU67
 106:Core/Src/usart.c ****     GPIO_InitStruct.Mode = GPIO_MODE_AF_PP;
 240              		.loc 1 106 5 view .LVU68
 106:Core/Src/usart.c ****     GPIO_InitStruct.Mode = GPIO_MODE_AF_PP;
 241              		.loc 1 106 25 is_stmt 0 view .LVU69
ARM GAS  /tmp/cc4w3aOm.s 			page 8


 242 0046 4FF40073 		mov	r3, #512
 243 004a 0493     		str	r3, [sp, #16]
 107:Core/Src/usart.c ****     GPIO_InitStruct.Speed = GPIO_SPEED_FREQ_HIGH;
 244              		.loc 1 107 5 is_stmt 1 view .LVU70
 107:Core/Src/usart.c ****     GPIO_InitStruct.Speed = GPIO_SPEED_FREQ_HIGH;
 245              		.loc 1 107 26 is_stmt 0 view .LVU71
 246 004c 0223     		movs	r3, #2
 247 004e 0593     		str	r3, [sp, #20]
 108:Core/Src/usart.c ****     HAL_GPIO_Init(GPIOA, &GPIO_InitStruct);
 248              		.loc 1 108 5 is_stmt 1 view .LVU72
 108:Core/Src/usart.c ****     HAL_GPIO_Init(GPIOA, &GPIO_InitStruct);
 249              		.loc 1 108 27 is_stmt 0 view .LVU73
 250 0050 0323     		movs	r3, #3
 251 0052 0793     		str	r3, [sp, #28]
 109:Core/Src/usart.c **** 
 252              		.loc 1 109 5 is_stmt 1 view .LVU74
 253 0054 1F4C     		ldr	r4, .L19+12
 254 0056 04A9     		add	r1, sp, #16
 255 0058 2046     		mov	r0, r4
 256              	.LVL7:
 109:Core/Src/usart.c **** 
 257              		.loc 1 109 5 is_stmt 0 view .LVU75
 258 005a FFF7FEFF 		bl	HAL_GPIO_Init
 259              	.LVL8:
 111:Core/Src/usart.c ****     GPIO_InitStruct.Mode = GPIO_MODE_INPUT;
 260              		.loc 1 111 5 is_stmt 1 view .LVU76
 111:Core/Src/usart.c ****     GPIO_InitStruct.Mode = GPIO_MODE_INPUT;
 261              		.loc 1 111 25 is_stmt 0 view .LVU77
 262 005e 4FF48063 		mov	r3, #1024
 263 0062 0493     		str	r3, [sp, #16]
 112:Core/Src/usart.c ****     GPIO_InitStruct.Pull = GPIO_NOPULL;
 264              		.loc 1 112 5 is_stmt 1 view .LVU78
 112:Core/Src/usart.c ****     GPIO_InitStruct.Pull = GPIO_NOPULL;
 265              		.loc 1 112 26 is_stmt 0 view .LVU79
 266 0064 0023     		movs	r3, #0
 267 0066 0593     		str	r3, [sp, #20]
 113:Core/Src/usart.c ****     HAL_GPIO_Init(GPIOA, &GPIO_InitStruct);
 268              		.loc 1 113 5 is_stmt 1 view .LVU80
 113:Core/Src/usart.c ****     HAL_GPIO_Init(GPIOA, &GPIO_InitStruct);
 269              		.loc 1 113 26 is_stmt 0 view .LVU81
 270 0068 0693     		str	r3, [sp, #24]
 114:Core/Src/usart.c **** 
 271              		.loc 1 114 5 is_stmt 1 view .LVU82
 272 006a 04A9     		add	r1, sp, #16
 273 006c 2046     		mov	r0, r4
 274 006e FFF7FEFF 		bl	HAL_GPIO_Init
 275              	.LVL9:
 276 0072 D3E7     		b	.L13
 277              	.LVL10:
 278              	.L18:
 126:Core/Src/usart.c **** 
 279              		.loc 1 126 5 view .LVU83
 280              	.LBB4:
 126:Core/Src/usart.c **** 
 281              		.loc 1 126 5 view .LVU84
 126:Core/Src/usart.c **** 
 282              		.loc 1 126 5 view .LVU85
ARM GAS  /tmp/cc4w3aOm.s 			page 9


 283 0074 164B     		ldr	r3, .L19+8
 284 0076 DA69     		ldr	r2, [r3, #28]
 285 0078 42F48022 		orr	r2, r2, #262144
 286 007c DA61     		str	r2, [r3, #28]
 126:Core/Src/usart.c **** 
 287              		.loc 1 126 5 view .LVU86
 288 007e DA69     		ldr	r2, [r3, #28]
 289 0080 02F48022 		and	r2, r2, #262144
 290 0084 0292     		str	r2, [sp, #8]
 126:Core/Src/usart.c **** 
 291              		.loc 1 126 5 view .LVU87
 292 0086 029A     		ldr	r2, [sp, #8]
 293              	.LBE4:
 126:Core/Src/usart.c **** 
 294              		.loc 1 126 5 view .LVU88
 128:Core/Src/usart.c ****     /**USART3 GPIO Configuration
 295              		.loc 1 128 5 view .LVU89
 296              	.LBB5:
 128:Core/Src/usart.c ****     /**USART3 GPIO Configuration
 297              		.loc 1 128 5 view .LVU90
 128:Core/Src/usart.c ****     /**USART3 GPIO Configuration
 298              		.loc 1 128 5 view .LVU91
 299 0088 9A69     		ldr	r2, [r3, #24]
 300 008a 42F00802 		orr	r2, r2, #8
 301 008e 9A61     		str	r2, [r3, #24]
 128:Core/Src/usart.c ****     /**USART3 GPIO Configuration
 302              		.loc 1 128 5 view .LVU92
 303 0090 9B69     		ldr	r3, [r3, #24]
 304 0092 03F00803 		and	r3, r3, #8
 305 0096 0393     		str	r3, [sp, #12]
 128:Core/Src/usart.c ****     /**USART3 GPIO Configuration
 306              		.loc 1 128 5 view .LVU93
 307 0098 039B     		ldr	r3, [sp, #12]
 308              	.LBE5:
 128:Core/Src/usart.c ****     /**USART3 GPIO Configuration
 309              		.loc 1 128 5 view .LVU94
 133:Core/Src/usart.c ****     GPIO_InitStruct.Mode = GPIO_MODE_AF_PP;
 310              		.loc 1 133 5 view .LVU95
 133:Core/Src/usart.c ****     GPIO_InitStruct.Mode = GPIO_MODE_AF_PP;
 311              		.loc 1 133 25 is_stmt 0 view .LVU96
 312 009a 4FF48063 		mov	r3, #1024
 313 009e 0493     		str	r3, [sp, #16]
 134:Core/Src/usart.c ****     GPIO_InitStruct.Speed = GPIO_SPEED_FREQ_HIGH;
 314              		.loc 1 134 5 is_stmt 1 view .LVU97
 134:Core/Src/usart.c ****     GPIO_InitStruct.Speed = GPIO_SPEED_FREQ_HIGH;
 315              		.loc 1 134 26 is_stmt 0 view .LVU98
 316 00a0 0223     		movs	r3, #2
 317 00a2 0593     		str	r3, [sp, #20]
 135:Core/Src/usart.c ****     HAL_GPIO_Init(GPIOB, &GPIO_InitStruct);
 318              		.loc 1 135 5 is_stmt 1 view .LVU99
 135:Core/Src/usart.c ****     HAL_GPIO_Init(GPIOB, &GPIO_InitStruct);
 319              		.loc 1 135 27 is_stmt 0 view .LVU100
 320 00a4 0323     		movs	r3, #3
 321 00a6 0793     		str	r3, [sp, #28]
 136:Core/Src/usart.c **** 
 322              		.loc 1 136 5 is_stmt 1 view .LVU101
 323 00a8 0B4C     		ldr	r4, .L19+16
ARM GAS  /tmp/cc4w3aOm.s 			page 10


 324 00aa 04A9     		add	r1, sp, #16
 325 00ac 2046     		mov	r0, r4
 326              	.LVL11:
 136:Core/Src/usart.c **** 
 327              		.loc 1 136 5 is_stmt 0 view .LVU102
 328 00ae FFF7FEFF 		bl	HAL_GPIO_Init
 329              	.LVL12:
 138:Core/Src/usart.c ****     GPIO_InitStruct.Mode = GPIO_MODE_INPUT;
 330              		.loc 1 138 5 is_stmt 1 view .LVU103
 138:Core/Src/usart.c ****     GPIO_InitStruct.Mode = GPIO_MODE_INPUT;
 331              		.loc 1 138 25 is_stmt 0 view .LVU104
 332 00b2 4FF40063 		mov	r3, #2048
 333 00b6 0493     		str	r3, [sp, #16]
 139:Core/Src/usart.c ****     GPIO_InitStruct.Pull = GPIO_NOPULL;
 334              		.loc 1 139 5 is_stmt 1 view .LVU105
 139:Core/Src/usart.c ****     GPIO_InitStruct.Pull = GPIO_NOPULL;
 335              		.loc 1 139 26 is_stmt 0 view .LVU106
 336 00b8 0023     		movs	r3, #0
 337 00ba 0593     		str	r3, [sp, #20]
 140:Core/Src/usart.c ****     HAL_GPIO_Init(GPIOB, &GPIO_InitStruct);
 338              		.loc 1 140 5 is_stmt 1 view .LVU107
 140:Core/Src/usart.c ****     HAL_GPIO_Init(GPIOB, &GPIO_InitStruct);
 339              		.loc 1 140 26 is_stmt 0 view .LVU108
 340 00bc 0693     		str	r3, [sp, #24]
 141:Core/Src/usart.c **** 
 341              		.loc 1 141 5 is_stmt 1 view .LVU109
 342 00be 04A9     		add	r1, sp, #16
 343 00c0 2046     		mov	r0, r4
 344 00c2 FFF7FEFF 		bl	HAL_GPIO_Init
 345              	.LVL13:
 346              		.loc 1 147 1 is_stmt 0 view .LVU110
 347 00c6 A9E7     		b	.L13
 348              	.L20:
 349              		.align	2
 350              	.L19:
 351 00c8 00380140 		.word	1073821696
 352 00cc 00480040 		.word	1073760256
 353 00d0 00100240 		.word	1073876992
 354 00d4 00080140 		.word	1073809408
 355 00d8 000C0140 		.word	1073810432
 356              		.cfi_endproc
 357              	.LFE67:
 359              		.section	.text.HAL_UART_MspDeInit,"ax",%progbits
 360              		.align	1
 361              		.global	HAL_UART_MspDeInit
 362              		.syntax unified
 363              		.thumb
 364              		.thumb_func
 365              		.fpu softvfp
 367              	HAL_UART_MspDeInit:
 368              	.LVL14:
 369              	.LFB68:
 148:Core/Src/usart.c **** 
 149:Core/Src/usart.c **** void HAL_UART_MspDeInit(UART_HandleTypeDef* uartHandle)
 150:Core/Src/usart.c **** {
 370              		.loc 1 150 1 is_stmt 1 view -0
 371              		.cfi_startproc
ARM GAS  /tmp/cc4w3aOm.s 			page 11


 372              		@ args = 0, pretend = 0, frame = 0
 373              		@ frame_needed = 0, uses_anonymous_args = 0
 374              		.loc 1 150 1 is_stmt 0 view .LVU112
 375 0000 08B5     		push	{r3, lr}
 376              		.cfi_def_cfa_offset 8
 377              		.cfi_offset 3, -8
 378              		.cfi_offset 14, -4
 151:Core/Src/usart.c **** 
 152:Core/Src/usart.c ****   if(uartHandle->Instance==USART1)
 379              		.loc 1 152 3 is_stmt 1 view .LVU113
 380              		.loc 1 152 16 is_stmt 0 view .LVU114
 381 0002 0368     		ldr	r3, [r0]
 382              		.loc 1 152 5 view .LVU115
 383 0004 0F4A     		ldr	r2, .L27
 384 0006 9342     		cmp	r3, r2
 385 0008 03D0     		beq	.L25
 153:Core/Src/usart.c ****   {
 154:Core/Src/usart.c ****   /* USER CODE BEGIN USART1_MspDeInit 0 */
 155:Core/Src/usart.c **** 
 156:Core/Src/usart.c ****   /* USER CODE END USART1_MspDeInit 0 */
 157:Core/Src/usart.c ****     /* Peripheral clock disable */
 158:Core/Src/usart.c ****     __HAL_RCC_USART1_CLK_DISABLE();
 159:Core/Src/usart.c **** 
 160:Core/Src/usart.c ****     /**USART1 GPIO Configuration
 161:Core/Src/usart.c ****     PA9     ------> USART1_TX
 162:Core/Src/usart.c ****     PA10     ------> USART1_RX
 163:Core/Src/usart.c ****     */
 164:Core/Src/usart.c ****     HAL_GPIO_DeInit(GPIOA, GPIO_PIN_9|GPIO_PIN_10);
 165:Core/Src/usart.c **** 
 166:Core/Src/usart.c ****   /* USER CODE BEGIN USART1_MspDeInit 1 */
 167:Core/Src/usart.c **** 
 168:Core/Src/usart.c ****   /* USER CODE END USART1_MspDeInit 1 */
 169:Core/Src/usart.c ****   }
 170:Core/Src/usart.c ****   else if(uartHandle->Instance==USART3)
 386              		.loc 1 170 8 is_stmt 1 view .LVU116
 387              		.loc 1 170 10 is_stmt 0 view .LVU117
 388 000a 0F4A     		ldr	r2, .L27+4
 389 000c 9342     		cmp	r3, r2
 390 000e 0CD0     		beq	.L26
 391              	.LVL15:
 392              	.L21:
 171:Core/Src/usart.c ****   {
 172:Core/Src/usart.c ****   /* USER CODE BEGIN USART3_MspDeInit 0 */
 173:Core/Src/usart.c **** 
 174:Core/Src/usart.c ****   /* USER CODE END USART3_MspDeInit 0 */
 175:Core/Src/usart.c ****     /* Peripheral clock disable */
 176:Core/Src/usart.c ****     __HAL_RCC_USART3_CLK_DISABLE();
 177:Core/Src/usart.c **** 
 178:Core/Src/usart.c ****     /**USART3 GPIO Configuration
 179:Core/Src/usart.c ****     PB10     ------> USART3_TX
 180:Core/Src/usart.c ****     PB11     ------> USART3_RX
 181:Core/Src/usart.c ****     */
 182:Core/Src/usart.c ****     HAL_GPIO_DeInit(GPIOB, GPIO_PIN_10|GPIO_PIN_11);
 183:Core/Src/usart.c **** 
 184:Core/Src/usart.c ****   /* USER CODE BEGIN USART3_MspDeInit 1 */
 185:Core/Src/usart.c **** 
 186:Core/Src/usart.c ****   /* USER CODE END USART3_MspDeInit 1 */
ARM GAS  /tmp/cc4w3aOm.s 			page 12


 187:Core/Src/usart.c ****   }
 188:Core/Src/usart.c **** }
 393              		.loc 1 188 1 view .LVU118
 394 0010 08BD     		pop	{r3, pc}
 395              	.LVL16:
 396              	.L25:
 158:Core/Src/usart.c **** 
 397              		.loc 1 158 5 is_stmt 1 view .LVU119
 398 0012 02F55842 		add	r2, r2, #55296
 399 0016 9369     		ldr	r3, [r2, #24]
 400 0018 23F48043 		bic	r3, r3, #16384
 401 001c 9361     		str	r3, [r2, #24]
 164:Core/Src/usart.c **** 
 402              		.loc 1 164 5 view .LVU120
 403 001e 4FF4C061 		mov	r1, #1536
 404 0022 0A48     		ldr	r0, .L27+8
 405              	.LVL17:
 164:Core/Src/usart.c **** 
 406              		.loc 1 164 5 is_stmt 0 view .LVU121
 407 0024 FFF7FEFF 		bl	HAL_GPIO_DeInit
 408              	.LVL18:
 409 0028 F2E7     		b	.L21
 410              	.LVL19:
 411              	.L26:
 176:Core/Src/usart.c **** 
 412              		.loc 1 176 5 is_stmt 1 view .LVU122
 413 002a 02F5E432 		add	r2, r2, #116736
 414 002e D369     		ldr	r3, [r2, #28]
 415 0030 23F48023 		bic	r3, r3, #262144
 416 0034 D361     		str	r3, [r2, #28]
 182:Core/Src/usart.c **** 
 417              		.loc 1 182 5 view .LVU123
 418 0036 4FF44061 		mov	r1, #3072
 419 003a 0548     		ldr	r0, .L27+12
 420              	.LVL20:
 182:Core/Src/usart.c **** 
 421              		.loc 1 182 5 is_stmt 0 view .LVU124
 422 003c FFF7FEFF 		bl	HAL_GPIO_DeInit
 423              	.LVL21:
 424              		.loc 1 188 1 view .LVU125
 425 0040 E6E7     		b	.L21
 426              	.L28:
 427 0042 00BF     		.align	2
 428              	.L27:
 429 0044 00380140 		.word	1073821696
 430 0048 00480040 		.word	1073760256
 431 004c 00080140 		.word	1073809408
 432 0050 000C0140 		.word	1073810432
 433              		.cfi_endproc
 434              	.LFE68:
 436              		.global	huart3
 437              		.global	huart1
 438              		.section	.bss.huart1,"aw",%nobits
 439              		.align	2
 440              		.set	.LANCHOR0,. + 0
 443              	huart1:
 444 0000 00000000 		.space	68
ARM GAS  /tmp/cc4w3aOm.s 			page 13


 444      00000000 
 444      00000000 
 444      00000000 
 444      00000000 
 445              		.section	.bss.huart3,"aw",%nobits
 446              		.align	2
 447              		.set	.LANCHOR1,. + 0
 450              	huart3:
 451 0000 00000000 		.space	68
 451      00000000 
 451      00000000 
 451      00000000 
 451      00000000 
 452              		.text
 453              	.Letext0:
 454              		.file 2 "/usr/lib/gcc/arm-none-eabi/10.3.1/include/stdint.h"
 455              		.file 3 "Drivers/CMSIS/Device/ST/STM32F1xx/Include/stm32f103xb.h"
 456              		.file 4 "Drivers/STM32F1xx_HAL_Driver/Inc/stm32f1xx_hal_def.h"
 457              		.file 5 "Drivers/STM32F1xx_HAL_Driver/Inc/stm32f1xx_hal_gpio.h"
 458              		.file 6 "Drivers/STM32F1xx_HAL_Driver/Inc/stm32f1xx_hal_dma.h"
 459              		.file 7 "Drivers/STM32F1xx_HAL_Driver/Inc/stm32f1xx_hal_uart.h"
 460              		.file 8 "Core/Inc/usart.h"
 461              		.file 9 "Core/Inc/main.h"
ARM GAS  /tmp/cc4w3aOm.s 			page 14


DEFINED SYMBOLS
                            *ABS*:0000000000000000 usart.c
     /tmp/cc4w3aOm.s:16     .text.MX_USART1_UART_Init:0000000000000000 $t
     /tmp/cc4w3aOm.s:24     .text.MX_USART1_UART_Init:0000000000000000 MX_USART1_UART_Init
     /tmp/cc4w3aOm.s:82     .text.MX_USART1_UART_Init:000000000000002c $d
     /tmp/cc4w3aOm.s:88     .text.MX_USART3_UART_Init:0000000000000000 $t
     /tmp/cc4w3aOm.s:95     .text.MX_USART3_UART_Init:0000000000000000 MX_USART3_UART_Init
     /tmp/cc4w3aOm.s:152    .text.MX_USART3_UART_Init:000000000000002c $d
     /tmp/cc4w3aOm.s:158    .text.HAL_UART_MspInit:0000000000000000 $t
     /tmp/cc4w3aOm.s:165    .text.HAL_UART_MspInit:0000000000000000 HAL_UART_MspInit
     /tmp/cc4w3aOm.s:351    .text.HAL_UART_MspInit:00000000000000c8 $d
     /tmp/cc4w3aOm.s:360    .text.HAL_UART_MspDeInit:0000000000000000 $t
     /tmp/cc4w3aOm.s:367    .text.HAL_UART_MspDeInit:0000000000000000 HAL_UART_MspDeInit
     /tmp/cc4w3aOm.s:429    .text.HAL_UART_MspDeInit:0000000000000044 $d
     /tmp/cc4w3aOm.s:450    .bss.huart3:0000000000000000 huart3
     /tmp/cc4w3aOm.s:443    .bss.huart1:0000000000000000 huart1
     /tmp/cc4w3aOm.s:439    .bss.huart1:0000000000000000 $d
     /tmp/cc4w3aOm.s:446    .bss.huart3:0000000000000000 $d

UNDEFINED SYMBOLS
HAL_UART_Init
Error_Handler
HAL_GPIO_Init
HAL_GPIO_DeInit
